[2021-11-20T18:26:55.057] [INFO] responseLog - 
*************** response log start ***************
request method: GET
request originalUrl:  /
request client ip:  null
request query:  {}
response time: 10
response status: 404
response body: 
{}
*************** response log end ***************

[2021-11-20T18:27:49.407] [INFO] responseLog - 
*************** response log start ***************
request method: POST
request originalUrl:  /user/login
request client ip:  null
request body: 
{"us":"ceshi@ceshi.com","ps":"ceshi"}
response time: 7
response status: 200
response body: 
{"us":"ceshi@ceshi.com","ps":"ceshi"}
*************** response log end ***************

[2021-11-20T18:28:21.231] [INFO] responseLog - 
*************** response log start ***************
request method: POST
request originalUrl:  /user/login
request client ip:  null
request body: 
{"us":"ceshi@ceshi.com","ps":"ceshi"}
response time: 1
response status: 200
response body: 
{"us":"ceshi@ceshi.com","ps":"ceshi"}
*************** response log end ***************

[2021-11-20T18:28:23.327] [INFO] responseLog - 
*************** response log start ***************
request method: POST
request originalUrl:  /user/login
request client ip:  null
request body: 
{"us":"ceshi@ceshi.com","ps":"ceshi"}
response time: 2
response status: 200
response body: 
{"us":"ceshi@ceshi.com","ps":"ceshi"}
*************** response log end ***************

[2021-11-20T18:28:25.205] [INFO] responseLog - 
*************** response log start ***************
request method: POST
request originalUrl:  /user/login
request client ip:  null
request body: 
{"us":"ceshi@ceshi.com","ps":"ceshi"}
response time: 0
response status: 200
response body: 
{"us":"ceshi@ceshi.com","ps":"ceshi"}
*************** response log end ***************

[2021-11-20T18:28:32.979] [INFO] responseLog - 
*************** response log start ***************
request method: POST
request originalUrl:  /user/login
request client ip:  null
request body: 
{"us":"ceshi@ceshi.com","ps":"ceshi"}
response time: 0
response status: 200
response body: 
{"us":"ceshi@ceshi.com","ps":"ceshi"}
*************** response log end ***************

[2021-11-20T18:28:38.835] [INFO] responseLog - 
*************** response log start ***************
request method: POST
request originalUrl:  /user/login
request client ip:  null
request body: 
{"us":"ceshi@ceshi.com","ps":"ceshi"}
response time: 1
response status: 200
response body: 
{"us":"ceshi@ceshi.com","ps":"ceshi"}
*************** response log end ***************

[2021-11-20T18:28:39.759] [INFO] responseLog - 
*************** response log start ***************
request method: POST
request originalUrl:  /user/login
request client ip:  null
request body: 
{"us":"ceshi@ceshi.com","ps":"ceshi"}
response time: 1
response status: 200
response body: 
{"us":"ceshi@ceshi.com","ps":"ceshi"}
*************** response log end ***************

[2021-11-20T18:28:42.402] [INFO] responseLog - 
*************** response log start ***************
request method: POST
request originalUrl:  /food/page
request client ip:  null
request body: 
{"pageSize":100000}
response time: 1
response status: 200
response body: 
{"pageSize":100000}
*************** response log end ***************

[2021-11-20T18:28:45.300] [INFO] responseLog - 
*************** response log start ***************
request method: POST
request originalUrl:  /user/login
request client ip:  null
request body: 
{"us":"ceshi@ceshi.com","ps":"ceshi"}
response time: 0
response status: 200
response body: 
{"us":"ceshi@ceshi.com","ps":"ceshi"}
*************** response log end ***************

[2021-11-20T18:28:45.404] [INFO] responseLog - 
*************** response log start ***************
request method: POST
request originalUrl:  /food/page
request client ip:  null
request body: 
{"pageSize":100000}
response time: 1
response status: 200
response body: 
{"pageSize":100000}
*************** response log end ***************

[2021-11-20T18:28:49.821] [INFO] responseLog - 
*************** response log start ***************
request method: POST
request originalUrl:  /user/login
request client ip:  null
request body: 
{"us":"ceshi@ceshi.com","ps":"ceshi"}
response time: 0
response status: 200
response body: 
{"us":"ceshi@ceshi.com","ps":"ceshi"}
*************** response log end ***************

[2021-11-20T18:28:50.861] [INFO] responseLog - 
*************** response log start ***************
request method: POST
request originalUrl:  /user/login
request client ip:  null
request body: 
{"us":"ceshi@ceshi.com","ps":"ceshi"}
response time: 0
response status: 200
response body: 
{"us":"ceshi@ceshi.com","ps":"ceshi"}
*************** response log end ***************

[2021-11-20T18:28:51.227] [INFO] responseLog - 
*************** response log start ***************
request method: POST
request originalUrl:  /user/login
request client ip:  null
request body: 
{"us":"ceshi@ceshi.com","ps":"ceshi"}
response time: 0
response status: 200
response body: 
{"us":"ceshi@ceshi.com","ps":"ceshi"}
*************** response log end ***************

[2021-11-20T18:28:51.477] [INFO] responseLog - 
*************** response log start ***************
request method: POST
request originalUrl:  /user/login
request client ip:  null
request body: 
{"us":"ceshi@ceshi.com","ps":"ceshi"}
response time: 1
response status: 200
response body: 
{"us":"ceshi@ceshi.com","ps":"ceshi"}
*************** response log end ***************

[2021-11-20T18:28:51.791] [INFO] responseLog - 
*************** response log start ***************
request method: POST
request originalUrl:  /user/login
request client ip:  null
request body: 
{"us":"ceshi@ceshi.com","ps":"ceshi"}
response time: 0
response status: 200
response body: 
{"us":"ceshi@ceshi.com","ps":"ceshi"}
*************** response log end ***************

[2021-11-20T18:28:55.113] [INFO] responseLog - 
*************** response log start ***************
request method: POST
request originalUrl:  /user/login
request client ip:  null
request body: 
{"us":"ceshi@ceshi.com","ps":"ceshi"}
response time: 0
response status: 200
response body: 
{"us":"ceshi@ceshi.com","ps":"ceshi"}
*************** response log end ***************

[2021-11-20T18:31:01.262] [INFO] responseLog - 
*************** response log start ***************
request method: POST
request originalUrl:  /user/login
request client ip:  null
request body: 
{"us":"ceshi@ceshi.com","ps":"ceshi"}
response time: 7
response status: 200
response body: 
{"us":"ceshi@ceshi.com","ps":"ceshi"}
*************** response log end ***************

[2021-11-20T18:31:11.574] [INFO] responseLog - 
*************** response log start ***************
request method: POST
request originalUrl:  /user/login
request client ip:  null
request body: 
{"us":"ceshi@ceshi.com","ps":"ceshi"}
response time: 0
response status: 200
response body: 
{"us":"ceshi@ceshi.com","ps":"ceshi"}
*************** response log end ***************

[2021-11-20T18:31:21.837] [INFO] responseLog - 
*************** response log start ***************
request method: POST
request originalUrl:  /user/login
request client ip:  null
request body: 
{"us":"ceshi@ceshi.com","ps":"ceshi"}
response time: 1
response status: 200
response body: 
{"us":"ceshi@ceshi.com","ps":"ceshi"}
*************** response log end ***************

[2021-11-20T18:32:48.356] [INFO] responseLog - 
*************** response log start ***************
request method: POST
request originalUrl:  /user/login
request client ip:  null
request body: 
{"us":"ceshi@ceshi.com","ps":"ceshi"}
response time: 1
response status: 200
response body: 
{"us":"ceshi@ceshi.com","ps":"ceshi"}
*************** response log end ***************

[2021-11-20T18:32:58.942] [INFO] responseLog - 
*************** response log start ***************
request method: POST
request originalUrl:  /user/login
request client ip:  null
request body: 
{"us":"ceshi@ceshi.com","ps":"ceshi"}
response time: 1
response status: 200
response body: 
{"us":"ceshi@ceshi.com","ps":"ceshi"}
*************** response log end ***************

[2021-11-20T18:33:01.241] [INFO] responseLog - 
*************** response log start ***************
request method: POST
request originalUrl:  /user/login
request client ip:  null
request body: 
{"us":"ceshi@ceshi.com","ps":"ceshi"}
response time: 1
response status: 200
response body: 
{"us":"ceshi@ceshi.com","ps":"ceshi"}
*************** response log end ***************

[2021-11-20T18:33:01.256] [INFO] responseLog - 
*************** response log start ***************
request method: POST
request originalUrl:  /user/login
request client ip:  null
request body: 
{"us":"ceshi@ceshi.com","ps":"ceshi"}
response time: 0
response status: 200
response body: 
{"us":"ceshi@ceshi.com","ps":"ceshi"}
*************** response log end ***************

[2021-11-20T18:33:11.581] [INFO] responseLog - 
*************** response log start ***************
request method: POST
request originalUrl:  /user/login
request client ip:  null
request body: 
{"us":"ceshi@ceshi.com","ps":"ceshi"}
response time: 1
response status: 200
response body: 
{"us":"ceshi@ceshi.com","ps":"ceshi"}
*************** response log end ***************

[2021-11-20T18:33:21.840] [INFO] responseLog - 
*************** response log start ***************
request method: POST
request originalUrl:  /user/login
request client ip:  null
request body: 
{"us":"ceshi@ceshi.com","ps":"ceshi"}
response time: 0
response status: 200
response body: 
{"us":"ceshi@ceshi.com","ps":"ceshi"}
*************** response log end ***************

[2021-11-20T18:34:48.364] [INFO] responseLog - 
*************** response log start ***************
request method: POST
request originalUrl:  /user/login
request client ip:  null
request body: 
{"us":"ceshi@ceshi.com","ps":"ceshi"}
response time: 1
response status: 200
response body: 
{"us":"ceshi@ceshi.com","ps":"ceshi"}
*************** response log end ***************

[2021-11-20T18:34:58.954] [INFO] responseLog - 
*************** response log start ***************
request method: POST
request originalUrl:  /user/login
request client ip:  null
request body: 
{"us":"ceshi@ceshi.com","ps":"ceshi"}
response time: 0
response status: 200
response body: 
{"us":"ceshi@ceshi.com","ps":"ceshi"}
*************** response log end ***************

[2021-11-20T18:35:01.246] [INFO] responseLog - 
*************** response log start ***************
request method: POST
request originalUrl:  /user/login
request client ip:  null
request body: 
{"us":"ceshi@ceshi.com","ps":"ceshi"}
response time: 1
response status: 200
response body: 
{"us":"ceshi@ceshi.com","ps":"ceshi"}
*************** response log end ***************

[2021-11-20T18:35:01.260] [INFO] responseLog - 
*************** response log start ***************
request method: POST
request originalUrl:  /user/login
request client ip:  null
request body: 
{"us":"ceshi@ceshi.com","ps":"ceshi"}
response time: 0
response status: 200
response body: 
{"us":"ceshi@ceshi.com","ps":"ceshi"}
*************** response log end ***************

[2021-11-20T18:35:11.585] [INFO] responseLog - 
*************** response log start ***************
request method: POST
request originalUrl:  /user/login
request client ip:  null
request body: 
{"us":"ceshi@ceshi.com","ps":"ceshi"}
response time: 0
response status: 200
response body: 
{"us":"ceshi@ceshi.com","ps":"ceshi"}
*************** response log end ***************

[2021-11-20T18:35:21.848] [INFO] responseLog - 
*************** response log start ***************
request method: POST
request originalUrl:  /user/login
request client ip:  null
request body: 
{"us":"ceshi@ceshi.com","ps":"ceshi"}
response time: 0
response status: 200
response body: 
{"us":"ceshi@ceshi.com","ps":"ceshi"}
*************** response log end ***************

[2021-11-20T18:36:50.575] [INFO] responseLog - 
*************** response log start ***************
request method: POST
request originalUrl:  /user/login
request client ip:  null
request body: 
{"us":"ceshi@ceshi.com","ps":"ceshi"}
response time: 8
response status: 200
response body: 
{"us":"ceshi@ceshi.com","ps":"ceshi"}
*************** response log end ***************

[2021-11-20T18:37:51.900] [INFO] responseLog - 
*************** response log start ***************
request method: POST
request originalUrl:  /user/login
request client ip:  null
request body: 
{"us":"ceshi@ceshi.com","ps":"ceshi"}
response time: 2
response status: 200
response body: 
{"us":"ceshi@ceshi.com","ps":"ceshi"}
*************** response log end ***************

[2021-11-20T18:37:53.508] [INFO] responseLog - 
*************** response log start ***************
request method: POST
request originalUrl:  /user/login
request client ip:  null
request body: 
{"us":"ceshi@ceshi.com","ps":"ceshi"}
response time: 0
response status: 200
response body: 
{"us":"ceshi@ceshi.com","ps":"ceshi"}
*************** response log end ***************

[2021-11-20T18:38:22.086] [INFO] responseLog - 
*************** response log start ***************
request method: POST
request originalUrl:  /user/login
request client ip:  null
request body: 
{"us":"ceshi@ceshi.com","ps":"ceshi"}
response time: 7
response status: 200
response body: 
{"us":"ceshi@ceshi.com","ps":"ceshi"}
*************** response log end ***************

[2021-11-20T18:38:25.695] [INFO] responseLog - 
*************** response log start ***************
request method: POST
request originalUrl:  /user/login
request client ip:  null
request body: 
{"us":"ceshi@ceshi.com","ps":"ceshi"}
response time: 1
response status: 200
response body: 
{"us":"ceshi@ceshi.com","ps":"ceshi"}
*************** response log end ***************

[2021-11-20T18:38:27.158] [INFO] responseLog - 
*************** response log start ***************
request method: POST
request originalUrl:  /user/login
request client ip:  null
request body: 
{"us":"ceshi@ceshi.com","ps":"ceshi"}
response time: 0
response status: 200
response body: 
{"us":"ceshi@ceshi.com","ps":"ceshi"}
*************** response log end ***************

[2021-11-20T18:38:27.692] [INFO] responseLog - 
*************** response log start ***************
request method: POST
request originalUrl:  /user/login
request client ip:  null
request body: 
{"us":"ceshi@ceshi.com","ps":"ceshi"}
response time: 0
response status: 200
response body: 
{"us":"ceshi@ceshi.com","ps":"ceshi"}
*************** response log end ***************

[2021-11-20T18:38:27.958] [INFO] responseLog - 
*************** response log start ***************
request method: POST
request originalUrl:  /user/login
request client ip:  null
request body: 
{"us":"ceshi@ceshi.com","ps":"ceshi"}
response time: 1
response status: 200
response body: 
{"us":"ceshi@ceshi.com","ps":"ceshi"}
*************** response log end ***************

[2021-11-20T18:38:28.181] [INFO] responseLog - 
*************** response log start ***************
request method: POST
request originalUrl:  /user/login
request client ip:  null
request body: 
{"us":"ceshi@ceshi.com","ps":"ceshi"}
response time: 0
response status: 200
response body: 
{"us":"ceshi@ceshi.com","ps":"ceshi"}
*************** response log end ***************

[2021-11-20T18:38:31.336] [INFO] responseLog - 
*************** response log start ***************
request method: POST
request originalUrl:  /user/login
request client ip:  null
request body: 
{"us":"ceshi@ceshi.com","ps":"ceshi"}
response time: 0
response status: 200
response body: 
{"us":"ceshi@ceshi.com","ps":"ceshi"}
*************** response log end ***************

[2021-11-20T18:38:32.142] [INFO] responseLog - 
*************** response log start ***************
request method: POST
request originalUrl:  /user/login
request client ip:  null
request body: 
{"us":"ceshi@ceshi.com","ps":"ceshi"}
response time: 0
response status: 200
response body: 
{"us":"ceshi@ceshi.com","ps":"ceshi"}
*************** response log end ***************

[2021-11-20T18:40:31.342] [INFO] responseLog - 
*************** response log start ***************
request method: POST
request originalUrl:  /user/login
request client ip:  null
request body: 
{"us":"ceshi@ceshi.com","ps":"ceshi"}
response time: 0
response status: 200
response body: 
{"us":"ceshi@ceshi.com","ps":"ceshi"}
*************** response log end ***************

[2021-11-20T18:40:32.145] [INFO] responseLog - 
*************** response log start ***************
request method: POST
request originalUrl:  /user/login
request client ip:  null
request body: 
{"us":"ceshi@ceshi.com","ps":"ceshi"}
response time: 0
response status: 200
response body: 
{"us":"ceshi@ceshi.com","ps":"ceshi"}
*************** response log end ***************

[2021-11-20T18:50:29.191] [INFO] responseLog - 
*************** response log start ***************
request method: POST
request originalUrl:  /user/login
request client ip:  null
request body: 
{"us":"ceshi@ceshi.com","ps":"ceshi"}
response time: 1
response status: 200
response body: 
{"us":"ceshi@ceshi.com","ps":"ceshi"}
*************** response log end ***************

[2021-11-20T18:50:33.531] [INFO] responseLog - 
*************** response log start ***************
request method: POST
request originalUrl:  /user/login
request client ip:  null
request body: 
{"us":"ceshi@ceshi.com","ps":"ceshi"}
response time: 1
response status: 200
response body: 
{"us":"ceshi@ceshi.com","ps":"ceshi"}
*************** response log end ***************

[2021-11-20T18:50:34.207] [INFO] responseLog - 
*************** response log start ***************
request method: POST
request originalUrl:  /user/login
request client ip:  null
request body: 
{"us":"ceshi@ceshi.com","ps":"ceshi"}
response time: 0
response status: 200
response body: 
{"us":"ceshi@ceshi.com","ps":"ceshi"}
*************** response log end ***************

[2021-11-20T18:50:34.924] [INFO] responseLog - 
*************** response log start ***************
request method: POST
request originalUrl:  /user/login
request client ip:  null
request body: 
{"us":"ceshi@ceshi.com","ps":"ceshi"}
response time: 1
response status: 200
response body: 
{"us":"ceshi@ceshi.com","ps":"ceshi"}
*************** response log end ***************

[2021-11-20T18:50:35.341] [INFO] responseLog - 
*************** response log start ***************
request method: POST
request originalUrl:  /user/login
request client ip:  null
request body: 
{"us":"ceshi@ceshi.com","ps":"ceshi"}
response time: 1
response status: 200
response body: 
{"us":"ceshi@ceshi.com","ps":"ceshi"}
*************** response log end ***************

[2021-11-20T18:50:59.724] [INFO] responseLog - 
*************** response log start ***************
request method: POST
request originalUrl:  /user/login
request client ip:  null
request body: 
{"us":"ceshi@ceshi.com","ps":"ceshi"}
response time: 12
response status: 200
response body: 
{"us":"ceshi@ceshi.com","ps":"ceshi"}
*************** response log end ***************

[2021-11-20T18:50:59.834] [INFO] responseLog - 
*************** response log start ***************
request method: POST
request originalUrl:  /food/page
request client ip:  null
request body: 
{"pageSize":100000}
response time: 4
response status: 200
response body: 
{"pageSize":100000}
*************** response log end ***************

[2021-11-20T18:51:24.901] [INFO] responseLog - 
*************** response log start ***************
request method: POST
request originalUrl:  /payment/page
request client ip:  null
request body: 
{}
response time: 3
response status: 200
response body: 
{}
*************** response log end ***************

[2021-11-20T18:59:24.873] [INFO] responseLog - 
*************** response log start ***************
request method: POST
request originalUrl:  /user/login
request client ip:  null
request body: 
{"us":"ceshi@ceshi.com","ps":"ceshi"}
response time: 3
response status: 200
response body: 
{"us":"ceshi@ceshi.com","ps":"ceshi"}
*************** response log end ***************

[2021-11-20T18:59:25.873] [INFO] responseLog - 
*************** response log start ***************
request method: POST
request originalUrl:  /user/login
request client ip:  null
request body: 
{"us":"ceshi@ceshi.com","ps":"ceshi"}
response time: 0
response status: 200
response body: 
{"us":"ceshi@ceshi.com","ps":"ceshi"}
*************** response log end ***************

[2021-11-20T18:59:25.917] [INFO] responseLog - 
*************** response log start ***************
request method: POST
request originalUrl:  /food/page
request client ip:  null
request body: 
{"pageSize":100000}
response time: 0
response status: 200
response body: 
{"pageSize":100000}
*************** response log end ***************

[2021-11-20T19:09:45.341] [INFO] responseLog - 
*************** response log start ***************
request method: POST
request originalUrl:  /user/login
request client ip:  null
request body: 
{"us":"ceshi@ceshi.com","ps":"ceshi"}
response time: 1
response status: 200
response body: 
{"us":"ceshi@ceshi.com","ps":"ceshi"}
*************** response log end ***************

[2021-11-20T19:09:45.415] [INFO] responseLog - 
*************** response log start ***************
request method: POST
request originalUrl:  /food/page
request client ip:  null
request body: 
{"pageSize":100000}
response time: 1
response status: 200
response body: 
{"pageSize":100000}
*************** response log end ***************

[2021-11-20T19:21:29.385] [INFO] responseLog - 
*************** response log start ***************
request method: POST
request originalUrl:  /user/login
request client ip:  null
request body: 
{"us":"ceshi@ceshi.com","ps":"ceshi"}
response time: 9
response status: 200
response body: 
{"us":"ceshi@ceshi.com","ps":"ceshi"}
*************** response log end ***************

[2021-11-20T19:21:29.395] [INFO] responseLog - 
*************** response log start ***************
request method: POST
request originalUrl:  /food/page
request client ip:  null
request body: 
{"pageSize":100000}
response time: 2
response status: 200
response body: 
{"pageSize":100000}
*************** response log end ***************

[2021-11-20T19:21:38.356] [INFO] responseLog - 
*************** response log start ***************
request method: POST
request originalUrl:  /user/login
request client ip:  null
request body: 
{"us":"ceshi@ceshi.com","ps":"ceshi"}
response time: 2
response status: 200
response body: 
{"us":"ceshi@ceshi.com","ps":"ceshi"}
*************** response log end ***************

[2021-11-20T19:21:38.832] [INFO] responseLog - 
*************** response log start ***************
request method: POST
request originalUrl:  /user/login
request client ip:  null
request body: 
{"us":"ceshi@ceshi.com","ps":"ceshi"}
response time: 1
response status: 200
response body: 
{"us":"ceshi@ceshi.com","ps":"ceshi"}
*************** response log end ***************

[2021-11-20T19:21:38.887] [INFO] responseLog - 
*************** response log start ***************
request method: POST
request originalUrl:  /food/page
request client ip:  null
request body: 
{"pageSize":100000}
response time: 1
response status: 200
response body: 
{"pageSize":100000}
*************** response log end ***************

[2021-11-20T19:23:46.268] [INFO] responseLog - 
*************** response log start ***************
request method: POST
request originalUrl:  /user/login
request client ip:  null
request body: 
{"us":"ceshi@ceshi.com","ps":"ceshi"}
response time: 1
response status: 200
response body: 
{"us":"ceshi@ceshi.com","ps":"ceshi"}
*************** response log end ***************

[2021-11-20T19:23:46.380] [INFO] responseLog - 
*************** response log start ***************
request method: POST
request originalUrl:  /food/page
request client ip:  null
request body: 
{"pageSize":100000}
response time: 1
response status: 200
response body: 
{"pageSize":100000}
*************** response log end ***************

[2021-11-20T19:23:55.394] [INFO] responseLog - 
*************** response log start ***************
request method: POST
request originalUrl:  /payment/add
request client ip:  null
request body: 
{"0":{"_id":"5f301b5e47f9f3012d2ba435","name":"土豆丝1","price":"15","desc":"家常菜","typename":"热菜","typeid":2,"img":"http://localhost:6166/static/img/tudousi.jpg","__v":0,"created":"-","updated":"-","count":2},"username":null}
response time: 2
response status: 500
response body: 
{"0":{"_id":"5f301b5e47f9f3012d2ba435","name":"土豆丝1","price":"15","desc":"家常菜","typename":"热菜","typeid":2,"img":"http://localhost:6166/static/img/tudousi.jpg","__v":0,"created":"-","updated":"-","count":2},"username":null}
*************** response log end ***************

[2021-11-20T19:26:32.833] [INFO] responseLog - 
*************** response log start ***************
request method: POST
request originalUrl:  /user/login
request client ip:  null
request body: 
{"us":"ceshi@ceshi.com","ps":"ceshi"}
response time: 10
response status: 200
response body: 
{"us":"ceshi@ceshi.com","ps":"ceshi"}
*************** response log end ***************

[2021-11-20T19:26:32.884] [INFO] responseLog - 
*************** response log start ***************
request method: POST
request originalUrl:  /food/page
request client ip:  null
request body: 
{"pageSize":100000}
response time: 3
response status: 200
response body: 
{"pageSize":100000}
*************** response log end ***************

[2021-11-20T19:26:37.872] [INFO] responseLog - 
*************** response log start ***************
request method: POST
request originalUrl:  /payment/add
request client ip:  null
request body: 
{"selectFoods":[{"_id":"5f2ff62e46243e36a8940bf7","name":"土豆丝","price":"15","desc":"家常菜","typename":"热菜","typeid":2,"img":"http://localhost:6166/static/img/tudousi.jpg","__v":0,"created":"-","updated":"-","count":2,"username":null}],"username":null}
response time: 17
response status: 200
response body: 
{"selectFoods":[{"_id":"5f2ff62e46243e36a8940bf7","name":"土豆丝","price":"15","desc":"家常菜","typename":"热菜","typeid":2,"img":"http://localhost:6166/static/img/tudousi.jpg","__v":0,"created":"-","updated":"-","count":2,"username":null}],"username":null}
*************** response log end ***************

[2021-11-20T19:28:47.312] [INFO] responseLog - 
*************** response log start ***************
request method: POST
request originalUrl:  /user/login
request client ip:  null
request body: 
{"us":"ceshi@ceshi.com","ps":"ceshi"}
response time: 13
response status: 200
response body: 
{"us":"ceshi@ceshi.com","ps":"ceshi"}
*************** response log end ***************

[2021-11-20T19:28:47.363] [INFO] responseLog - 
*************** response log start ***************
request method: POST
request originalUrl:  /food/page
request client ip:  null
request body: 
{"pageSize":100000}
response time: 4
response status: 200
response body: 
{"pageSize":100000}
*************** response log end ***************

[2021-11-20T19:28:54.215] [INFO] responseLog - 
*************** response log start ***************
request method: POST
request originalUrl:  /payment/add
request client ip:  null
request body: 
{"selectFoods":[{"_id":"5f2ff62e46243e36a8940bf7","name":"土豆丝","price":"15","desc":"家常菜","typename":"热菜","typeid":2,"img":"http://localhost:6166/static/img/tudousi.jpg","__v":0,"created":"-","updated":"-","count":3,"username":null}],"username":null}
response time: 15
response status: 200
response body: 
{"selectFoods":[{"_id":"5f2ff62e46243e36a8940bf7","name":"土豆丝","price":"15","desc":"家常菜","typename":"热菜","typeid":2,"img":"http://localhost:6166/static/img/tudousi.jpg","__v":0,"created":"-","updated":"-","count":3,"username":null}],"username":null}
*************** response log end ***************

[2021-11-20T19:29:34.401] [INFO] responseLog - 
*************** response log start ***************
request method: POST
request originalUrl:  /user/login
request client ip:  null
request body: 
{"us":"ceshi@ceshi.com","ps":"ceshi"}
response time: 11
response status: 200
response body: 
{"us":"ceshi@ceshi.com","ps":"ceshi"}
*************** response log end ***************

[2021-11-20T19:29:34.460] [INFO] responseLog - 
*************** response log start ***************
request method: POST
request originalUrl:  /food/page
request client ip:  null
request body: 
{"pageSize":100000}
response time: 3
response status: 200
response body: 
{"pageSize":100000}
*************** response log end ***************

[2021-11-20T19:29:38.266] [INFO] responseLog - 
*************** response log start ***************
request method: POST
request originalUrl:  /payment/add
request client ip:  null
request body: 
{"selectFoods":[{"_id":"5f301b5e47f9f3012d2ba438","name":"土豆丝2","price":"15","desc":"家常菜","typename":"热菜","typeid":2,"img":"http://localhost:6166/static/img/tudousi.jpg","__v":0,"created":"-","updated":"-","count":2,"username":null}],"username":null}
response time: 14
response status: 200
response body: 
{"selectFoods":[{"_id":"5f301b5e47f9f3012d2ba438","name":"土豆丝2","price":"15","desc":"家常菜","typename":"热菜","typeid":2,"img":"http://localhost:6166/static/img/tudousi.jpg","__v":0,"created":"-","updated":"-","count":2,"username":null}],"username":null}
*************** response log end ***************

[2021-11-20T19:30:46.658] [INFO] responseLog - 
*************** response log start ***************
request method: POST
request originalUrl:  /user/login
request client ip:  null
request body: 
{"us":"ceshi@ceshi.com","ps":"ceshi"}
response time: 15
response status: 200
response body: 
{"us":"ceshi@ceshi.com","ps":"ceshi"}
*************** response log end ***************

[2021-11-20T19:30:46.712] [INFO] responseLog - 
*************** response log start ***************
request method: POST
request originalUrl:  /food/page
request client ip:  null
request body: 
{"pageSize":100000}
response time: 4
response status: 200
response body: 
{"pageSize":100000}
*************** response log end ***************

[2021-11-20T19:30:52.116] [INFO] responseLog - 
*************** response log start ***************
request method: POST
request originalUrl:  /payment/add
request client ip:  null
request body: 
{"selectFoods":[{"name":"土豆丝1","price":"15","desc":"家常菜","typename":"热菜","typeid":2,"img":"http://localhost:6166/static/img/tudousi.jpg","__v":0,"created":"-","updated":"-","count":3,"username":null}],"username":null}
response time: 20
response status: 200
response body: 
{"selectFoods":[{"name":"土豆丝1","price":"15","desc":"家常菜","typename":"热菜","typeid":2,"img":"http://localhost:6166/static/img/tudousi.jpg","__v":0,"created":"-","updated":"-","count":3,"username":null}],"username":null}
*************** response log end ***************

[2021-11-20T19:31:54.482] [INFO] responseLog - 
*************** response log start ***************
request method: POST
request originalUrl:  /payment/add
request client ip:  null
request body: 
{"selectFoods":[{"name":"土豆丝1","price":"15","desc":"家常菜","typename":"热菜","typeid":2,"img":"http://localhost:6166/static/img/tudousi.jpg","__v":0,"created":"-","updated":"-","count":3,"username":null},{"name":"土豆丝2","price":"15","desc":"家常菜","typename":"热菜","typeid":2,"img":"http://localhost:6166/static/img/tudousi.jpg","__v":0,"created":"-","updated":"-","count":2,"username":null}],"username":null}
response time: 20
response status: 200
response body: 
{"selectFoods":[{"name":"土豆丝1","price":"15","desc":"家常菜","typename":"热菜","typeid":2,"img":"http://localhost:6166/static/img/tudousi.jpg","__v":0,"created":"-","updated":"-","count":3,"username":null},{"name":"土豆丝2","price":"15","desc":"家常菜","typename":"热菜","typeid":2,"img":"http://localhost:6166/static/img/tudousi.jpg","__v":0,"created":"-","updated":"-","count":2,"username":null}],"username":null}
*************** response log end ***************

[2021-11-20T19:32:24.538] [INFO] responseLog - 
*************** response log start ***************
request method: POST
request originalUrl:  /user/login
request client ip:  null
request body: 
{"us":"ceshi@ceshi.com","ps":"ceshi"}
response time: 11
response status: 200
response body: 
{"us":"ceshi@ceshi.com","ps":"ceshi"}
*************** response log end ***************

[2021-11-20T19:32:24.660] [INFO] responseLog - 
*************** response log start ***************
request method: POST
request originalUrl:  /food/page
request client ip:  null
request body: 
{"pageSize":100000}
response time: 4
response status: 200
response body: 
{"pageSize":100000}
*************** response log end ***************

[2021-11-20T19:32:28.566] [INFO] responseLog - 
*************** response log start ***************
request method: POST
request originalUrl:  /payment/add
request client ip:  null
request body: 
{"selectFoods":[{"name":"土豆丝1","price":"15","desc":"家常菜","typename":"热菜","typeid":2,"img":"http://localhost:6166/static/img/tudousi.jpg","__v":0,"created":"-","updated":"-","count":2,"username":"ceshi@ceshi.com"},{"name":"土豆丝2","price":"15","desc":"家常菜","typename":"热菜","typeid":2,"img":"http://localhost:6166/static/img/tudousi.jpg","__v":0,"created":"-","updated":"-","count":2,"username":"ceshi@ceshi.com"}],"username":"ceshi@ceshi.com"}
response time: 9
response status: 200
response body: 
{"selectFoods":[{"name":"土豆丝1","price":"15","desc":"家常菜","typename":"热菜","typeid":2,"img":"http://localhost:6166/static/img/tudousi.jpg","__v":0,"created":"-","updated":"-","count":2,"username":"ceshi@ceshi.com"},{"name":"土豆丝2","price":"15","desc":"家常菜","typename":"热菜","typeid":2,"img":"http://localhost:6166/static/img/tudousi.jpg","__v":0,"created":"-","updated":"-","count":2,"username":"ceshi@ceshi.com"}],"username":"ceshi@ceshi.com"}
*************** response log end ***************

[2021-11-20T19:37:53.230] [INFO] responseLog - 
*************** response log start ***************
request method: POST
request originalUrl:  /user/login
request client ip:  null
request body: 
{"us":"ceshi@ceshi.com","ps":"ceshi"}
response time: 17
response status: 200
response body: 
{"us":"ceshi@ceshi.com","ps":"ceshi"}
*************** response log end ***************

[2021-11-20T19:37:53.299] [INFO] responseLog - 
*************** response log start ***************
request method: POST
request originalUrl:  /food/page
request client ip:  null
request body: 
{"pageSize":100000}
response time: 5
response status: 200
response body: 
{"pageSize":100000}
*************** response log end ***************

[2021-11-20T19:37:58.555] [INFO] responseLog - 
*************** response log start ***************
request method: POST
request originalUrl:  /payment/add
request client ip:  null
request body: 
{"selectFoods":[{"name":"土豆丝","price":"15","desc":"家常菜","typename":"热菜","typeid":2,"img":"http://localhost:6166/static/img/tudousi.jpg","__v":0,"created":"-","updated":"-","count":2,"username":"ceshi@ceshi.com"},{"name":"土豆丝1","price":"15","desc":"家常菜","typename":"热菜","typeid":2,"img":"http://localhost:6166/static/img/tudousi.jpg","__v":0,"created":"-","updated":"-","count":2,"username":"ceshi@ceshi.com"}],"username":"ceshi@ceshi.com"}
response time: 19
response status: 200
response body: 
{"selectFoods":[{"name":"土豆丝","price":"15","desc":"家常菜","typename":"热菜","typeid":2,"img":"http://localhost:6166/static/img/tudousi.jpg","__v":0,"created":"-","updated":"-","count":2,"username":"ceshi@ceshi.com"},{"name":"土豆丝1","price":"15","desc":"家常菜","typename":"热菜","typeid":2,"img":"http://localhost:6166/static/img/tudousi.jpg","__v":0,"created":"-","updated":"-","count":2,"username":"ceshi@ceshi.com"}],"username":"ceshi@ceshi.com"}
*************** response log end ***************

[2021-11-20T19:41:28.233] [INFO] responseLog - 
*************** response log start ***************
request method: POST
request originalUrl:  /food/page
request client ip:  null
request body: 
{"pageSize":100000}
response time: 1
response status: 200
response body: 
{"pageSize":100000}
*************** response log end ***************

[2021-11-20T19:41:31.437] [INFO] responseLog - 
*************** response log start ***************
request method: POST
request originalUrl:  /food/page
request client ip:  null
request body: 
{"pageSize":100000}
response time: 0
response status: 200
response body: 
{"pageSize":100000}
*************** response log end ***************

[2021-11-20T19:41:32.581] [INFO] responseLog - 
*************** response log start ***************
request method: POST
request originalUrl:  /food/page
request client ip:  null
request body: 
{"pageSize":100000}
response time: 0
response status: 200
response body: 
{"pageSize":100000}
*************** response log end ***************

[2021-11-20T19:41:34.209] [INFO] responseLog - 
*************** response log start ***************
request method: POST
request originalUrl:  /food/page
request client ip:  null
request body: 
{"pageSize":100000}
response time: 1
response status: 200
response body: 
{"pageSize":100000}
*************** response log end ***************

[2021-11-20T19:41:37.569] [INFO] responseLog - 
*************** response log start ***************
request method: POST
request originalUrl:  /food/page
request client ip:  null
request body: 
{"pageSize":100000}
response time: 0
response status: 200
response body: 
{"pageSize":100000}
*************** response log end ***************

[2021-11-20T19:42:22.694] [INFO] responseLog - 
*************** response log start ***************
request method: POST
request originalUrl:  /food/page
request client ip:  null
request body: 
{"pageSize":100000}
response time: 1
response status: 200
response body: 
{"pageSize":100000}
*************** response log end ***************

[2021-11-20T19:42:22.709] [INFO] responseLog - 
*************** response log start ***************
request method: POST
request originalUrl:  /food/page
request client ip:  null
request body: 
{"pageSize":100000}
response time: 0
response status: 200
response body: 
{"pageSize":100000}
*************** response log end ***************

[2021-11-20T19:42:35.234] [INFO] responseLog - 
*************** response log start ***************
request method: POST
request originalUrl:  /food/page
request client ip:  null
request body: 
{"pageSize":100000}
response time: 1
response status: 200
response body: 
{"pageSize":100000}
*************** response log end ***************

[2021-11-20T19:42:35.253] [INFO] responseLog - 
*************** response log start ***************
request method: POST
request originalUrl:  /payment/page
request client ip:  null
request body: 
{"pageSize":100000}
response time: 3
response status: 200
response body: 
{"pageSize":100000}
*************** response log end ***************

[2021-11-20T19:42:45.171] [INFO] responseLog - 
*************** response log start ***************
request method: POST
request originalUrl:  /food/page
request client ip:  null
request body: 
{"pageSize":100000}
response time: 1
response status: 200
response body: 
{"pageSize":100000}
*************** response log end ***************

[2021-11-20T19:42:45.190] [INFO] responseLog - 
*************** response log start ***************
request method: POST
request originalUrl:  /payment/page
request client ip:  null
request body: 
{"pageSize":100000}
response time: 1
response status: 200
response body: 
{"pageSize":100000}
*************** response log end ***************

[2021-11-20T19:42:53.025] [INFO] responseLog - 
*************** response log start ***************
request method: POST
request originalUrl:  /food/page
request client ip:  null
request body: 
{"pageSize":100000}
response time: 1
response status: 200
response body: 
{"pageSize":100000}
*************** response log end ***************

[2021-11-20T19:42:53.045] [INFO] responseLog - 
*************** response log start ***************
request method: POST
request originalUrl:  /payment/page
request client ip:  null
request body: 
{"pageSize":100000}
response time: 2
response status: 200
response body: 
{"pageSize":100000}
*************** response log end ***************

[2021-11-20T19:42:55.724] [INFO] responseLog - 
*************** response log start ***************
request method: POST
request originalUrl:  /food/page
request client ip:  null
request body: 
{"pageSize":100000}
response time: 1
response status: 200
response body: 
{"pageSize":100000}
*************** response log end ***************

[2021-11-20T19:42:55.744] [INFO] responseLog - 
*************** response log start ***************
request method: POST
request originalUrl:  /payment/page
request client ip:  null
request body: 
{"pageSize":100000}
response time: 1
response status: 200
response body: 
{"pageSize":100000}
*************** response log end ***************

[2021-11-20T19:42:59.965] [INFO] responseLog - 
*************** response log start ***************
request method: POST
request originalUrl:  /food/page
request client ip:  null
request body: 
{"pageSize":100000}
response time: 1
response status: 200
response body: 
{"pageSize":100000}
*************** response log end ***************

[2021-11-20T19:42:59.985] [INFO] responseLog - 
*************** response log start ***************
request method: POST
request originalUrl:  /payment/page
request client ip:  null
request body: 
{"pageSize":100000}
response time: 1
response status: 200
response body: 
{"pageSize":100000}
*************** response log end ***************

[2021-11-20T19:43:44.116] [INFO] responseLog - 
*************** response log start ***************
request method: POST
request originalUrl:  /user/login
request client ip:  null
request body: 
{"us":"ceshi@ceshi.com","ps":"ceshi"}
response time: 2
response status: 200
response body: 
{"us":"ceshi@ceshi.com","ps":"ceshi"}
*************** response log end ***************

[2021-11-20T19:43:44.272] [INFO] responseLog - 
*************** response log start ***************
request method: POST
request originalUrl:  /food/page
request client ip:  null
request body: 
{"pageSize":100000}
response time: 0
response status: 200
response body: 
{"pageSize":100000}
*************** response log end ***************

[2021-11-20T19:43:44.297] [INFO] responseLog - 
*************** response log start ***************
request method: POST
request originalUrl:  /payment/page
request client ip:  null
request body: 
{"pageSize":100000,"username":"ceshi@ceshi.com"}
response time: 1
response status: 200
response body: 
{"pageSize":100000,"username":"ceshi@ceshi.com"}
*************** response log end ***************

[2021-11-20T19:44:20.674] [INFO] responseLog - 
*************** response log start ***************
request method: POST
request originalUrl:  /user/login
request client ip:  null
request body: 
{"us":"ceshi@ceshi.com","ps":"ceshi"}
response time: 12
response status: 200
response body: 
{"us":"ceshi@ceshi.com","ps":"ceshi"}
*************** response log end ***************

[2021-11-20T19:44:20.724] [INFO] responseLog - 
*************** response log start ***************
request method: POST
request originalUrl:  /food/page
request client ip:  null
request body: 
{"pageSize":100000}
response time: 4
response status: 200
response body: 
{"pageSize":100000}
*************** response log end ***************

[2021-11-20T19:44:20.753] [INFO] responseLog - 
*************** response log start ***************
request method: POST
request originalUrl:  /payment/page
request client ip:  null
request body: 
{"pageSize":100000,"username":"ceshi@ceshi.com"}
response time: 2
response status: 200
response body: 
{"pageSize":100000,"username":"ceshi@ceshi.com"}
*************** response log end ***************

[2021-11-20T19:45:27.508] [INFO] responseLog - 
*************** response log start ***************
request method: POST
request originalUrl:  /user/login
request client ip:  null
request body: 
{"us":"ceshi@ceshi.com","ps":"ceshi"}
response time: 10
response status: 200
response body: 
{"us":"ceshi@ceshi.com","ps":"ceshi"}
*************** response log end ***************

[2021-11-20T19:45:27.574] [INFO] responseLog - 
*************** response log start ***************
request method: POST
request originalUrl:  /food/page
request client ip:  null
request body: 
{"pageSize":100000}
response time: 3
response status: 200
response body: 
{"pageSize":100000}
*************** response log end ***************

[2021-11-20T19:45:27.600] [INFO] responseLog - 
*************** response log start ***************
request method: POST
request originalUrl:  /payment/page
request client ip:  null
request body: 
{"pageSize":100000,"username":"ceshi@ceshi.com"}
response time: 2
response status: 200
response body: 
{"pageSize":100000,"username":"ceshi@ceshi.com"}
*************** response log end ***************

[2021-11-20T19:50:50.738] [INFO] responseLog - 
*************** response log start ***************
request method: POST
request originalUrl:  /food/page
request client ip:  null
request body: 
{"pageSize":100000}
response time: 1
response status: 200
response body: 
{"pageSize":100000}
*************** response log end ***************

[2021-11-20T19:50:50.767] [INFO] responseLog - 
*************** response log start ***************
request method: POST
request originalUrl:  /payment/page
request client ip:  null
request body: 
{"pageSize":100000,"username":"ceshi@ceshi.com"}
response time: 1
response status: 200
response body: 
{"pageSize":100000,"username":"ceshi@ceshi.com"}
*************** response log end ***************

[2021-11-20T19:53:25.050] [INFO] responseLog - 
*************** response log start ***************
request method: POST
request originalUrl:  /user/login
request client ip:  null
request body: 
{"us":"ceshi@ceshi.com","ps":"ceshi"}
response time: 1
response status: 200
response body: 
{"us":"ceshi@ceshi.com","ps":"ceshi"}
*************** response log end ***************

[2021-11-20T19:53:25.164] [INFO] responseLog - 
*************** response log start ***************
request method: POST
request originalUrl:  /food/page
request client ip:  null
request body: 
{"pageSize":100000}
response time: 1
response status: 200
response body: 
{"pageSize":100000}
*************** response log end ***************

[2021-11-20T19:53:25.211] [INFO] responseLog - 
*************** response log start ***************
request method: POST
request originalUrl:  /payment/page
request client ip:  null
request body: 
{"pageSize":100000,"username":"ceshi@ceshi.com"}
response time: 1
response status: 200
response body: 
{"pageSize":100000,"username":"ceshi@ceshi.com"}
*************** response log end ***************

[2021-11-20T20:03:44.470] [INFO] responseLog - 
*************** response log start ***************
request method: POST
request originalUrl:  /user/login
request client ip:  null
request body: 
{"us":"ceshi@ceshi.com","ps":"ceshi"}
response time: 3
response status: 200
response body: 
{"us":"ceshi@ceshi.com","ps":"ceshi"}
*************** response log end ***************

[2021-11-20T20:03:44.623] [INFO] responseLog - 
*************** response log start ***************
request method: POST
request originalUrl:  /food/page
request client ip:  null
request body: 
{"pageSize":100000}
response time: 1
response status: 200
response body: 
{"pageSize":100000}
*************** response log end ***************

[2021-11-20T20:03:44.663] [INFO] responseLog - 
*************** response log start ***************
request method: POST
request originalUrl:  /payment/page
request client ip:  null
request body: 
{"pageSize":100000,"username":"ceshi@ceshi.com"}
response time: 2
response status: 200
response body: 
{"pageSize":100000,"username":"ceshi@ceshi.com"}
*************** response log end ***************

[2021-11-20T20:03:51.952] [INFO] responseLog - 
*************** response log start ***************
request method: POST
request originalUrl:  /user/login
request client ip:  null
request body: 
{"us":"ceshi@ceshi.com","ps":"ceshi"}
response time: 2
response status: 200
response body: 
{"us":"ceshi@ceshi.com","ps":"ceshi"}
*************** response log end ***************

[2021-11-20T20:03:52.086] [INFO] responseLog - 
*************** response log start ***************
request method: POST
request originalUrl:  /food/page
request client ip:  null
request body: 
{"pageSize":100000}
response time: 1
response status: 200
response body: 
{"pageSize":100000}
*************** response log end ***************

[2021-11-20T20:03:52.110] [INFO] responseLog - 
*************** response log start ***************
request method: POST
request originalUrl:  /payment/page
request client ip:  null
request body: 
{"pageSize":100000,"username":"ceshi@ceshi.com"}
response time: 3
response status: 200
response body: 
{"pageSize":100000,"username":"ceshi@ceshi.com"}
*************** response log end ***************

[2021-11-20T20:03:58.615] [INFO] responseLog - 
*************** response log start ***************
request method: POST
request originalUrl:  /user/login
request client ip:  null
request body: 
{"us":"ceshi@ceshi.com","ps":"ceshi"}
response time: 1
response status: 200
response body: 
{"us":"ceshi@ceshi.com","ps":"ceshi"}
*************** response log end ***************

[2021-11-20T20:03:58.785] [INFO] responseLog - 
*************** response log start ***************
request method: POST
request originalUrl:  /food/page
request client ip:  null
request body: 
{"pageSize":100000}
response time: 1
response status: 200
response body: 
{"pageSize":100000}
*************** response log end ***************

[2021-11-20T20:03:58.803] [INFO] responseLog - 
*************** response log start ***************
request method: POST
request originalUrl:  /payment/page
request client ip:  null
request body: 
{"pageSize":100000,"username":"ceshi@ceshi.com"}
response time: 2
response status: 200
response body: 
{"pageSize":100000,"username":"ceshi@ceshi.com"}
*************** response log end ***************

[2021-11-20T20:04:19.968] [INFO] responseLog - 
*************** response log start ***************
request method: POST
request originalUrl:  /user/login
request client ip:  null
request body: 
{"us":"ceshi@ceshi.com","ps":"ceshi"}
response time: 1
response status: 200
response body: 
{"us":"ceshi@ceshi.com","ps":"ceshi"}
*************** response log end ***************

[2021-11-20T20:04:20.126] [INFO] responseLog - 
*************** response log start ***************
request method: POST
request originalUrl:  /food/page
request client ip:  null
request body: 
{"pageSize":100000}
response time: 1
response status: 200
response body: 
{"pageSize":100000}
*************** response log end ***************

[2021-11-20T20:04:20.158] [INFO] responseLog - 
*************** response log start ***************
request method: POST
request originalUrl:  /payment/page
request client ip:  null
request body: 
{"pageSize":100000,"username":"ceshi@ceshi.com"}
response time: 1
response status: 200
response body: 
{"pageSize":100000,"username":"ceshi@ceshi.com"}
*************** response log end ***************

[2021-11-20T20:05:13.222] [INFO] responseLog - 
*************** response log start ***************
request method: POST
request originalUrl:  /user/login
request client ip:  null
request body: 
{"us":"ceshi@ceshi.com","ps":"ceshi"}
response time: 2
response status: 200
response body: 
{"us":"ceshi@ceshi.com","ps":"ceshi"}
*************** response log end ***************

[2021-11-20T20:05:13.366] [INFO] responseLog - 
*************** response log start ***************
request method: POST
request originalUrl:  /food/page
request client ip:  null
request body: 
{"pageSize":100000}
response time: 0
response status: 200
response body: 
{"pageSize":100000}
*************** response log end ***************

[2021-11-20T20:05:13.390] [INFO] responseLog - 
*************** response log start ***************
request method: POST
request originalUrl:  /payment/page
request client ip:  null
request body: 
{"pageSize":100000,"username":"ceshi@ceshi.com"}
response time: 1
response status: 200
response body: 
{"pageSize":100000,"username":"ceshi@ceshi.com"}
*************** response log end ***************

[2021-11-20T20:05:16.661] [INFO] responseLog - 
*************** response log start ***************
request method: POST
request originalUrl:  /user/login
request client ip:  null
request body: 
{"us":"ceshi@ceshi.com","ps":"ceshi"}
response time: 1
response status: 200
response body: 
{"us":"ceshi@ceshi.com","ps":"ceshi"}
*************** response log end ***************

[2021-11-20T20:05:16.793] [INFO] responseLog - 
*************** response log start ***************
request method: POST
request originalUrl:  /food/page
request client ip:  null
request body: 
{"pageSize":100000}
response time: 1
response status: 200
response body: 
{"pageSize":100000}
*************** response log end ***************

[2021-11-20T20:05:16.821] [INFO] responseLog - 
*************** response log start ***************
request method: POST
request originalUrl:  /payment/page
request client ip:  null
request body: 
{"pageSize":100000,"username":"ceshi@ceshi.com"}
response time: 1
response status: 200
response body: 
{"pageSize":100000,"username":"ceshi@ceshi.com"}
*************** response log end ***************

[2021-11-20T20:05:20.817] [INFO] responseLog - 
*************** response log start ***************
request method: POST
request originalUrl:  /payment/add
request client ip:  null
request body: 
{"selectFoods":[{"name":"土豆丝","price":"15","desc":"家常菜","typename":"热菜","typeid":2,"img":"http://localhost:6166/static/img/tudousi.jpg","__v":0,"created":"-","updated":"-","count":2,"username":"ceshi@ceshi.com"},{"name":"土豆丝1","price":"15","desc":"家常菜","typename":"热菜","typeid":2,"img":"http://localhost:6166/static/img/tudousi.jpg","__v":0,"created":"-","updated":"-","count":2,"username":"ceshi@ceshi.com"}],"username":"ceshi@ceshi.com"}
response time: 16
response status: 200
response body: 
{"selectFoods":[{"name":"土豆丝","price":"15","desc":"家常菜","typename":"热菜","typeid":2,"img":"http://localhost:6166/static/img/tudousi.jpg","__v":0,"created":"-","updated":"-","count":2,"username":"ceshi@ceshi.com"},{"name":"土豆丝1","price":"15","desc":"家常菜","typename":"热菜","typeid":2,"img":"http://localhost:6166/static/img/tudousi.jpg","__v":0,"created":"-","updated":"-","count":2,"username":"ceshi@ceshi.com"}],"username":"ceshi@ceshi.com"}
*************** response log end ***************

[2021-11-20T20:05:22.421] [INFO] responseLog - 
*************** response log start ***************
request method: POST
request originalUrl:  /user/login
request client ip:  null
request body: 
{"us":"ceshi@ceshi.com","ps":"ceshi"}
response time: 1
response status: 200
response body: 
{"us":"ceshi@ceshi.com","ps":"ceshi"}
*************** response log end ***************

[2021-11-20T20:05:22.550] [INFO] responseLog - 
*************** response log start ***************
request method: POST
request originalUrl:  /food/page
request client ip:  null
request body: 
{"pageSize":100000}
response time: 1
response status: 200
response body: 
{"pageSize":100000}
*************** response log end ***************

[2021-11-20T20:05:22.575] [INFO] responseLog - 
*************** response log start ***************
request method: POST
request originalUrl:  /payment/page
request client ip:  null
request body: 
{"pageSize":100000,"username":"ceshi@ceshi.com"}
response time: 1
response status: 200
response body: 
{"pageSize":100000,"username":"ceshi@ceshi.com"}
*************** response log end ***************

[2021-11-20T20:05:28.060] [INFO] responseLog - 
*************** response log start ***************
request method: POST
request originalUrl:  /user/login
request client ip:  null
request body: 
{"us":"ceshi@ceshi.com","ps":"ceshi"}
response time: 1
response status: 200
response body: 
{"us":"ceshi@ceshi.com","ps":"ceshi"}
*************** response log end ***************

[2021-11-20T20:05:28.188] [INFO] responseLog - 
*************** response log start ***************
request method: POST
request originalUrl:  /food/page
request client ip:  null
request body: 
{"pageSize":100000}
response time: 0
response status: 200
response body: 
{"pageSize":100000}
*************** response log end ***************

[2021-11-20T20:05:28.209] [INFO] responseLog - 
*************** response log start ***************
request method: POST
request originalUrl:  /payment/page
request client ip:  null
request body: 
{"pageSize":100000,"username":"ceshi@ceshi.com"}
response time: 1
response status: 200
response body: 
{"pageSize":100000,"username":"ceshi@ceshi.com"}
*************** response log end ***************

[2021-11-20T20:05:50.105] [INFO] responseLog - 
*************** response log start ***************
request method: POST
request originalUrl:  /user/login
request client ip:  null
request body: 
{"us":"ceshi@ceshi.com","ps":"ceshi"}
response time: 1
response status: 200
response body: 
{"us":"ceshi@ceshi.com","ps":"ceshi"}
*************** response log end ***************

[2021-11-20T20:05:50.501] [INFO] responseLog - 
*************** response log start ***************
request method: POST
request originalUrl:  /food/page
request client ip:  null
request body: 
{"pageSize":100000}
response time: 1
response status: 200
response body: 
{"pageSize":100000}
*************** response log end ***************

[2021-11-20T20:05:50.518] [INFO] responseLog - 
*************** response log start ***************
request method: POST
request originalUrl:  /payment/page
request client ip:  null
request body: 
{"pageSize":100000,"username":"ceshi@ceshi.com"}
response time: 1
response status: 200
response body: 
{"pageSize":100000,"username":"ceshi@ceshi.com"}
*************** response log end ***************

[2021-11-20T20:06:03.463] [INFO] responseLog - 
*************** response log start ***************
request method: POST
request originalUrl:  /user/login
request client ip:  null
request body: 
{"us":"ceshi@ceshi.com","ps":"ceshi"}
response time: 0
response status: 200
response body: 
{"us":"ceshi@ceshi.com","ps":"ceshi"}
*************** response log end ***************

[2021-11-20T20:06:03.600] [INFO] responseLog - 
*************** response log start ***************
request method: POST
request originalUrl:  /food/page
request client ip:  null
request body: 
{"pageSize":100000}
response time: 1
response status: 200
response body: 
{"pageSize":100000}
*************** response log end ***************

[2021-11-20T20:06:03.624] [INFO] responseLog - 
*************** response log start ***************
request method: POST
request originalUrl:  /payment/page
request client ip:  null
request body: 
{"pageSize":100000,"username":"ceshi@ceshi.com"}
response time: 2
response status: 200
response body: 
{"pageSize":100000,"username":"ceshi@ceshi.com"}
*************** response log end ***************

[2021-11-20T20:06:30.651] [INFO] responseLog - 
*************** response log start ***************
request method: POST
request originalUrl:  /user/login
request client ip:  null
request body: 
{"us":"ceshi@ceshi.com","ps":"ceshi"}
response time: 1
response status: 200
response body: 
{"us":"ceshi@ceshi.com","ps":"ceshi"}
*************** response log end ***************

[2021-11-20T20:06:30.768] [INFO] responseLog - 
*************** response log start ***************
request method: POST
request originalUrl:  /food/page
request client ip:  null
request body: 
{"pageSize":100000}
response time: 0
response status: 200
response body: 
{"pageSize":100000}
*************** response log end ***************

[2021-11-20T20:06:30.797] [INFO] responseLog - 
*************** response log start ***************
request method: POST
request originalUrl:  /payment/page
request client ip:  null
request body: 
{"pageSize":100000,"username":"ceshi@ceshi.com"}
response time: 2
response status: 200
response body: 
{"pageSize":100000,"username":"ceshi@ceshi.com"}
*************** response log end ***************

[2021-11-20T20:07:03.383] [INFO] responseLog - 
*************** response log start ***************
request method: POST
request originalUrl:  /user/login
request client ip:  null
request body: 
{"us":"ceshi@ceshi.com","ps":"ceshi"}
response time: 1
response status: 200
response body: 
{"us":"ceshi@ceshi.com","ps":"ceshi"}
*************** response log end ***************

[2021-11-20T20:07:03.517] [INFO] responseLog - 
*************** response log start ***************
request method: POST
request originalUrl:  /food/page
request client ip:  null
request body: 
{"pageSize":100000}
response time: 0
response status: 200
response body: 
{"pageSize":100000}
*************** response log end ***************

[2021-11-20T20:07:03.546] [INFO] responseLog - 
*************** response log start ***************
request method: POST
request originalUrl:  /payment/page
request client ip:  null
request body: 
{"pageSize":100000,"username":"ceshi@ceshi.com"}
response time: 1
response status: 200
response body: 
{"pageSize":100000,"username":"ceshi@ceshi.com"}
*************** response log end ***************

[2021-11-20T20:10:27.625] [INFO] responseLog - 
*************** response log start ***************
request method: POST
request originalUrl:  /payment/add
request client ip:  null
request body: 
{"selectFoods":[{"name":"土豆丝","price":"15","desc":"家常菜","typename":"热菜","typeid":2,"img":"http://localhost:6166/static/img/tudousi.jpg","__v":0,"created":"-","updated":"-","count":2},{"name":"土豆丝1","price":"15","desc":"家常菜","typename":"热菜","typeid":2,"img":"http://localhost:6166/static/img/tudousi.jpg","__v":0,"created":"-","updated":"-","count":2},{"name":"土豆丝2","price":"15","desc":"家常菜","typename":"热菜","typeid":2,"img":"http://localhost:6166/static/img/tudousi.jpg","__v":0,"created":"-","updated":"-","count":2}],"username":"ceshi@ceshi.com"}
response time: 31
response status: 200
response body: 
{"selectFoods":[{"name":"土豆丝","price":"15","desc":"家常菜","typename":"热菜","typeid":2,"img":"http://localhost:6166/static/img/tudousi.jpg","__v":0,"created":"-","updated":"-","count":2},{"name":"土豆丝1","price":"15","desc":"家常菜","typename":"热菜","typeid":2,"img":"http://localhost:6166/static/img/tudousi.jpg","__v":0,"created":"-","updated":"-","count":2},{"name":"土豆丝2","price":"15","desc":"家常菜","typename":"热菜","typeid":2,"img":"http://localhost:6166/static/img/tudousi.jpg","__v":0,"created":"-","updated":"-","count":2}],"username":"ceshi@ceshi.com"}
*************** response log end ***************

[2021-11-20T20:11:54.387] [INFO] responseLog - 
*************** response log start ***************
request method: POST
request originalUrl:  /food/page
request client ip:  null
request body: 
{"pageSize":100000}
response time: 6
response status: 200
response body: 
{"pageSize":100000}
*************** response log end ***************

[2021-11-20T20:11:54.424] [INFO] responseLog - 
*************** response log start ***************
request method: POST
request originalUrl:  /payment/page
request client ip:  null
request body: 
{"pageSize":100000,"username":"ceshi@ceshi.com"}
response time: 2
response status: 200
response body: 
{"pageSize":100000,"username":"ceshi@ceshi.com"}
*************** response log end ***************

[2021-11-20T20:12:05.809] [INFO] responseLog - 
*************** response log start ***************
request method: POST
request originalUrl:  /user/login
request client ip:  null
request body: 
{"us":"ceshi@ceshi.com","ps":"ceshi"}
response time: 2
response status: 200
response body: 
{"us":"ceshi@ceshi.com","ps":"ceshi"}
*************** response log end ***************

[2021-11-20T20:12:05.947] [INFO] responseLog - 
*************** response log start ***************
request method: POST
request originalUrl:  /food/page
request client ip:  null
request body: 
{"pageSize":100000}
response time: 1
response status: 200
response body: 
{"pageSize":100000}
*************** response log end ***************

[2021-11-20T20:12:05.972] [INFO] responseLog - 
*************** response log start ***************
request method: POST
request originalUrl:  /payment/page
request client ip:  null
request body: 
{"pageSize":100000,"username":"ceshi@ceshi.com"}
response time: 1
response status: 200
response body: 
{"pageSize":100000,"username":"ceshi@ceshi.com"}
*************** response log end ***************

[2021-11-20T20:12:39.676] [INFO] responseLog - 
*************** response log start ***************
request method: POST
request originalUrl:  /user/login
request client ip:  null
request body: 
{"us":"ceshi@ceshi.com","ps":"ceshi"}
response time: 1
response status: 200
response body: 
{"us":"ceshi@ceshi.com","ps":"ceshi"}
*************** response log end ***************

[2021-11-20T20:12:39.803] [INFO] responseLog - 
*************** response log start ***************
request method: POST
request originalUrl:  /food/page
request client ip:  null
request body: 
{"pageSize":100000}
response time: 0
response status: 200
response body: 
{"pageSize":100000}
*************** response log end ***************

[2021-11-20T20:12:39.830] [INFO] responseLog - 
*************** response log start ***************
request method: POST
request originalUrl:  /payment/page
request client ip:  null
request body: 
{"pageSize":100000,"username":"ceshi@ceshi.com"}
response time: 1
response status: 200
response body: 
{"pageSize":100000,"username":"ceshi@ceshi.com"}
*************** response log end ***************

[2021-11-20T20:13:36.133] [INFO] responseLog - 
*************** response log start ***************
request method: POST
request originalUrl:  /user/login
request client ip:  null
request body: 
{"us":"ceshi@ceshi.com","ps":"ceshi"}
response time: 11
response status: 200
response body: 
{"us":"ceshi@ceshi.com","ps":"ceshi"}
*************** response log end ***************

[2021-11-20T20:13:36.189] [INFO] responseLog - 
*************** response log start ***************
request method: POST
request originalUrl:  /food/page
request client ip:  null
request body: 
{"pageSize":100000}
response time: 4
response status: 200
response body: 
{"pageSize":100000}
*************** response log end ***************

[2021-11-20T20:13:36.219] [INFO] responseLog - 
*************** response log start ***************
request method: POST
request originalUrl:  /payment/page
request client ip:  null
request body: 
{"pageSize":100000,"username":"ceshi@ceshi.com"}
response time: 3
response status: 200
response body: 
{"pageSize":100000,"username":"ceshi@ceshi.com"}
*************** response log end ***************

[2021-11-20T20:14:17.194] [INFO] responseLog - 
*************** response log start ***************
request method: POST
request originalUrl:  /food/page
request client ip:  null
request body: 
{"pageSize":100000}
response time: 1
response status: 200
response body: 
{"pageSize":100000}
*************** response log end ***************

[2021-11-20T20:14:17.221] [INFO] responseLog - 
*************** response log start ***************
request method: POST
request originalUrl:  /payment/page
request client ip:  null
request body: 
{"pageSize":100000,"username":"ceshi@ceshi.com"}
response time: 1
response status: 200
response body: 
{"pageSize":100000,"username":"ceshi@ceshi.com"}
*************** response log end ***************

[2021-11-20T20:14:18.556] [INFO] responseLog - 
*************** response log start ***************
request method: POST
request originalUrl:  /user/login
request client ip:  null
request body: 
{"us":"ceshi@ceshi.com","ps":"ceshi"}
response time: 2
response status: 200
response body: 
{"us":"ceshi@ceshi.com","ps":"ceshi"}
*************** response log end ***************

[2021-11-20T20:14:18.679] [INFO] responseLog - 
*************** response log start ***************
request method: POST
request originalUrl:  /food/page
request client ip:  null
request body: 
{"pageSize":100000}
response time: 1
response status: 200
response body: 
{"pageSize":100000}
*************** response log end ***************

[2021-11-20T20:14:18.704] [INFO] responseLog - 
*************** response log start ***************
request method: POST
request originalUrl:  /payment/page
request client ip:  null
request body: 
{"pageSize":100000,"username":"ceshi@ceshi.com"}
response time: 1
response status: 200
response body: 
{"pageSize":100000,"username":"ceshi@ceshi.com"}
*************** response log end ***************

[2021-11-20T20:15:58.088] [INFO] responseLog - 
*************** response log start ***************
request method: POST
request originalUrl:  /payment/add
request client ip:  null
request body: 
{"selectFoods":[{"name":"土豆丝","price":"15","desc":"家常菜","typename":"热菜","typeid":2,"img":"http://localhost:6166/static/img/tudousi.jpg","__v":0,"created":"-","updated":"-","count":2},{"name":"土豆丝1","price":"15","desc":"家常菜","typename":"热菜","typeid":2,"img":"http://localhost:6166/static/img/tudousi.jpg","__v":0,"created":"-","updated":"-","count":2},{"name":"土豆丝2","price":"15","desc":"家常菜","typename":"热菜","typeid":2,"img":"http://localhost:6166/static/img/tudousi.jpg","__v":0,"created":"-","updated":"-","count":2}],"username":"ceshi@ceshi.com"}
response time: 32
response status: 200
response body: 
{"selectFoods":[{"name":"土豆丝","price":"15","desc":"家常菜","typename":"热菜","typeid":2,"img":"http://localhost:6166/static/img/tudousi.jpg","__v":0,"created":"-","updated":"-","count":2},{"name":"土豆丝1","price":"15","desc":"家常菜","typename":"热菜","typeid":2,"img":"http://localhost:6166/static/img/tudousi.jpg","__v":0,"created":"-","updated":"-","count":2},{"name":"土豆丝2","price":"15","desc":"家常菜","typename":"热菜","typeid":2,"img":"http://localhost:6166/static/img/tudousi.jpg","__v":0,"created":"-","updated":"-","count":2}],"username":"ceshi@ceshi.com"}
*************** response log end ***************

[2021-11-20T20:16:40.384] [INFO] responseLog - 
*************** response log start ***************
request method: POST
request originalUrl:  /user/login
request client ip:  null
request body: 
{"us":"ceshi@ceshi.com","ps":"ceshi"}
response time: 11
response status: 200
response body: 
{"us":"ceshi@ceshi.com","ps":"ceshi"}
*************** response log end ***************

[2021-11-20T20:16:40.446] [INFO] responseLog - 
*************** response log start ***************
request method: POST
request originalUrl:  /food/page
request client ip:  null
request body: 
{"pageSize":100000}
response time: 4
response status: 200
response body: 
{"pageSize":100000}
*************** response log end ***************

[2021-11-20T20:16:40.480] [INFO] responseLog - 
*************** response log start ***************
request method: POST
request originalUrl:  /payment/page
request client ip:  null
request body: 
{"pageSize":100000,"username":"ceshi@ceshi.com"}
response time: 3
response status: 200
response body: 
{"pageSize":100000,"username":"ceshi@ceshi.com"}
*************** response log end ***************

[2021-11-20T20:16:44.714] [INFO] responseLog - 
*************** response log start ***************
request method: POST
request originalUrl:  /payment/add
request client ip:  null
request body: 
{"selectFoods":[{"name":"土豆丝","price":"15","desc":"家常菜","typename":"热菜","typeid":2,"img":"http://localhost:6166/static/img/tudousi.jpg","__v":0,"created":"-","updated":"-","count":2},{"name":"土豆丝1","price":"15","desc":"家常菜","typename":"热菜","typeid":2,"img":"http://localhost:6166/static/img/tudousi.jpg","__v":0,"created":"-","updated":"-","count":2}],"username":"ceshi@ceshi.com"}
response time: 2
response status: 200
response body: 
{"selectFoods":[{"name":"土豆丝","price":"15","desc":"家常菜","typename":"热菜","typeid":2,"img":"http://localhost:6166/static/img/tudousi.jpg","__v":0,"created":"-","updated":"-","count":2},{"name":"土豆丝1","price":"15","desc":"家常菜","typename":"热菜","typeid":2,"img":"http://localhost:6166/static/img/tudousi.jpg","__v":0,"created":"-","updated":"-","count":2}],"username":"ceshi@ceshi.com"}
*************** response log end ***************

[2021-11-20T20:16:48.894] [INFO] responseLog - 
*************** response log start ***************
request method: POST
request originalUrl:  /user/login
request client ip:  null
request body: 
{"us":"ceshi@ceshi.com","ps":"ceshi"}
response time: 1
response status: 200
response body: 
{"us":"ceshi@ceshi.com","ps":"ceshi"}
*************** response log end ***************

[2021-11-20T20:16:49.032] [INFO] responseLog - 
*************** response log start ***************
request method: POST
request originalUrl:  /food/page
request client ip:  null
request body: 
{"pageSize":100000}
response time: 0
response status: 200
response body: 
{"pageSize":100000}
*************** response log end ***************

[2021-11-20T20:16:49.055] [INFO] responseLog - 
*************** response log start ***************
request method: POST
request originalUrl:  /payment/page
request client ip:  null
request body: 
{"pageSize":100000,"username":"ceshi@ceshi.com"}
response time: 1
response status: 200
response body: 
{"pageSize":100000,"username":"ceshi@ceshi.com"}
*************** response log end ***************

[2021-11-20T20:17:18.713] [INFO] responseLog - 
*************** response log start ***************
request method: POST
request originalUrl:  /user/login
request client ip:  null
request body: 
{"us":"ceshi@ceshi.com","ps":"ceshi"}
response time: 13
response status: 200
response body: 
{"us":"ceshi@ceshi.com","ps":"ceshi"}
*************** response log end ***************

[2021-11-20T20:17:18.771] [INFO] responseLog - 
*************** response log start ***************
request method: POST
request originalUrl:  /food/page
request client ip:  null
request body: 
{"pageSize":100000}
response time: 3
response status: 200
response body: 
{"pageSize":100000}
*************** response log end ***************

[2021-11-20T20:17:18.804] [INFO] responseLog - 
*************** response log start ***************
request method: POST
request originalUrl:  /payment/page
request client ip:  null
request body: 
{"pageSize":100000,"username":"ceshi@ceshi.com"}
response time: 4
response status: 200
response body: 
{"pageSize":100000,"username":"ceshi@ceshi.com"}
*************** response log end ***************

[2021-11-20T20:18:34.925] [INFO] responseLog - 
*************** response log start ***************
request method: POST
request originalUrl:  /user/login
request client ip:  null
request body: 
{"us":"ceshi@ceshi.com","ps":"ceshi"}
response time: 14
response status: 200
response body: 
{"us":"ceshi@ceshi.com","ps":"ceshi"}
*************** response log end ***************

[2021-11-20T20:18:34.989] [INFO] responseLog - 
*************** response log start ***************
request method: POST
request originalUrl:  /food/page
request client ip:  null
request body: 
{"pageSize":100000}
response time: 4
response status: 200
response body: 
{"pageSize":100000}
*************** response log end ***************

[2021-11-20T20:18:35.027] [INFO] responseLog - 
*************** response log start ***************
request method: POST
request originalUrl:  /payment/page
request client ip:  null
request body: 
{"pageSize":100000,"username":"ceshi@ceshi.com"}
response time: 3
response status: 200
response body: 
{"pageSize":100000,"username":"ceshi@ceshi.com"}
*************** response log end ***************

[2021-11-20T20:18:38.619] [INFO] responseLog - 
*************** response log start ***************
request method: POST
request originalUrl:  /payment/add
request client ip:  null
request body: 
{"selectFoods":[{"name":"土豆丝","price":"15","desc":"家常菜","typename":"热菜","typeid":2,"img":"http://localhost:6166/static/img/tudousi.jpg","__v":0,"created":"-","updated":"-","count":2},{"name":"土豆丝1","price":"15","desc":"家常菜","typename":"热菜","typeid":2,"img":"http://localhost:6166/static/img/tudousi.jpg","__v":0,"created":"-","updated":"-","count":2}],"username":"ceshi@ceshi.com"}
response time: 3
response status: 200
response body: 
{"selectFoods":[{"name":"土豆丝","price":"15","desc":"家常菜","typename":"热菜","typeid":2,"img":"http://localhost:6166/static/img/tudousi.jpg","__v":0,"created":"-","updated":"-","count":2},{"name":"土豆丝1","price":"15","desc":"家常菜","typename":"热菜","typeid":2,"img":"http://localhost:6166/static/img/tudousi.jpg","__v":0,"created":"-","updated":"-","count":2}],"username":"ceshi@ceshi.com"}
*************** response log end ***************

[2021-11-20T20:18:47.542] [INFO] responseLog - 
*************** response log start ***************
request method: POST
request originalUrl:  /user/login
request client ip:  null
request body: 
{"us":"ceshi@ceshi.com","ps":"ceshi"}
response time: 1
response status: 200
response body: 
{"us":"ceshi@ceshi.com","ps":"ceshi"}
*************** response log end ***************

[2021-11-20T20:18:47.663] [INFO] responseLog - 
*************** response log start ***************
request method: POST
request originalUrl:  /food/page
request client ip:  null
request body: 
{"pageSize":100000}
response time: 1
response status: 200
response body: 
{"pageSize":100000}
*************** response log end ***************

[2021-11-20T20:18:47.686] [INFO] responseLog - 
*************** response log start ***************
request method: POST
request originalUrl:  /payment/page
request client ip:  null
request body: 
{"pageSize":100000,"username":"ceshi@ceshi.com"}
response time: 2
response status: 200
response body: 
{"pageSize":100000,"username":"ceshi@ceshi.com"}
*************** response log end ***************

[2021-11-20T20:19:00.485] [INFO] responseLog - 
*************** response log start ***************
request method: POST
request originalUrl:  /payment/add
request client ip:  null
request body: 
{"selectFoods":[{"name":"土豆丝","price":"15","desc":"家常菜","typename":"热菜","typeid":2,"img":"http://localhost:6166/static/img/tudousi.jpg","__v":0,"created":"-","updated":"-","count":2},{"name":"土豆丝1","price":"15","desc":"家常菜","typename":"热菜","typeid":2,"img":"http://localhost:6166/static/img/tudousi.jpg","__v":0,"created":"-","updated":"-","count":2}],"username":"ceshi@ceshi.com"}
response time: 3
response status: 200
response body: 
{"selectFoods":[{"name":"土豆丝","price":"15","desc":"家常菜","typename":"热菜","typeid":2,"img":"http://localhost:6166/static/img/tudousi.jpg","__v":0,"created":"-","updated":"-","count":2},{"name":"土豆丝1","price":"15","desc":"家常菜","typename":"热菜","typeid":2,"img":"http://localhost:6166/static/img/tudousi.jpg","__v":0,"created":"-","updated":"-","count":2}],"username":"ceshi@ceshi.com"}
*************** response log end ***************

[2021-11-20T20:19:49.164] [INFO] responseLog - 
*************** response log start ***************
request method: POST
request originalUrl:  /payment/add
request client ip:  null
request body: 
{"selectFoods":[{"name":"土豆丝","price":"15","desc":"家常菜","typename":"热菜","typeid":2,"img":"http://localhost:6166/static/img/tudousi.jpg","__v":0,"created":"-","updated":"-","count":2},{"name":"土豆丝1","price":"15","desc":"家常菜","typename":"热菜","typeid":2,"img":"http://localhost:6166/static/img/tudousi.jpg","__v":0,"created":"-","updated":"-","count":2}],"username":"ceshi@ceshi.com"}
response time: 2
response status: 200
response body: 
{"selectFoods":[{"name":"土豆丝","price":"15","desc":"家常菜","typename":"热菜","typeid":2,"img":"http://localhost:6166/static/img/tudousi.jpg","__v":0,"created":"-","updated":"-","count":2},{"name":"土豆丝1","price":"15","desc":"家常菜","typename":"热菜","typeid":2,"img":"http://localhost:6166/static/img/tudousi.jpg","__v":0,"created":"-","updated":"-","count":2}],"username":"ceshi@ceshi.com"}
*************** response log end ***************

[2021-11-20T20:20:50.728] [INFO] responseLog - 
*************** response log start ***************
request method: POST
request originalUrl:  /user/login
request client ip:  null
request body: 
{"us":"ceshi@ceshi.com","ps":"ceshi"}
response time: 17
response status: 200
response body: 
{"us":"ceshi@ceshi.com","ps":"ceshi"}
*************** response log end ***************

[2021-11-20T20:20:50.781] [INFO] responseLog - 
*************** response log start ***************
request method: POST
request originalUrl:  /food/page
request client ip:  null
request body: 
{"pageSize":100000}
response time: 4
response status: 200
response body: 
{"pageSize":100000}
*************** response log end ***************

[2021-11-20T20:20:50.817] [INFO] responseLog - 
*************** response log start ***************
request method: POST
request originalUrl:  /payment/page
request client ip:  null
request body: 
{"pageSize":100000,"username":"ceshi@ceshi.com"}
response time: 1
response status: 200
response body: 
{"pageSize":100000,"username":"ceshi@ceshi.com"}
*************** response log end ***************

[2021-11-20T20:20:55.103] [INFO] responseLog - 
*************** response log start ***************
request method: POST
request originalUrl:  /payment/add
request client ip:  null
request body: 
{"selectFoods":[{"name":"土豆丝","price":"15","desc":"家常菜","typename":"热菜","typeid":2,"img":"http://localhost:6166/static/img/tudousi.jpg","__v":0,"created":"-","updated":"-","count":2},{"name":"土豆丝1","price":"15","desc":"家常菜","typename":"热菜","typeid":2,"img":"http://localhost:6166/static/img/tudousi.jpg","__v":0,"created":"-","updated":"-","count":2}],"username":"ceshi@ceshi.com"}
response time: 2
response status: 200
response body: 
{"selectFoods":[{"name":"土豆丝","price":"15","desc":"家常菜","typename":"热菜","typeid":2,"img":"http://localhost:6166/static/img/tudousi.jpg","__v":0,"created":"-","updated":"-","count":2},{"name":"土豆丝1","price":"15","desc":"家常菜","typename":"热菜","typeid":2,"img":"http://localhost:6166/static/img/tudousi.jpg","__v":0,"created":"-","updated":"-","count":2}],"username":"ceshi@ceshi.com"}
*************** response log end ***************

[2021-11-20T20:20:59.933] [INFO] responseLog - 
*************** response log start ***************
request method: POST
request originalUrl:  /user/login
request client ip:  null
request body: 
{"us":"ceshi@ceshi.com","ps":"ceshi"}
response time: 2
response status: 200
response body: 
{"us":"ceshi@ceshi.com","ps":"ceshi"}
*************** response log end ***************

[2021-11-20T20:21:00.095] [INFO] responseLog - 
*************** response log start ***************
request method: POST
request originalUrl:  /food/page
request client ip:  null
request body: 
{"pageSize":100000}
response time: 0
response status: 200
response body: 
{"pageSize":100000}
*************** response log end ***************

[2021-11-20T20:21:00.127] [INFO] responseLog - 
*************** response log start ***************
request method: POST
request originalUrl:  /payment/page
request client ip:  null
request body: 
{"pageSize":100000,"username":"ceshi@ceshi.com"}
response time: 1
response status: 200
response body: 
{"pageSize":100000,"username":"ceshi@ceshi.com"}
*************** response log end ***************

[2021-11-20T20:21:58.426] [INFO] responseLog - 
*************** response log start ***************
request method: POST
request originalUrl:  /user/login
request client ip:  null
request body: 
{"us":"ceshi@ceshi.com","ps":"ceshi"}
response time: 14
response status: 200
response body: 
{"us":"ceshi@ceshi.com","ps":"ceshi"}
*************** response log end ***************

[2021-11-20T20:21:58.438] [INFO] responseLog - 
*************** response log start ***************
request method: POST
request originalUrl:  /food/page
request client ip:  null
request body: 
{"pageSize":100000}
response time: 4
response status: 200
response body: 
{"pageSize":100000}
*************** response log end ***************

[2021-11-20T20:21:58.482] [INFO] responseLog - 
*************** response log start ***************
request method: POST
request originalUrl:  /payment/page
request client ip:  null
request body: 
{"pageSize":100000,"username":"ceshi@ceshi.com"}
response time: 3
response status: 200
response body: 
{"pageSize":100000,"username":"ceshi@ceshi.com"}
*************** response log end ***************

[2021-11-20T20:22:06.504] [INFO] responseLog - 
*************** response log start ***************
request method: POST
request originalUrl:  /payment/add
request client ip:  null
request body: 
{"selectFoods":[{"name":"土豆丝","price":"15","desc":"家常菜","typename":"热菜","typeid":2,"img":"http://localhost:6166/static/img/tudousi.jpg","__v":0,"created":"-","updated":"-","count":2},{"name":"土豆丝1","price":"15","desc":"家常菜","typename":"热菜","typeid":2,"img":"http://localhost:6166/static/img/tudousi.jpg","__v":0,"created":"-","updated":"-","count":2}],"username":"ceshi@ceshi.com"}
response time: 3
response status: 200
response body: 
{"selectFoods":[{"name":"土豆丝","price":"15","desc":"家常菜","typename":"热菜","typeid":2,"img":"http://localhost:6166/static/img/tudousi.jpg","__v":0,"created":"-","updated":"-","count":2},{"name":"土豆丝1","price":"15","desc":"家常菜","typename":"热菜","typeid":2,"img":"http://localhost:6166/static/img/tudousi.jpg","__v":0,"created":"-","updated":"-","count":2}],"username":"ceshi@ceshi.com"}
*************** response log end ***************

[2021-11-20T20:22:40.693] [INFO] responseLog - 
*************** response log start ***************
request method: POST
request originalUrl:  /user/login
request client ip:  null
request body: 
{"us":"ceshi@ceshi.com","ps":"ceshi"}
response time: 13
response status: 200
response body: 
{"us":"ceshi@ceshi.com","ps":"ceshi"}
*************** response log end ***************

[2021-11-20T20:22:40.706] [INFO] responseLog - 
*************** response log start ***************
request method: POST
request originalUrl:  /food/page
request client ip:  127.0.0.1
request body: 
{"pageSize":100000}
response time: 7
response status: 200
response body: 
{"pageSize":100000}
*************** response log end ***************

[2021-11-20T20:22:40.774] [INFO] responseLog - 
*************** response log start ***************
request method: POST
request originalUrl:  /payment/page
request client ip:  127.0.0.1
request body: 
{"pageSize":100000,"username":"ceshi@ceshi.com"}
response time: 2
response status: 200
response body: 
{"pageSize":100000,"username":"ceshi@ceshi.com"}
*************** response log end ***************

[2021-11-20T20:22:47.592] [INFO] responseLog - 
*************** response log start ***************
request method: POST
request originalUrl:  /payment/add
request client ip:  null
request body: 
{"selectFoods":[{"name":"土豆丝","price":"15","desc":"家常菜","typename":"热菜","typeid":2,"img":"http://localhost:6166/static/img/tudousi.jpg","__v":0,"created":"-","updated":"-","count":2},{"name":"土豆丝1","price":"15","desc":"家常菜","typename":"热菜","typeid":2,"img":"http://localhost:6166/static/img/tudousi.jpg","__v":0,"created":"-","updated":"-","count":4}],"username":"ceshi@ceshi.com"}
response time: 1
response status: 200
response body: 
{"selectFoods":[{"name":"土豆丝","price":"15","desc":"家常菜","typename":"热菜","typeid":2,"img":"http://localhost:6166/static/img/tudousi.jpg","__v":0,"created":"-","updated":"-","count":2},{"name":"土豆丝1","price":"15","desc":"家常菜","typename":"热菜","typeid":2,"img":"http://localhost:6166/static/img/tudousi.jpg","__v":0,"created":"-","updated":"-","count":4}],"username":"ceshi@ceshi.com"}
*************** response log end ***************

[2021-11-20T20:22:50.156] [INFO] responseLog - 
*************** response log start ***************
request method: POST
request originalUrl:  /user/login
request client ip:  null
request body: 
{"us":"ceshi@ceshi.com","ps":"ceshi"}
response time: 2
response status: 200
response body: 
{"us":"ceshi@ceshi.com","ps":"ceshi"}
*************** response log end ***************

[2021-11-20T20:22:50.300] [INFO] responseLog - 
*************** response log start ***************
request method: POST
request originalUrl:  /food/page
request client ip:  null
request body: 
{"pageSize":100000}
response time: 1
response status: 200
response body: 
{"pageSize":100000}
*************** response log end ***************

[2021-11-20T20:22:50.328] [INFO] responseLog - 
*************** response log start ***************
request method: POST
request originalUrl:  /payment/page
request client ip:  null
request body: 
{"pageSize":100000,"username":"ceshi@ceshi.com"}
response time: 1
response status: 200
response body: 
{"pageSize":100000,"username":"ceshi@ceshi.com"}
*************** response log end ***************

[2021-11-20T20:22:56.555] [INFO] responseLog - 
*************** response log start ***************
request method: POST
request originalUrl:  /payment/add
request client ip:  127.0.0.1
request body: 
{"selectFoods":[{"name":"土豆丝","price":"15","desc":"家常菜","typename":"热菜","typeid":2,"img":"http://localhost:6166/static/img/tudousi.jpg","__v":0,"created":"-","updated":"-","count":2},{"name":"土豆丝1","price":"15","desc":"家常菜","typename":"热菜","typeid":2,"img":"http://localhost:6166/static/img/tudousi.jpg","__v":0,"created":"-","updated":"-","count":2}],"username":"ceshi@ceshi.com"}
response time: 1
response status: 200
response body: 
{"selectFoods":[{"name":"土豆丝","price":"15","desc":"家常菜","typename":"热菜","typeid":2,"img":"http://localhost:6166/static/img/tudousi.jpg","__v":0,"created":"-","updated":"-","count":2},{"name":"土豆丝1","price":"15","desc":"家常菜","typename":"热菜","typeid":2,"img":"http://localhost:6166/static/img/tudousi.jpg","__v":0,"created":"-","updated":"-","count":2}],"username":"ceshi@ceshi.com"}
*************** response log end ***************

[2021-11-20T20:23:00.690] [INFO] responseLog - 
*************** response log start ***************
request method: POST
request originalUrl:  /payment/add
request client ip:  127.0.0.1
request body: 
{"selectFoods":[{"name":"土豆丝","price":"15","desc":"家常菜","typename":"热菜","typeid":2,"img":"http://localhost:6166/static/img/tudousi.jpg","__v":0,"created":"-","updated":"-","count":2},{"name":"土豆丝1","price":"15","desc":"家常菜","typename":"热菜","typeid":2,"img":"http://localhost:6166/static/img/tudousi.jpg","__v":0,"created":"-","updated":"-","count":2}],"username":"ceshi@ceshi.com"}
response time: 3
response status: 200
response body: 
{"selectFoods":[{"name":"土豆丝","price":"15","desc":"家常菜","typename":"热菜","typeid":2,"img":"http://localhost:6166/static/img/tudousi.jpg","__v":0,"created":"-","updated":"-","count":2},{"name":"土豆丝1","price":"15","desc":"家常菜","typename":"热菜","typeid":2,"img":"http://localhost:6166/static/img/tudousi.jpg","__v":0,"created":"-","updated":"-","count":2}],"username":"ceshi@ceshi.com"}
*************** response log end ***************

[2021-11-20T20:23:04.210] [INFO] responseLog - 
*************** response log start ***************
request method: POST
request originalUrl:  /user/login
request client ip:  127.0.0.1
request body: 
{"us":"ceshi@ceshi.com","ps":"ceshi"}
response time: 1
response status: 200
response body: 
{"us":"ceshi@ceshi.com","ps":"ceshi"}
*************** response log end ***************

[2021-11-20T20:23:04.367] [INFO] responseLog - 
*************** response log start ***************
request method: POST
request originalUrl:  /food/page
request client ip:  127.0.0.1
request body: 
{"pageSize":100000}
response time: 1
response status: 200
response body: 
{"pageSize":100000}
*************** response log end ***************

[2021-11-20T20:23:04.390] [INFO] responseLog - 
*************** response log start ***************
request method: POST
request originalUrl:  /payment/page
request client ip:  127.0.0.1
request body: 
{"pageSize":100000,"username":"ceshi@ceshi.com"}
response time: 1
response status: 200
response body: 
{"pageSize":100000,"username":"ceshi@ceshi.com"}
*************** response log end ***************

[2021-11-20T20:26:49.460] [INFO] responseLog - 
*************** response log start ***************
request method: POST
request originalUrl:  /user/login
request client ip:  null
request body: 
{"us":"ceshi@ceshi.com","ps":"ceshi"}
response time: 0
response status: 200
response body: 
{"us":"ceshi@ceshi.com","ps":"ceshi"}
*************** response log end ***************

[2021-11-20T20:26:49.489] [INFO] responseLog - 
*************** response log start ***************
request method: POST
request originalUrl:  /permit/menus
request client ip:  null
request body: 
{}
response time: 1
response status: 200
response body: 
{}
*************** response log end ***************

[2021-11-20T20:26:55.923] [INFO] responseLog - 
*************** response log start ***************
request method: POST
request originalUrl:  /food/page
request client ip:  null
request body: 
{"pageNo":1,"pageSize":5}
response time: 1
response status: 200
response body: 
{"pageNo":1,"pageSize":5}
*************** response log end ***************

[2021-11-20T20:26:57.766] [INFO] responseLog - 
*************** response log start ***************
request method: POST
request originalUrl:  /permit/list
request client ip:  null
request body: 
{}
response time: 2
response status: 200
response body: 
{}
*************** response log end ***************

[2021-11-20T20:26:59.121] [INFO] responseLog - 
*************** response log start ***************
request method: POST
request originalUrl:  /role/page
request client ip:  null
request body: 
{"pageNo":1,"pageSize":5}
response time: 1
response status: 200
response body: 
{"pageNo":1,"pageSize":5}
*************** response log end ***************

