[2021-11-22T20:26:45.078] [INFO] responseLog - 
*************** response log start ***************
request method: POST
request originalUrl:  /user/login
request client ip:  null
request body: 
{"us":"ceshi@ceshi.com","ps":"ceshi"}
response time: 18
response status: 200
response body: 
{"us":"ceshi@ceshi.com","ps":"ceshi"}
*************** response log end ***************

[2021-11-22T20:26:45.284] [INFO] responseLog - 
*************** response log start ***************
request method: POST
request originalUrl:  /permit/menus
request client ip:  null
request body: 
{}
response time: 4
response status: 200
response body: 
{}
*************** response log end ***************

[2021-11-22T20:26:48.661] [INFO] responseLog - 
*************** response log start ***************
request method: POST
request originalUrl:  /payment/page
request client ip:  null
request body: 
{"pageNo":1,"pageSize":5}
response time: 2
response status: 200
response body: 
{"pageNo":1,"pageSize":5}
*************** response log end ***************

[2021-11-22T20:29:12.097] [INFO] responseLog - 
*************** response log start ***************
request method: POST
request originalUrl:  /payment/page
request client ip:  null
request body: 
{"pageNo":1,"pageSize":5}
response time: 2
response status: 200
response body: 
{"pageNo":1,"pageSize":5}
*************** response log end ***************

[2021-11-22T20:29:46.799] [INFO] responseLog - 
*************** response log start ***************
request method: POST
request originalUrl:  /payment/page
request client ip:  null
request body: 
{"pageNo":1,"pageSize":5}
response time: 2
response status: 200
response body: 
{"pageNo":1,"pageSize":5}
*************** response log end ***************

[2021-11-22T20:30:51.024] [INFO] responseLog - 
*************** response log start ***************
request method: POST
request originalUrl:  /payment/update
request client ip:  null
request body: 
{"id":1,"prince":0,"count":0,"price":0,"typeid":0,"isDone":0,"selectFoods":[{"name":"土豆丝","price":"15","desc":"家常菜","typename":"热菜","typeid":2,"img":"http://localhost:6166/static/img/tudousi.jpg","__v":0,"created":"-","updated":"-","count":2},{"name":"土豆丝1","price":"15","desc":"家常菜","typename":"热菜","typeid":2,"img":"http://localhost:6166/static/img/tudousi.jpg","__v":0,"created":"-","updated":"-","count":2}],"_id":"6198e6fe59658d3280a66356","username":"ceshi@ceshi.com","__v":0,"_index":0,"_rowKey":1}
response time: 16
response status: 200
response body: 
{"id":1,"prince":0,"count":0,"price":0,"typeid":0,"isDone":0,"selectFoods":[{"name":"土豆丝","price":"15","desc":"家常菜","typename":"热菜","typeid":2,"img":"http://localhost:6166/static/img/tudousi.jpg","__v":0,"created":"-","updated":"-","count":2},{"name":"土豆丝1","price":"15","desc":"家常菜","typename":"热菜","typeid":2,"img":"http://localhost:6166/static/img/tudousi.jpg","__v":0,"created":"-","updated":"-","count":2}],"_id":"6198e6fe59658d3280a66356","username":"ceshi@ceshi.com","__v":0,"_index":0,"_rowKey":1}
*************** response log end ***************

[2021-11-22T20:33:49.286] [INFO] responseLog - 
*************** response log start ***************
request method: POST
request originalUrl:  /payment/page
request client ip:  null
request body: 
{"pageNo":1,"pageSize":5}
response time: 15
response status: 200
response body: 
{"pageNo":1,"pageSize":5}
*************** response log end ***************

[2021-11-22T20:34:33.815] [INFO] responseLog - 
*************** response log start ***************
request method: POST
request originalUrl:  /payment/page
request client ip:  null
request body: 
{"pageNo":1,"pageSize":5}
response time: 9
response status: 200
response body: 
{"pageNo":1,"pageSize":5}
*************** response log end ***************

[2021-11-22T20:34:36.995] [INFO] responseLog - 
*************** response log start ***************
request method: POST
request originalUrl:  /payment/update
request client ip:  null
request body: 
{"id":1,"prince":0,"count":0,"price":0,"typeid":0,"isDone":0,"selectFoods":[{"name":"土豆丝","price":"15","desc":"家常菜","typename":"热菜","typeid":2,"img":"http://localhost:6166/static/img/tudousi.jpg","__v":0,"created":"-","updated":"-","count":2},{"name":"土豆丝1","price":"15","desc":"家常菜","typename":"热菜","typeid":2,"img":"http://localhost:6166/static/img/tudousi.jpg","__v":0,"created":"-","updated":"-","count":2}],"_id":"6198e6fe59658d3280a66356","username":"ceshi@ceshi.com","__v":0,"_index":0,"_rowKey":1}
response time: 16
response status: 200
response body: 
{"id":1,"prince":0,"count":0,"price":0,"typeid":0,"isDone":0,"selectFoods":[{"name":"土豆丝","price":"15","desc":"家常菜","typename":"热菜","typeid":2,"img":"http://localhost:6166/static/img/tudousi.jpg","__v":0,"created":"-","updated":"-","count":2},{"name":"土豆丝1","price":"15","desc":"家常菜","typename":"热菜","typeid":2,"img":"http://localhost:6166/static/img/tudousi.jpg","__v":0,"created":"-","updated":"-","count":2}],"_id":"6198e6fe59658d3280a66356","username":"ceshi@ceshi.com","__v":0,"_index":0,"_rowKey":1}
*************** response log end ***************

[2021-11-22T20:35:42.539] [INFO] responseLog - 
*************** response log start ***************
request method: POST
request originalUrl:  /payment/page
request client ip:  null
request body: 
{"pageNo":1,"pageSize":5}
response time: 11
response status: 200
response body: 
{"pageNo":1,"pageSize":5}
*************** response log end ***************

[2021-11-22T20:36:18.807] [INFO] responseLog - 
*************** response log start ***************
request method: POST
request originalUrl:  /payment/page
request client ip:  null
request body: 
{"pageNo":1,"pageSize":5}
response time: 1
response status: 200
response body: 
{"pageNo":1,"pageSize":5}
*************** response log end ***************

[2021-11-22T20:36:35.196] [INFO] responseLog - 
*************** response log start ***************
request method: POST
request originalUrl:  /payment/page
request client ip:  null
request body: 
{"pageNo":1,"pageSize":5}
response time: 1
response status: 200
response body: 
{"pageNo":1,"pageSize":5}
*************** response log end ***************

[2021-11-22T20:36:40.095] [INFO] responseLog - 
*************** response log start ***************
request method: POST
request originalUrl:  /payment/page
request client ip:  null
request body: 
{"pageNo":1,"pageSize":5}
response time: 1
response status: 200
response body: 
{"pageNo":1,"pageSize":5}
*************** response log end ***************

[2021-11-22T20:36:42.438] [INFO] responseLog - 
*************** response log start ***************
request method: POST
request originalUrl:  /payment/page
request client ip:  null
request body: 
{"pageNo":1,"pageSize":5}
response time: 1
response status: 200
response body: 
{"pageNo":1,"pageSize":5}
*************** response log end ***************

[2021-11-22T20:36:47.726] [INFO] responseLog - 
*************** response log start ***************
request method: POST
request originalUrl:  /payment/page
request client ip:  null
request body: 
{"pageNo":1,"pageSize":5}
response time: 2
response status: 200
response body: 
{"pageNo":1,"pageSize":5}
*************** response log end ***************

[2021-11-22T20:37:12.662] [INFO] responseLog - 
*************** response log start ***************
request method: POST
request originalUrl:  /payment/page
request client ip:  null
request body: 
{"pageNo":1,"pageSize":5}
response time: 1
response status: 200
response body: 
{"pageNo":1,"pageSize":5}
*************** response log end ***************

[2021-11-22T20:37:35.219] [INFO] responseLog - 
*************** response log start ***************
request method: POST
request originalUrl:  /payment/page
request client ip:  null
request body: 
{"pageNo":1,"pageSize":5}
response time: 1
response status: 200
response body: 
{"pageNo":1,"pageSize":5}
*************** response log end ***************

[2021-11-22T20:37:40.688] [INFO] responseLog - 
*************** response log start ***************
request method: POST
request originalUrl:  /payment/page
request client ip:  null
request body: 
{"pageNo":1,"pageSize":5}
response time: 1
response status: 200
response body: 
{"pageNo":1,"pageSize":5}
*************** response log end ***************

[2021-11-22T20:37:42.655] [INFO] responseLog - 
*************** response log start ***************
request method: POST
request originalUrl:  /payment/page
request client ip:  null
request body: 
{"pageNo":1,"pageSize":5}
response time: 2
response status: 200
response body: 
{"pageNo":1,"pageSize":5}
*************** response log end ***************

[2021-11-22T20:37:44.389] [INFO] responseLog - 
*************** response log start ***************
request method: POST
request originalUrl:  /payment/page
request client ip:  null
request body: 
{"pageNo":1,"pageSize":5}
response time: 1
response status: 200
response body: 
{"pageNo":1,"pageSize":5}
*************** response log end ***************

[2021-11-22T20:37:51.691] [INFO] responseLog - 
*************** response log start ***************
request method: POST
request originalUrl:  /payment/page
request client ip:  null
request body: 
{"pageNo":1,"pageSize":5}
response time: 1
response status: 200
response body: 
{"pageNo":1,"pageSize":5}
*************** response log end ***************

[2021-11-22T20:38:23.096] [INFO] responseLog - 
*************** response log start ***************
request method: POST
request originalUrl:  /payment/page
request client ip:  null
request body: 
{"pageNo":1,"pageSize":5}
response time: 0
response status: 200
response body: 
{"pageNo":1,"pageSize":5}
*************** response log end ***************

[2021-11-22T20:38:34.123] [INFO] responseLog - 
*************** response log start ***************
request method: POST
request originalUrl:  /payment/page
request client ip:  null
request body: 
{"pageNo":1,"pageSize":5}
response time: 1
response status: 200
response body: 
{"pageNo":1,"pageSize":5}
*************** response log end ***************

[2021-11-22T20:38:47.964] [INFO] responseLog - 
*************** response log start ***************
request method: POST
request originalUrl:  /payment/page
request client ip:  null
request body: 
{"pageNo":1,"pageSize":5}
response time: 1
response status: 200
response body: 
{"pageNo":1,"pageSize":5}
*************** response log end ***************

[2021-11-22T20:39:04.187] [INFO] responseLog - 
*************** response log start ***************
request method: POST
request originalUrl:  /payment/page
request client ip:  null
request body: 
{"pageNo":1,"pageSize":5}
response time: 1
response status: 200
response body: 
{"pageNo":1,"pageSize":5}
*************** response log end ***************

[2021-11-22T20:39:04.367] [INFO] responseLog - 
*************** response log start ***************
request method: POST
request originalUrl:  /payment/page
request client ip:  null
request body: 
{"pageNo":1,"pageSize":5}
response time: 1
response status: 200
response body: 
{"pageNo":1,"pageSize":5}
*************** response log end ***************

[2021-11-22T20:39:07.447] [INFO] responseLog - 
*************** response log start ***************
request method: POST
request originalUrl:  /payment/page
request client ip:  null
request body: 
{"pageNo":1,"pageSize":5}
response time: 1
response status: 200
response body: 
{"pageNo":1,"pageSize":5}
*************** response log end ***************

[2021-11-22T20:39:12.913] [INFO] responseLog - 
*************** response log start ***************
request method: POST
request originalUrl:  /payment/page
request client ip:  null
request body: 
{"pageNo":1,"pageSize":5}
response time: 1
response status: 200
response body: 
{"pageNo":1,"pageSize":5}
*************** response log end ***************

[2021-11-22T20:40:11.094] [INFO] responseLog - 
*************** response log start ***************
request method: POST
request originalUrl:  /payment/page
request client ip:  null
request body: 
{"pageNo":1,"pageSize":5}
response time: 1
response status: 200
response body: 
{"pageNo":1,"pageSize":5}
*************** response log end ***************

[2021-11-22T20:40:13.100] [INFO] responseLog - 
*************** response log start ***************
request method: POST
request originalUrl:  /payment/page
request client ip:  null
request body: 
{"pageNo":1,"pageSize":5}
response time: 1
response status: 200
response body: 
{"pageNo":1,"pageSize":5}
*************** response log end ***************

[2021-11-22T20:40:14.986] [INFO] responseLog - 
*************** response log start ***************
request method: POST
request originalUrl:  /payment/page
request client ip:  null
request body: 
{"pageNo":1,"pageSize":5}
response time: 1
response status: 200
response body: 
{"pageNo":1,"pageSize":5}
*************** response log end ***************

[2021-11-22T20:40:20.172] [INFO] responseLog - 
*************** response log start ***************
request method: POST
request originalUrl:  /payment/page
request client ip:  null
request body: 
{"pageNo":1,"pageSize":5}
response time: 1
response status: 200
response body: 
{"pageNo":1,"pageSize":5}
*************** response log end ***************

[2021-11-22T20:40:28.495] [INFO] responseLog - 
*************** response log start ***************
request method: POST
request originalUrl:  /payment/page
request client ip:  null
request body: 
{"pageNo":1,"pageSize":5}
response time: 1
response status: 200
response body: 
{"pageNo":1,"pageSize":5}
*************** response log end ***************

[2021-11-22T20:41:07.929] [INFO] responseLog - 
*************** response log start ***************
request method: POST
request originalUrl:  /payment/page
request client ip:  null
request body: 
{"pageNo":1,"pageSize":5}
response time: 1
response status: 200
response body: 
{"pageNo":1,"pageSize":5}
*************** response log end ***************

[2021-11-22T20:41:15.010] [INFO] responseLog - 
*************** response log start ***************
request method: POST
request originalUrl:  /payment/page
request client ip:  null
request body: 
{"pageNo":1,"pageSize":5}
response time: 2
response status: 200
response body: 
{"pageNo":1,"pageSize":5}
*************** response log end ***************

[2021-11-22T20:41:16.413] [INFO] responseLog - 
*************** response log start ***************
request method: POST
request originalUrl:  /payment/page
request client ip:  null
request body: 
{"pageNo":1,"pageSize":5}
response time: 1
response status: 200
response body: 
{"pageNo":1,"pageSize":5}
*************** response log end ***************

[2021-11-22T20:42:38.084] [INFO] responseLog - 
*************** response log start ***************
request method: POST
request originalUrl:  /payment/page
request client ip:  null
request body: 
{"pageNo":1,"pageSize":5}
response time: 2
response status: 200
response body: 
{"pageNo":1,"pageSize":5}
*************** response log end ***************

[2021-11-22T20:42:43.240] [INFO] responseLog - 
*************** response log start ***************
request method: POST
request originalUrl:  /user/login
request client ip:  null
request body: 
{"us":"ceshi@ceshi.com","ps":"ceshi"}
response time: 3
response status: 200
response body: 
{"us":"ceshi@ceshi.com","ps":"ceshi"}
*************** response log end ***************

[2021-11-22T20:42:44.983] [INFO] responseLog - 
*************** response log start ***************
request method: POST
request originalUrl:  /user/login
request client ip:  null
request body: 
{"us":"ceshi@ceshi.com","ps":"ceshi"}
response time: 1
response status: 200
response body: 
{"us":"ceshi@ceshi.com","ps":"ceshi"}
*************** response log end ***************

[2021-11-22T20:42:45.033] [INFO] responseLog - 
*************** response log start ***************
request method: POST
request originalUrl:  /food/page
request client ip:  null
request body: 
{"pageSize":100000}
response time: 3
response status: 200
response body: 
{"pageSize":100000}
*************** response log end ***************

[2021-11-22T20:42:45.103] [INFO] responseLog - 
*************** response log start ***************
request method: POST
request originalUrl:  /payment/page
request client ip:  null
request body: 
{"pageSize":100000,"isDone":0,"username":"ceshi@ceshi.com"}
response time: 1
response status: 200
response body: 
{"pageSize":100000,"isDone":0,"username":"ceshi@ceshi.com"}
*************** response log end ***************

[2021-11-22T20:42:51.113] [INFO] responseLog - 
*************** response log start ***************
request method: POST
request originalUrl:  /user/login
request client ip:  null
request body: 
{"us":"ceshi@ceshi.com","ps":"ceshi"}
response time: 1
response status: 200
response body: 
{"us":"ceshi@ceshi.com","ps":"ceshi"}
*************** response log end ***************

[2021-11-22T20:42:51.239] [INFO] responseLog - 
*************** response log start ***************
request method: POST
request originalUrl:  /food/page
request client ip:  null
request body: 
{"pageSize":100000}
response time: 0
response status: 200
response body: 
{"pageSize":100000}
*************** response log end ***************

[2021-11-22T20:42:51.262] [INFO] responseLog - 
*************** response log start ***************
request method: POST
request originalUrl:  /payment/page
request client ip:  null
request body: 
{"pageSize":100000,"isDone":0,"username":"ceshi@ceshi.com"}
response time: 1
response status: 200
response body: 
{"pageSize":100000,"isDone":0,"username":"ceshi@ceshi.com"}
*************** response log end ***************

[2021-11-22T20:43:46.110] [INFO] responseLog - 
*************** response log start ***************
request method: POST
request originalUrl:  /user/login
request client ip:  null
request body: 
{"us":"ceshi@ceshi.com","ps":"ceshi"}
response time: 11
response status: 200
response body: 
{"us":"ceshi@ceshi.com","ps":"ceshi"}
*************** response log end ***************

[2021-11-22T20:43:46.115] [INFO] responseLog - 
*************** response log start ***************
request method: POST
request originalUrl:  /food/page
request client ip:  null
request body: 
{"pageSize":100000}
response time: 3
response status: 200
response body: 
{"pageSize":100000}
*************** response log end ***************

[2021-11-22T20:43:46.175] [INFO] responseLog - 
*************** response log start ***************
request method: POST
request originalUrl:  /payment/page
request client ip:  null
request body: 
{"pageSize":100000,"isDone":0,"username":"ceshi@ceshi.com"}
response time: 3
response status: 200
response body: 
{"pageSize":100000,"isDone":0,"username":"ceshi@ceshi.com"}
*************** response log end ***************

[2021-11-22T20:47:09.450] [INFO] responseLog - 
*************** response log start ***************
request method: POST
request originalUrl:  /user/login
request client ip:  null
request body: 
{"us":"ceshi@ceshi.com","ps":"ceshi"}
response time: 21
response status: 200
response body: 
{"us":"ceshi@ceshi.com","ps":"ceshi"}
*************** response log end ***************

[2021-11-22T20:47:09.484] [INFO] responseLog - 
*************** response log start ***************
request method: POST
request originalUrl:  /food/page
request client ip:  null
request body: 
{"pageSize":100000}
response time: 5
response status: 200
response body: 
{"pageSize":100000}
*************** response log end ***************

[2021-11-22T20:47:09.543] [INFO] responseLog - 
*************** response log start ***************
request method: POST
request originalUrl:  /payment/page
request client ip:  null
request body: 
{"pageSize":100000,"isDone":0,"username":"ceshi@ceshi.com"}
response time: 2
response status: 200
response body: 
{"pageSize":100000,"isDone":0,"username":"ceshi@ceshi.com"}
*************** response log end ***************

[2021-11-22T20:47:28.498] [INFO] responseLog - 
*************** response log start ***************
request method: POST
request originalUrl:  /user/login
request client ip:  null
request body: 
{"us":"ceshi@ceshi.com","ps":"ceshi"}
response time: 23
response status: 200
response body: 
{"us":"ceshi@ceshi.com","ps":"ceshi"}
*************** response log end ***************

[2021-11-22T20:47:28.521] [INFO] responseLog - 
*************** response log start ***************
request method: POST
request originalUrl:  /food/page
request client ip:  null
request body: 
{"pageSize":100000}
response time: 7
response status: 200
response body: 
{"pageSize":100000}
*************** response log end ***************

[2021-11-22T20:47:28.573] [INFO] responseLog - 
*************** response log start ***************
request method: POST
request originalUrl:  /payment/page
request client ip:  null
request body: 
{"pageSize":100000,"isDone":0,"username":"ceshi@ceshi.com"}
response time: 3
response status: 200
response body: 
{"pageSize":100000,"isDone":0,"username":"ceshi@ceshi.com"}
*************** response log end ***************

[2021-11-22T20:47:31.970] [INFO] responseLog - 
*************** response log start ***************
request method: POST
request originalUrl:  /user/login
request client ip:  null
request body: 
{"us":"ceshi@ceshi.com","ps":"ceshi"}
response time: 2
response status: 200
response body: 
{"us":"ceshi@ceshi.com","ps":"ceshi"}
*************** response log end ***************

[2021-11-22T20:47:32.123] [INFO] responseLog - 
*************** response log start ***************
request method: POST
request originalUrl:  /food/page
request client ip:  null
request body: 
{"pageSize":100000}
response time: 0
response status: 200
response body: 
{"pageSize":100000}
*************** response log end ***************

[2021-11-22T20:47:32.151] [INFO] responseLog - 
*************** response log start ***************
request method: POST
request originalUrl:  /payment/page
request client ip:  null
request body: 
{"pageSize":100000,"isDone":0,"username":"ceshi@ceshi.com"}
response time: 0
response status: 200
response body: 
{"pageSize":100000,"isDone":0,"username":"ceshi@ceshi.com"}
*************** response log end ***************

[2021-11-22T20:49:03.796] [INFO] responseLog - 
*************** response log start ***************
request method: POST
request originalUrl:  /user/login
request client ip:  null
request body: 
{"us":"ceshi@ceshi.com","ps":"ceshi"}
response time: 15
response status: 200
response body: 
{"us":"ceshi@ceshi.com","ps":"ceshi"}
*************** response log end ***************

[2021-11-22T20:49:03.863] [INFO] responseLog - 
*************** response log start ***************
request method: POST
request originalUrl:  /food/page
request client ip:  null
request body: 
{"pageSize":100000}
response time: 6
response status: 200
response body: 
{"pageSize":100000}
*************** response log end ***************

[2021-11-22T20:49:03.886] [INFO] responseLog - 
*************** response log start ***************
request method: POST
request originalUrl:  /payment/page
request client ip:  null
request body: 
{"pageSize":100000,"isDone":0,"username":"ceshi@ceshi.com"}
response time: 3
response status: 200
response body: 
{"pageSize":100000,"isDone":0,"username":"ceshi@ceshi.com"}
*************** response log end ***************

[2021-11-22T20:49:46.497] [INFO] responseLog - 
*************** response log start ***************
request method: GET
request originalUrl:  /static/img/tudousi.jpg
request client ip:  127.0.0.1
request query:  {}
response time: 1
response status: 200
response body: 
{}
*************** response log end ***************

[2021-11-22T20:53:22.451] [INFO] responseLog - 
*************** response log start ***************
request method: POST
request originalUrl:  /user/login
request client ip:  null
request body: 
{"us":"ceshi@ceshi.com","ps":"ceshi"}
response time: 17
response status: 200
response body: 
{"us":"ceshi@ceshi.com","ps":"ceshi"}
*************** response log end ***************

[2021-11-22T20:53:22.558] [INFO] responseLog - 
*************** response log start ***************
request method: POST
request originalUrl:  /food/page
request client ip:  null
request body: 
{"pageSize":100000}
response time: 5
response status: 200
response body: 
{"pageSize":100000}
*************** response log end ***************

[2021-11-22T20:53:22.586] [INFO] responseLog - 
*************** response log start ***************
request method: POST
request originalUrl:  /payment/page
request client ip:  null
request body: 
{"pageSize":100000,"isDone":0,"username":"ceshi@ceshi.com"}
response time: 2
response status: 200
response body: 
{"pageSize":100000,"isDone":0,"username":"ceshi@ceshi.com"}
*************** response log end ***************

[2021-11-22T20:54:05.616] [INFO] responseLog - 
*************** response log start ***************
request method: POST
request originalUrl:  /user/login
request client ip:  null
request body: 
{"us":"ceshi@ceshi.com","ps":"ceshi"}
response time: 20
response status: 200
response body: 
{"us":"ceshi@ceshi.com","ps":"ceshi"}
*************** response log end ***************

[2021-11-22T20:54:05.668] [INFO] responseLog - 
*************** response log start ***************
request method: POST
request originalUrl:  /food/page
request client ip:  null
request body: 
{"pageSize":100000}
response time: 5
response status: 200
response body: 
{"pageSize":100000}
*************** response log end ***************

[2021-11-22T20:54:05.703] [INFO] responseLog - 
*************** response log start ***************
request method: POST
request originalUrl:  /payment/page
request client ip:  null
request body: 
{"pageSize":100000,"isDone":0,"username":"ceshi@ceshi.com"}
response time: 2
response status: 200
response body: 
{"pageSize":100000,"isDone":0,"username":"ceshi@ceshi.com"}
*************** response log end ***************

[2021-11-22T20:54:16.397] [INFO] responseLog - 
*************** response log start ***************
request method: POST
request originalUrl:  /user/login
request client ip:  null
request body: 
{"us":"ceshi@ceshi.com","ps":"ceshi"}
response time: 7
response status: 200
response body: 
{"us":"ceshi@ceshi.com","ps":"ceshi"}
*************** response log end ***************

[2021-11-22T20:54:16.419] [INFO] responseLog - 
*************** response log start ***************
request method: POST
request originalUrl:  /food/page
request client ip:  null
request body: 
{"pageSize":100000}
response time: 4
response status: 200
response body: 
{"pageSize":100000}
*************** response log end ***************

[2021-11-22T20:54:16.481] [INFO] responseLog - 
*************** response log start ***************
request method: POST
request originalUrl:  /payment/page
request client ip:  null
request body: 
{"pageSize":100000,"isDone":0,"username":"ceshi@ceshi.com"}
response time: 2
response status: 200
response body: 
{"pageSize":100000,"isDone":0,"username":"ceshi@ceshi.com"}
*************** response log end ***************

[2021-11-22T20:54:18.091] [INFO] responseLog - 
*************** response log start ***************
request method: POST
request originalUrl:  /user/login
request client ip:  null
request body: 
{"us":"ceshi@ceshi.com","ps":"ceshi"}
response time: 1
response status: 200
response body: 
{"us":"ceshi@ceshi.com","ps":"ceshi"}
*************** response log end ***************

[2021-11-22T20:54:18.238] [INFO] responseLog - 
*************** response log start ***************
request method: POST
request originalUrl:  /food/page
request client ip:  null
request body: 
{"pageSize":100000}
response time: 1
response status: 200
response body: 
{"pageSize":100000}
*************** response log end ***************

[2021-11-22T20:54:18.259] [INFO] responseLog - 
*************** response log start ***************
request method: POST
request originalUrl:  /payment/page
request client ip:  null
request body: 
{"pageSize":100000,"isDone":0,"username":"ceshi@ceshi.com"}
response time: 1
response status: 200
response body: 
{"pageSize":100000,"isDone":0,"username":"ceshi@ceshi.com"}
*************** response log end ***************

[2021-11-22T20:54:40.527] [INFO] responseLog - 
*************** response log start ***************
request method: POST
request originalUrl:  /payment/add
request client ip:  127.0.0.1
request body: 
{"selectFoods":[{"name":"土豆丝","price":"15","desc":"家常菜","typename":"热菜","typeid":2,"img":"http://localhost:6166/static/img/tudousi.jpg","__v":0,"created":"-","updated":"-","count":2},{"name":"土豆丝1","price":"15","desc":"家常菜","typename":"热菜","typeid":2,"img":"http://localhost:6166/static/img/tudousi.jpg","__v":0,"created":"-","updated":"-","count":2}],"username":"ceshi@ceshi.com"}
response time: 2
response status: 200
response body: 
{"selectFoods":[{"name":"土豆丝","price":"15","desc":"家常菜","typename":"热菜","typeid":2,"img":"http://localhost:6166/static/img/tudousi.jpg","__v":0,"created":"-","updated":"-","count":2},{"name":"土豆丝1","price":"15","desc":"家常菜","typename":"热菜","typeid":2,"img":"http://localhost:6166/static/img/tudousi.jpg","__v":0,"created":"-","updated":"-","count":2}],"username":"ceshi@ceshi.com"}
*************** response log end ***************

[2021-11-22T20:57:09.962] [INFO] responseLog - 
*************** response log start ***************
request method: POST
request originalUrl:  /user/login
request client ip:  null
request body: 
{"us":"ceshi@ceshi.com","ps":"ceshi"}
response time: 19
response status: 200
response body: 
{"us":"ceshi@ceshi.com","ps":"ceshi"}
*************** response log end ***************

[2021-11-22T20:57:10.024] [INFO] responseLog - 
*************** response log start ***************
request method: POST
request originalUrl:  /food/page
request client ip:  null
request body: 
{"pageSize":100000}
response time: 5
response status: 200
response body: 
{"pageSize":100000}
*************** response log end ***************

[2021-11-22T20:57:10.049] [INFO] responseLog - 
*************** response log start ***************
request method: POST
request originalUrl:  /payment/page
request client ip:  null
request body: 
{"pageSize":100000,"isDone":0,"username":"ceshi@ceshi.com"}
response time: 2
response status: 200
response body: 
{"pageSize":100000,"isDone":0,"username":"ceshi@ceshi.com"}
*************** response log end ***************

[2021-11-22T20:57:17.861] [INFO] responseLog - 
*************** response log start ***************
request method: POST
request originalUrl:  /payment/add
request client ip:  null
request body: 
{"selectFoods":[{"name":"土豆丝","price":"15","desc":"家常菜","typename":"热菜","typeid":2,"img":"http://localhost:6166/static/img/tudousi.jpg","__v":0,"created":"-","updated":"-","count":3},{"name":"土豆丝1","price":"15","desc":"家常菜","typename":"热菜","typeid":2,"img":"http://localhost:6166/static/img/tudousi.jpg","__v":0,"created":"-","updated":"-","count":3}],"username":"ceshi@ceshi.com"}
response time: 2
response status: 200
response body: 
{"selectFoods":[{"name":"土豆丝","price":"15","desc":"家常菜","typename":"热菜","typeid":2,"img":"http://localhost:6166/static/img/tudousi.jpg","__v":0,"created":"-","updated":"-","count":3},{"name":"土豆丝1","price":"15","desc":"家常菜","typename":"热菜","typeid":2,"img":"http://localhost:6166/static/img/tudousi.jpg","__v":0,"created":"-","updated":"-","count":3}],"username":"ceshi@ceshi.com"}
*************** response log end ***************

[2021-11-22T20:57:20.469] [INFO] responseLog - 
*************** response log start ***************
request method: POST
request originalUrl:  /user/login
request client ip:  null
request body: 
{"us":"ceshi@ceshi.com","ps":"ceshi"}
response time: 1
response status: 200
response body: 
{"us":"ceshi@ceshi.com","ps":"ceshi"}
*************** response log end ***************

[2021-11-22T20:57:20.592] [INFO] responseLog - 
*************** response log start ***************
request method: POST
request originalUrl:  /food/page
request client ip:  null
request body: 
{"pageSize":100000}
response time: 1
response status: 200
response body: 
{"pageSize":100000}
*************** response log end ***************

[2021-11-22T20:57:20.619] [INFO] responseLog - 
*************** response log start ***************
request method: POST
request originalUrl:  /payment/page
request client ip:  null
request body: 
{"pageSize":100000,"isDone":0,"username":"ceshi@ceshi.com"}
response time: 1
response status: 200
response body: 
{"pageSize":100000,"isDone":0,"username":"ceshi@ceshi.com"}
*************** response log end ***************

[2021-11-22T20:58:40.844] [INFO] responseLog - 
*************** response log start ***************
request method: POST
request originalUrl:  /user/login
request client ip:  null
request body: 
{"us":"ceshi@ceshi.com","ps":"ceshi"}
response time: 4
response status: 200
response body: 
{"us":"ceshi@ceshi.com","ps":"ceshi"}
*************** response log end ***************

[2021-11-22T20:58:40.860] [INFO] responseLog - 
*************** response log start ***************
request method: POST
request originalUrl:  /food/page
request client ip:  null
request body: 
{"pageSize":100000}
response time: 2
response status: 200
response body: 
{"pageSize":100000}
*************** response log end ***************

[2021-11-22T20:58:40.917] [INFO] responseLog - 
*************** response log start ***************
request method: POST
request originalUrl:  /payment/page
request client ip:  null
request body: 
{"pageSize":100000,"isDone":0,"username":"ceshi@ceshi.com"}
response time: 2
response status: 200
response body: 
{"pageSize":100000,"isDone":0,"username":"ceshi@ceshi.com"}
*************** response log end ***************

[2021-11-22T20:58:45.505] [INFO] responseLog - 
*************** response log start ***************
request method: POST
request originalUrl:  /payment/add
request client ip:  null
request body: 
{"selectFoods":[{"name":"土豆丝2","price":"15","desc":"家常菜","typename":"热菜","typeid":2,"img":"http://localhost:6166/static/img/tudousi.jpg","__v":0,"created":"-","updated":"-","count":2},{"name":"土豆丝6666","price":"15","desc":"家常菜","typename":"热菜","typeid":2,"img":"http://localhost:6166/static/img/tudousi.jpg","__v":0,"created":"-","updated":"-","count":2}],"username":"ceshi@ceshi.com"}
response time: 18
response status: 200
response body: 
{"selectFoods":[{"name":"土豆丝2","price":"15","desc":"家常菜","typename":"热菜","typeid":2,"img":"http://localhost:6166/static/img/tudousi.jpg","__v":0,"created":"-","updated":"-","count":2},{"name":"土豆丝6666","price":"15","desc":"家常菜","typename":"热菜","typeid":2,"img":"http://localhost:6166/static/img/tudousi.jpg","__v":0,"created":"-","updated":"-","count":2}],"username":"ceshi@ceshi.com"}
*************** response log end ***************

[2021-11-22T20:58:48.485] [INFO] responseLog - 
*************** response log start ***************
request method: POST
request originalUrl:  /user/login
request client ip:  null
request body: 
{"us":"ceshi@ceshi.com","ps":"ceshi"}
response time: 2
response status: 200
response body: 
{"us":"ceshi@ceshi.com","ps":"ceshi"}
*************** response log end ***************

[2021-11-22T20:58:48.625] [INFO] responseLog - 
*************** response log start ***************
request method: POST
request originalUrl:  /food/page
request client ip:  null
request body: 
{"pageSize":100000}
response time: 1
response status: 200
response body: 
{"pageSize":100000}
*************** response log end ***************

[2021-11-22T20:58:48.665] [INFO] responseLog - 
*************** response log start ***************
request method: POST
request originalUrl:  /payment/page
request client ip:  null
request body: 
{"pageSize":100000,"isDone":0,"username":"ceshi@ceshi.com"}
response time: 2
response status: 200
response body: 
{"pageSize":100000,"isDone":0,"username":"ceshi@ceshi.com"}
*************** response log end ***************

[2021-11-22T20:58:55.825] [INFO] responseLog - 
*************** response log start ***************
request method: POST
request originalUrl:  /payment/add
request client ip:  null
request body: 
{"selectFoods":[{"name":"土豆丝6666","price":"15","desc":"家常菜","typename":"热菜","typeid":2,"img":"http://localhost:6166/static/img/tudousi.jpg","__v":0,"created":"-","updated":"-","count":2}],"username":"ceshi@ceshi.com"}
response time: 7
response status: 200
response body: 
{"selectFoods":[{"name":"土豆丝6666","price":"15","desc":"家常菜","typename":"热菜","typeid":2,"img":"http://localhost:6166/static/img/tudousi.jpg","__v":0,"created":"-","updated":"-","count":2}],"username":"ceshi@ceshi.com"}
*************** response log end ***************

[2021-11-22T20:58:58.145] [INFO] responseLog - 
*************** response log start ***************
request method: POST
request originalUrl:  /user/login
request client ip:  null
request body: 
{"us":"ceshi@ceshi.com","ps":"ceshi"}
response time: 1
response status: 200
response body: 
{"us":"ceshi@ceshi.com","ps":"ceshi"}
*************** response log end ***************

[2021-11-22T20:58:58.291] [INFO] responseLog - 
*************** response log start ***************
request method: POST
request originalUrl:  /food/page
request client ip:  null
request body: 
{"pageSize":100000}
response time: 0
response status: 200
response body: 
{"pageSize":100000}
*************** response log end ***************

[2021-11-22T20:58:58.315] [INFO] responseLog - 
*************** response log start ***************
request method: POST
request originalUrl:  /payment/page
request client ip:  null
request body: 
{"pageSize":100000,"isDone":0,"username":"ceshi@ceshi.com"}
response time: 1
response status: 200
response body: 
{"pageSize":100000,"isDone":0,"username":"ceshi@ceshi.com"}
*************** response log end ***************

[2021-11-22T20:59:01.314] [INFO] responseLog - 
*************** response log start ***************
request method: POST
request originalUrl:  /payment/page
request client ip:  null
request body: 
{"pageNo":1,"pageSize":5}
response time: 4
response status: 200
response body: 
{"pageNo":1,"pageSize":5}
*************** response log end ***************

[2021-11-22T20:59:08.236] [INFO] responseLog - 
*************** response log start ***************
request method: POST
request originalUrl:  /payment/del
request client ip:  127.0.0.1
request body: 
{"_id":"619b940f86456a658c4876a7"}
response time: 4
response status: 200
response body: 
{"_id":"619b940f86456a658c4876a7"}
*************** response log end ***************

[2021-11-22T20:59:08.253] [INFO] responseLog - 
*************** response log start ***************
request method: POST
request originalUrl:  /payment/page
request client ip:  127.0.0.1
request body: 
{"pageNo":1,"pageSize":5}
response time: 1
response status: 200
response body: 
{"pageNo":1,"pageSize":5}
*************** response log end ***************

[2021-11-22T20:59:12.350] [INFO] responseLog - 
*************** response log start ***************
request method: POST
request originalUrl:  /payment/page
request client ip:  127.0.0.1
request body: 
{"pageNo":1,"pageSize":5}
response time: 1
response status: 200
response body: 
{"pageNo":1,"pageSize":5}
*************** response log end ***************

[2021-11-22T20:59:53.104] [INFO] responseLog - 
*************** response log start ***************
request method: POST
request originalUrl:  /payment/page
request client ip:  127.0.0.1
request body: 
{"pageNo":1,"pageSize":5}
response time: 10
response status: 200
response body: 
{"pageNo":1,"pageSize":5}
*************** response log end ***************

[2021-11-22T20:59:55.593] [INFO] responseLog - 
*************** response log start ***************
request method: POST
request originalUrl:  /payment/del
request client ip:  127.0.0.1
request body: 
{"_id":"619b940f86456a658c4876a7"}
response time: 8
response status: 200
response body: 
{"_id":"619b940f86456a658c4876a7"}
*************** response log end ***************

[2021-11-22T20:59:55.607] [INFO] responseLog - 
*************** response log start ***************
request method: POST
request originalUrl:  /payment/page
request client ip:  127.0.0.1
request body: 
{"pageNo":1,"pageSize":5}
response time: 1
response status: 200
response body: 
{"pageNo":1,"pageSize":5}
*************** response log end ***************

[2021-11-22T21:00:02.741] [INFO] responseLog - 
*************** response log start ***************
request method: POST
request originalUrl:  /user/login
request client ip:  127.0.0.1
request body: 
{"us":"ceshi@ceshi.com","ps":"ceshi"}
response time: 3
response status: 200
response body: 
{"us":"ceshi@ceshi.com","ps":"ceshi"}
*************** response log end ***************

[2021-11-22T21:00:02.883] [INFO] responseLog - 
*************** response log start ***************
request method: POST
request originalUrl:  /food/page
request client ip:  127.0.0.1
request body: 
{"pageSize":100000}
response time: 3
response status: 200
response body: 
{"pageSize":100000}
*************** response log end ***************

[2021-11-22T21:00:02.910] [INFO] responseLog - 
*************** response log start ***************
request method: POST
request originalUrl:  /payment/page
request client ip:  127.0.0.1
request body: 
{"pageSize":100000,"isDone":0,"username":"ceshi@ceshi.com"}
response time: 2
response status: 200
response body: 
{"pageSize":100000,"isDone":0,"username":"ceshi@ceshi.com"}
*************** response log end ***************

[2021-11-22T21:00:07.402] [INFO] responseLog - 
*************** response log start ***************
request method: POST
request originalUrl:  /payment/update
request client ip:  127.0.0.1
request body: 
{"id":1,"prince":0,"count":0,"price":0,"typeid":0,"isDone":0,"selectFoods":[{"name":"土豆丝2","price":"15","desc":"家常菜","typename":"热菜","typeid":2,"img":"http://localhost:6166/static/img/tudousi.jpg","__v":0,"created":"-","updated":"-","count":2},{"name":"土豆丝6666","price":"15","desc":"家常菜","typename":"热菜","typeid":2,"img":"http://localhost:6166/static/img/tudousi.jpg","__v":0,"created":"-","updated":"-","count":2}],"_id":"619b940586456a658c4876a6","username":"ceshi@ceshi.com","__v":0,"_index":1,"_rowKey":5}
response time: 7
response status: 200
response body: 
{"id":1,"prince":0,"count":0,"price":0,"typeid":0,"isDone":0,"selectFoods":[{"name":"土豆丝2","price":"15","desc":"家常菜","typename":"热菜","typeid":2,"img":"http://localhost:6166/static/img/tudousi.jpg","__v":0,"created":"-","updated":"-","count":2},{"name":"土豆丝6666","price":"15","desc":"家常菜","typename":"热菜","typeid":2,"img":"http://localhost:6166/static/img/tudousi.jpg","__v":0,"created":"-","updated":"-","count":2}],"_id":"619b940586456a658c4876a6","username":"ceshi@ceshi.com","__v":0,"_index":1,"_rowKey":5}
*************** response log end ***************

[2021-11-22T21:00:09.992] [INFO] responseLog - 
*************** response log start ***************
request method: POST
request originalUrl:  /payment/page
request client ip:  127.0.0.1
request body: 
{"pageNo":1,"pageSize":5}
response time: 0
response status: 200
response body: 
{"pageNo":1,"pageSize":5}
*************** response log end ***************

[2021-11-22T21:00:13.595] [INFO] responseLog - 
*************** response log start ***************
request method: POST
request originalUrl:  /user/login
request client ip:  127.0.0.1
request body: 
{"us":"ceshi@ceshi.com","ps":"ceshi"}
response time: 2
response status: 200
response body: 
{"us":"ceshi@ceshi.com","ps":"ceshi"}
*************** response log end ***************

[2021-11-22T21:00:13.742] [INFO] responseLog - 
*************** response log start ***************
request method: POST
request originalUrl:  /food/page
request client ip:  127.0.0.1
request body: 
{"pageSize":100000}
response time: 1
response status: 200
response body: 
{"pageSize":100000}
*************** response log end ***************

[2021-11-22T21:00:13.772] [INFO] responseLog - 
*************** response log start ***************
request method: POST
request originalUrl:  /payment/page
request client ip:  127.0.0.1
request body: 
{"pageSize":100000,"isDone":0,"username":"ceshi@ceshi.com"}
response time: 1
response status: 200
response body: 
{"pageSize":100000,"isDone":0,"username":"ceshi@ceshi.com"}
*************** response log end ***************

[2021-11-22T21:04:19.984] [INFO] responseLog - 
*************** response log start ***************
request method: POST
request originalUrl:  /user/login
request client ip:  null
request body: 
{"us":"ceshi@ceshi.com","ps":"ceshi"}
response time: 1
response status: 200
response body: 
{"us":"ceshi@ceshi.com","ps":"ceshi"}
*************** response log end ***************

[2021-11-22T21:04:21.345] [INFO] responseLog - 
*************** response log start ***************
request method: POST
request originalUrl:  /user/login
request client ip:  null
request body: 
{"us":"ceshi@ceshi.com","ps":"ceshi"}
response time: 1
response status: 200
response body: 
{"us":"ceshi@ceshi.com","ps":"ceshi"}
*************** response log end ***************

[2021-11-22T21:04:21.391] [INFO] responseLog - 
*************** response log start ***************
request method: POST
request originalUrl:  /food/page
request client ip:  null
request body: 
{"pageSize":100000}
response time: 0
response status: 200
response body: 
{"pageSize":100000}
*************** response log end ***************

[2021-11-22T21:04:21.412] [INFO] responseLog - 
*************** response log start ***************
request method: POST
request originalUrl:  /payment/page
request client ip:  null
request body: 
{"pageSize":100000,"isDone":0,"username":"ceshi@ceshi.com"}
response time: 1
response status: 200
response body: 
{"pageSize":100000,"isDone":0,"username":"ceshi@ceshi.com"}
*************** response log end ***************

[2021-11-22T21:55:22.279] [INFO] responseLog - 
*************** response log start ***************
request method: POST
request originalUrl:  /payment/add
request client ip:  null
request body: 
{"selectFoods":[{"name":"土豆丝","price":"15","desc":"家常菜","typename":"热菜","typeid":2,"img":"http://localhost:6166/static/img/tudousi.jpg","__v":0,"created":"-","updated":"-","count":2}],"username":"ceshi@ceshi.com"}
response time: 14
response status: 200
response body: 
{"selectFoods":[{"name":"土豆丝","price":"15","desc":"家常菜","typename":"热菜","typeid":2,"img":"http://localhost:6166/static/img/tudousi.jpg","__v":0,"created":"-","updated":"-","count":2}],"username":"ceshi@ceshi.com"}
*************** response log end ***************

[2021-11-22T22:02:31.509] [INFO] responseLog - 
*************** response log start ***************
request method: POST
request originalUrl:  /user/login
request client ip:  null
request body: 
{"us":"ceshi@ceshi.com","ps":"ceshi"}
response time: 1
response status: 200
response body: 
{"us":"ceshi@ceshi.com","ps":"ceshi"}
*************** response log end ***************

[2021-11-22T22:02:34.207] [INFO] responseLog - 
*************** response log start ***************
request method: POST
request originalUrl:  /user/login
request client ip:  null
request body: 
{"us":"ceshi@ceshi.com","ps":"ceshi"}
response time: 1
response status: 200
response body: 
{"us":"ceshi@ceshi.com","ps":"ceshi"}
*************** response log end ***************

[2021-11-22T22:02:34.269] [INFO] responseLog - 
*************** response log start ***************
request method: POST
request originalUrl:  /food/page
request client ip:  null
request body: 
{"pageSize":100000}
response time: 0
response status: 200
response body: 
{"pageSize":100000}
*************** response log end ***************

[2021-11-22T22:02:34.296] [INFO] responseLog - 
*************** response log start ***************
request method: POST
request originalUrl:  /payment/page
request client ip:  null
request body: 
{"pageSize":100000,"isDone":0,"username":"ceshi@ceshi.com"}
response time: 1
response status: 200
response body: 
{"pageSize":100000,"isDone":0,"username":"ceshi@ceshi.com"}
*************** response log end ***************

[2021-11-22T22:08:19.853] [INFO] responseLog - 
*************** response log start ***************
request method: POST
request originalUrl:  /user/login
request client ip:  null
request body: 
{"us":"ceshi@ceshi.com","ps":"ceshi"}
response time: 19
response status: 200
response body: 
{"us":"ceshi@ceshi.com","ps":"ceshi"}
*************** response log end ***************

[2021-11-22T22:08:20.598] [INFO] responseLog - 
*************** response log start ***************
request method: POST
request originalUrl:  /user/login
request client ip:  null
request body: 
{"us":"ceshi@ceshi.com","ps":"ceshi"}
response time: 0
response status: 200
response body: 
{"us":"ceshi@ceshi.com","ps":"ceshi"}
*************** response log end ***************

[2021-11-22T22:08:20.673] [INFO] responseLog - 
*************** response log start ***************
request method: POST
request originalUrl:  /food/page
request client ip:  null
request body: 
{"pageSize":100000}
response time: 6
response status: 200
response body: 
{"pageSize":100000}
*************** response log end ***************

[2021-11-22T22:08:20.708] [INFO] responseLog - 
*************** response log start ***************
request method: POST
request originalUrl:  /payment/page
request client ip:  null
request body: 
{"pageSize":100000,"isDone":0,"username":"ceshi@ceshi.com"}
response time: 3
response status: 200
response body: 
{"pageSize":100000,"isDone":0,"username":"ceshi@ceshi.com"}
*************** response log end ***************

[2021-11-22T22:08:49.822] [INFO] responseLog - 
*************** response log start ***************
request method: POST
request originalUrl:  /user/login
request client ip:  null
request body: 
{"us":"ceshi@ceshi.com","ps":"ceshi"}
response time: 3
response status: 200
response body: 
{"us":"ceshi@ceshi.com","ps":"ceshi"}
*************** response log end ***************

[2021-11-22T22:08:49.853] [INFO] responseLog - 
*************** response log start ***************
request method: POST
request originalUrl:  /food/page
request client ip:  null
request body: 
{"pageSize":100000}
response time: 0
response status: 200
response body: 
{"pageSize":100000}
*************** response log end ***************

[2021-11-22T22:08:49.877] [INFO] responseLog - 
*************** response log start ***************
request method: POST
request originalUrl:  /payment/page
request client ip:  null
request body: 
{"pageSize":100000,"isDone":0,"username":"ceshi@ceshi.com"}
response time: 2
response status: 200
response body: 
{"pageSize":100000,"isDone":0,"username":"ceshi@ceshi.com"}
*************** response log end ***************

[2021-11-22T22:08:54.109] [INFO] responseLog - 
*************** response log start ***************
request method: POST
request originalUrl:  /user/login
request client ip:  null
request body: 
{"us":"ceshi@ceshi.com","ps":"ceshi"}
response time: 3
response status: 200
response body: 
{"us":"ceshi@ceshi.com","ps":"ceshi"}
*************** response log end ***************

[2021-11-22T22:08:54.148] [INFO] responseLog - 
*************** response log start ***************
request method: POST
request originalUrl:  /food/page
request client ip:  null
request body: 
{"pageSize":100000}
response time: 0
response status: 200
response body: 
{"pageSize":100000}
*************** response log end ***************

[2021-11-22T22:08:54.168] [INFO] responseLog - 
*************** response log start ***************
request method: POST
request originalUrl:  /payment/page
request client ip:  null
request body: 
{"pageSize":100000,"isDone":0,"username":"ceshi@ceshi.com"}
response time: 1
response status: 200
response body: 
{"pageSize":100000,"isDone":0,"username":"ceshi@ceshi.com"}
*************** response log end ***************

[2021-11-22T22:09:00.096] [INFO] responseLog - 
*************** response log start ***************
request method: POST
request originalUrl:  /user/login
request client ip:  null
request body: 
{"us":"ceshi@ceshi.com","ps":"ceshi"}
response time: 2
response status: 200
response body: 
{"us":"ceshi@ceshi.com","ps":"ceshi"}
*************** response log end ***************

[2021-11-22T22:09:00.131] [INFO] responseLog - 
*************** response log start ***************
request method: POST
request originalUrl:  /food/page
request client ip:  null
request body: 
{"pageSize":100000}
response time: 0
response status: 200
response body: 
{"pageSize":100000}
*************** response log end ***************

[2021-11-22T22:09:00.154] [INFO] responseLog - 
*************** response log start ***************
request method: POST
request originalUrl:  /payment/page
request client ip:  null
request body: 
{"pageSize":100000,"isDone":0,"username":"ceshi@ceshi.com"}
response time: 1
response status: 200
response body: 
{"pageSize":100000,"isDone":0,"username":"ceshi@ceshi.com"}
*************** response log end ***************

[2021-11-22T22:09:01.727] [INFO] responseLog - 
*************** response log start ***************
request method: POST
request originalUrl:  /user/login
request client ip:  null
request body: 
{"us":"ceshi@ceshi.com","ps":"ceshi"}
response time: 1
response status: 200
response body: 
{"us":"ceshi@ceshi.com","ps":"ceshi"}
*************** response log end ***************

[2021-11-22T22:09:01.774] [INFO] responseLog - 
*************** response log start ***************
request method: POST
request originalUrl:  /food/page
request client ip:  null
request body: 
{"pageSize":100000}
response time: 2
response status: 200
response body: 
{"pageSize":100000}
*************** response log end ***************

[2021-11-22T22:09:01.799] [INFO] responseLog - 
*************** response log start ***************
request method: POST
request originalUrl:  /payment/page
request client ip:  null
request body: 
{"pageSize":100000,"isDone":0,"username":"ceshi@ceshi.com"}
response time: 1
response status: 200
response body: 
{"pageSize":100000,"isDone":0,"username":"ceshi@ceshi.com"}
*************** response log end ***************

[2021-11-22T22:09:25.566] [INFO] responseLog - 
*************** response log start ***************
request method: POST
request originalUrl:  /user/login
request client ip:  null
request body: 
{"us":"ceshi@ceshi.com","ps":"ceshi"}
response time: 2
response status: 200
response body: 
{"us":"ceshi@ceshi.com","ps":"ceshi"}
*************** response log end ***************

[2021-11-22T22:09:25.707] [INFO] responseLog - 
*************** response log start ***************
request method: POST
request originalUrl:  /food/page
request client ip:  null
request body: 
{"pageSize":100000}
response time: 1
response status: 200
response body: 
{"pageSize":100000}
*************** response log end ***************

[2021-11-22T22:09:25.733] [INFO] responseLog - 
*************** response log start ***************
request method: POST
request originalUrl:  /payment/page
request client ip:  null
request body: 
{"pageSize":100000,"isDone":0,"username":"ceshi@ceshi.com"}
response time: 1
response status: 200
response body: 
{"pageSize":100000,"isDone":0,"username":"ceshi@ceshi.com"}
*************** response log end ***************

[2021-11-22T22:09:29.728] [INFO] responseLog - 
*************** response log start ***************
request method: POST
request originalUrl:  /user/login
request client ip:  null
request body: 
{"us":"ceshi@ceshi.com","ps":"ceshi"}
response time: 1
response status: 200
response body: 
{"us":"ceshi@ceshi.com","ps":"ceshi"}
*************** response log end ***************

[2021-11-22T22:09:30.959] [INFO] responseLog - 
*************** response log start ***************
request method: POST
request originalUrl:  /user/login
request client ip:  null
request body: 
{"us":"ceshi@ceshi.com","ps":"ceshi"}
response time: 1
response status: 200
response body: 
{"us":"ceshi@ceshi.com","ps":"ceshi"}
*************** response log end ***************

[2021-11-22T22:09:31.020] [INFO] responseLog - 
*************** response log start ***************
request method: POST
request originalUrl:  /food/page
request client ip:  null
request body: 
{"pageSize":100000}
response time: 0
response status: 200
response body: 
{"pageSize":100000}
*************** response log end ***************

[2021-11-22T22:09:31.047] [INFO] responseLog - 
*************** response log start ***************
request method: POST
request originalUrl:  /payment/page
request client ip:  null
request body: 
{"pageSize":100000,"isDone":0,"username":"ceshi@ceshi.com"}
response time: 1
response status: 200
response body: 
{"pageSize":100000,"isDone":0,"username":"ceshi@ceshi.com"}
*************** response log end ***************

[2021-11-22T22:13:12.643] [INFO] responseLog - 
*************** response log start ***************
request method: POST
request originalUrl:  /permit/list
request client ip:  null
request body: 
{}
response time: 2
response status: 200
response body: 
{}
*************** response log end ***************

[2021-11-22T22:13:59.843] [INFO] responseLog - 
*************** response log start ***************
request method: POST
request originalUrl:  /role/page
request client ip:  null
request body: 
{"pageNo":1,"pageSize":5}
response time: 1
response status: 200
response body: 
{"pageNo":1,"pageSize":5}
*************** response log end ***************

[2021-11-22T22:14:00.615] [INFO] responseLog - 
*************** response log start ***************
request method: POST
request originalUrl:  /food/page
request client ip:  null
request body: 
{"pageNo":1,"pageSize":5}
response time: 1
response status: 200
response body: 
{"pageNo":1,"pageSize":5}
*************** response log end ***************

[2021-11-22T22:14:01.252] [INFO] responseLog - 
*************** response log start ***************
request method: POST
request originalUrl:  /lang/page
request client ip:  null
request body: 
{"pageNo":1,"pageSize":9999999}
response time: 1
response status: 200
response body: 
{"pageNo":1,"pageSize":9999999}
*************** response log end ***************

[2021-11-22T22:14:05.227] [INFO] responseLog - 
*************** response log start ***************
request method: POST
request originalUrl:  /role/page
request client ip:  null
request body: 
{}
response time: 1
response status: 200
response body: 
{}
*************** response log end ***************

[2021-11-22T22:14:05.239] [INFO] responseLog - 
*************** response log start ***************
request method: POST
request originalUrl:  /user/page
request client ip:  null
request body: 
{"pageNo":1,"pageSize":5}
response time: 1
response status: 200
response body: 
{"pageNo":1,"pageSize":5}
*************** response log end ***************

[2021-11-22T22:14:05.917] [INFO] responseLog - 
*************** response log start ***************
request method: POST
request originalUrl:  /payment/page
request client ip:  null
request body: 
{"pageNo":1,"pageSize":5}
response time: 0
response status: 200
response body: 
{"pageNo":1,"pageSize":5}
*************** response log end ***************

[2021-11-22T22:14:52.022] [INFO] responseLog - 
*************** response log start ***************
request method: POST
request originalUrl:  /payment/page
request client ip:  null
request body: 
{"pageNo":1,"pageSize":5}
response time: 1
response status: 200
response body: 
{"pageNo":1,"pageSize":5}
*************** response log end ***************

[2021-11-22T22:15:17.929] [INFO] responseLog - 
*************** response log start ***************
request method: POST
request originalUrl:  /payment/page
request client ip:  null
request body: 
{"pageNo":1,"pageSize":5}
response time: 1
response status: 200
response body: 
{"pageNo":1,"pageSize":5}
*************** response log end ***************

[2021-11-22T22:15:23.209] [INFO] responseLog - 
*************** response log start ***************
request method: POST
request originalUrl:  /payment/page
request client ip:  null
request body: 
{"pageNo":1,"pageSize":5}
response time: 0
response status: 200
response body: 
{"pageNo":1,"pageSize":5}
*************** response log end ***************

[2021-11-22T22:15:24.236] [INFO] responseLog - 
*************** response log start ***************
request method: POST
request originalUrl:  /payment/page
request client ip:  null
request body: 
{"pageNo":1,"pageSize":5}
response time: 1
response status: 200
response body: 
{"pageNo":1,"pageSize":5}
*************** response log end ***************

[2021-11-22T22:16:30.000] [INFO] responseLog - 
*************** response log start ***************
request method: POST
request originalUrl:  /payment/page
request client ip:  null
request body: 
{"pageNo":1,"pageSize":5}
response time: 1
response status: 200
response body: 
{"pageNo":1,"pageSize":5}
*************** response log end ***************

[2021-11-22T22:17:28.193] [INFO] responseLog - 
*************** response log start ***************
request method: POST
request originalUrl:  /payment/page
request client ip:  null
request body: 
{"pageNo":1,"pageSize":5}
response time: 1
response status: 200
response body: 
{"pageNo":1,"pageSize":5}
*************** response log end ***************

[2021-11-22T22:17:47.471] [INFO] responseLog - 
*************** response log start ***************
request method: POST
request originalUrl:  /payment/page
request client ip:  null
request body: 
{"pageNo":1,"pageSize":5}
response time: 1
response status: 200
response body: 
{"pageNo":1,"pageSize":5}
*************** response log end ***************

[2021-11-22T22:17:53.554] [INFO] responseLog - 
*************** response log start ***************
request method: POST
request originalUrl:  /payment/page
request client ip:  null
request body: 
{"pageNo":1,"pageSize":5}
response time: 1
response status: 200
response body: 
{"pageNo":1,"pageSize":5}
*************** response log end ***************

[2021-11-22T22:18:21.814] [INFO] responseLog - 
*************** response log start ***************
request method: POST
request originalUrl:  /payment/page
request client ip:  null
request body: 
{"pageNo":1,"pageSize":5}
response time: 1
response status: 200
response body: 
{"pageNo":1,"pageSize":5}
*************** response log end ***************

[2021-11-22T22:18:46.305] [INFO] responseLog - 
*************** response log start ***************
request method: POST
request originalUrl:  /payment/page
request client ip:  null
request body: 
{"pageNo":1,"pageSize":5}
response time: 1
response status: 200
response body: 
{"pageNo":1,"pageSize":5}
*************** response log end ***************

[2021-11-22T22:18:52.553] [INFO] responseLog - 
*************** response log start ***************
request method: POST
request originalUrl:  /payment/page
request client ip:  null
request body: 
{"pageNo":1,"pageSize":5}
response time: 1
response status: 200
response body: 
{"pageNo":1,"pageSize":5}
*************** response log end ***************

[2021-11-22T22:18:56.622] [INFO] responseLog - 
*************** response log start ***************
request method: POST
request originalUrl:  /payment/page
request client ip:  null
request body: 
{"pageNo":1,"pageSize":5}
response time: 1
response status: 200
response body: 
{"pageNo":1,"pageSize":5}
*************** response log end ***************

[2021-11-22T22:18:58.515] [INFO] responseLog - 
*************** response log start ***************
request method: POST
request originalUrl:  /payment/page
request client ip:  null
request body: 
{"pageNo":1,"pageSize":5}
response time: 1
response status: 200
response body: 
{"pageNo":1,"pageSize":5}
*************** response log end ***************

[2021-11-22T22:19:00.219] [INFO] responseLog - 
*************** response log start ***************
request method: POST
request originalUrl:  /payment/page
request client ip:  null
request body: 
{"pageNo":1,"pageSize":5}
response time: 1
response status: 200
response body: 
{"pageNo":1,"pageSize":5}
*************** response log end ***************

[2021-11-22T22:19:02.491] [INFO] responseLog - 
*************** response log start ***************
request method: POST
request originalUrl:  /payment/page
request client ip:  null
request body: 
{"pageNo":1,"pageSize":5}
response time: 1
response status: 200
response body: 
{"pageNo":1,"pageSize":5}
*************** response log end ***************

[2021-11-22T22:19:04.133] [INFO] responseLog - 
*************** response log start ***************
request method: POST
request originalUrl:  /payment/page
request client ip:  null
request body: 
{"pageNo":1,"pageSize":5}
response time: 2
response status: 200
response body: 
{"pageNo":1,"pageSize":5}
*************** response log end ***************

[2021-11-22T22:19:09.050] [INFO] responseLog - 
*************** response log start ***************
request method: POST
request originalUrl:  /payment/page
request client ip:  null
request body: 
{"pageNo":1,"pageSize":5}
response time: 1
response status: 200
response body: 
{"pageNo":1,"pageSize":5}
*************** response log end ***************

[2021-11-22T22:19:29.194] [INFO] responseLog - 
*************** response log start ***************
request method: POST
request originalUrl:  /payment/page
request client ip:  null
request body: 
{"pageNo":1,"pageSize":5}
response time: 1
response status: 200
response body: 
{"pageNo":1,"pageSize":5}
*************** response log end ***************

[2021-11-22T22:19:33.676] [INFO] responseLog - 
*************** response log start ***************
request method: POST
request originalUrl:  /payment/page
request client ip:  null
request body: 
{"pageNo":1,"pageSize":5}
response time: 1
response status: 200
response body: 
{"pageNo":1,"pageSize":5}
*************** response log end ***************

[2021-11-22T22:19:35.399] [INFO] responseLog - 
*************** response log start ***************
request method: POST
request originalUrl:  /payment/page
request client ip:  null
request body: 
{"pageNo":1,"pageSize":5}
response time: 1
response status: 200
response body: 
{"pageNo":1,"pageSize":5}
*************** response log end ***************

[2021-11-22T22:19:50.972] [INFO] responseLog - 
*************** response log start ***************
request method: POST
request originalUrl:  /payment/page
request client ip:  null
request body: 
{"pageNo":1,"pageSize":5}
response time: 1
response status: 200
response body: 
{"pageNo":1,"pageSize":5}
*************** response log end ***************

[2021-11-22T22:20:04.859] [INFO] responseLog - 
*************** response log start ***************
request method: POST
request originalUrl:  /payment/page
request client ip:  null
request body: 
{"pageNo":1,"pageSize":5}
response time: 1
response status: 200
response body: 
{"pageNo":1,"pageSize":5}
*************** response log end ***************

[2021-11-22T22:20:18.126] [INFO] responseLog - 
*************** response log start ***************
request method: POST
request originalUrl:  /payment/page
request client ip:  null
request body: 
{"pageNo":1,"pageSize":5}
response time: 1
response status: 200
response body: 
{"pageNo":1,"pageSize":5}
*************** response log end ***************

[2021-11-22T22:20:19.508] [INFO] responseLog - 
*************** response log start ***************
request method: POST
request originalUrl:  /payment/page
request client ip:  null
request body: 
{"pageNo":1,"pageSize":5}
response time: 1
response status: 200
response body: 
{"pageNo":1,"pageSize":5}
*************** response log end ***************

[2021-11-22T22:21:22.729] [INFO] responseLog - 
*************** response log start ***************
request method: POST
request originalUrl:  /payment/page
request client ip:  null
request body: 
{"pageNo":1,"pageSize":5}
response time: 1
response status: 200
response body: 
{"pageNo":1,"pageSize":5}
*************** response log end ***************

[2021-11-22T22:21:31.959] [INFO] responseLog - 
*************** response log start ***************
request method: POST
request originalUrl:  /payment/page
request client ip:  null
request body: 
{"pageNo":1,"pageSize":5}
response time: 1
response status: 200
response body: 
{"pageNo":1,"pageSize":5}
*************** response log end ***************

[2021-11-22T22:21:58.443] [INFO] responseLog - 
*************** response log start ***************
request method: POST
request originalUrl:  /payment/page
request client ip:  null
request body: 
{"pageNo":1,"pageSize":5}
response time: 1
response status: 200
response body: 
{"pageNo":1,"pageSize":5}
*************** response log end ***************

[2021-11-22T22:22:11.940] [INFO] responseLog - 
*************** response log start ***************
request method: POST
request originalUrl:  /payment/page
request client ip:  null
request body: 
{"pageNo":1,"pageSize":5}
response time: 0
response status: 200
response body: 
{"pageNo":1,"pageSize":5}
*************** response log end ***************

[2021-11-22T22:22:13.686] [INFO] responseLog - 
*************** response log start ***************
request method: POST
request originalUrl:  /payment/page
request client ip:  null
request body: 
{"pageNo":1,"pageSize":5}
response time: 1
response status: 200
response body: 
{"pageNo":1,"pageSize":5}
*************** response log end ***************

[2021-11-22T22:22:15.304] [INFO] responseLog - 
*************** response log start ***************
request method: POST
request originalUrl:  /payment/page
request client ip:  null
request body: 
{"pageNo":1,"pageSize":5}
response time: 1
response status: 200
response body: 
{"pageNo":1,"pageSize":5}
*************** response log end ***************

[2021-11-22T22:22:16.936] [INFO] responseLog - 
*************** response log start ***************
request method: POST
request originalUrl:  /payment/page
request client ip:  null
request body: 
{"pageNo":1,"pageSize":5}
response time: 1
response status: 200
response body: 
{"pageNo":1,"pageSize":5}
*************** response log end ***************

[2021-11-22T22:22:48.221] [INFO] responseLog - 
*************** response log start ***************
request method: POST
request originalUrl:  /payment/page
request client ip:  null
request body: 
{"pageNo":1,"pageSize":5}
response time: 1
response status: 200
response body: 
{"pageNo":1,"pageSize":5}
*************** response log end ***************

[2021-11-22T22:22:49.029] [INFO] responseLog - 
*************** response log start ***************
request method: POST
request originalUrl:  /payment/page
request client ip:  null
request body: 
{"pageNo":1,"pageSize":5}
response time: 1
response status: 200
response body: 
{"pageNo":1,"pageSize":5}
*************** response log end ***************

[2021-11-22T22:22:50.208] [INFO] responseLog - 
*************** response log start ***************
request method: POST
request originalUrl:  /payment/page
request client ip:  null
request body: 
{"pageNo":1,"pageSize":5}
response time: 1
response status: 200
response body: 
{"pageNo":1,"pageSize":5}
*************** response log end ***************

[2021-11-22T22:23:52.356] [INFO] responseLog - 
*************** response log start ***************
request method: POST
request originalUrl:  /payment/page
request client ip:  null
request body: 
{"pageNo":1,"pageSize":5}
response time: 1
response status: 200
response body: 
{"pageNo":1,"pageSize":5}
*************** response log end ***************

[2021-11-22T22:23:59.912] [INFO] responseLog - 
*************** response log start ***************
request method: POST
request originalUrl:  /role/page
request client ip:  null
request body: 
{}
response time: 1
response status: 200
response body: 
{}
*************** response log end ***************

[2021-11-22T22:23:59.922] [INFO] responseLog - 
*************** response log start ***************
request method: POST
request originalUrl:  /user/page
request client ip:  null
request body: 
{"pageNo":1,"pageSize":5}
response time: 2
response status: 200
response body: 
{"pageNo":1,"pageSize":5}
*************** response log end ***************

