[2021-11-16T15:14:47.416] [INFO] responseLog - 
*************** response log start ***************
request method: GET
request originalUrl:  /
request client ip:  null
request query:  {}
response time: 6
response status: 404
response body: 
{}
*************** response log end ***************

[2021-11-16T15:14:57.683] [INFO] responseLog - 
*************** response log start ***************
request method: GET
request originalUrl:  /login
request client ip:  null
request query:  {}
response time: 1
response status: 404
response body: 
{}
*************** response log end ***************

[2021-11-16T15:15:02.279] [INFO] responseLog - 
*************** response log start ***************
request method: GET
request originalUrl:  /
request client ip:  null
request query:  {}
response time: 1
response status: 404
response body: 
{}
*************** response log end ***************

[2021-11-16T15:15:56.183] [INFO] responseLog - 
*************** response log start ***************
request method: GET
request originalUrl:  /index.html
request client ip:  null
request query:  {}
response time: 2
response status: 404
response body: 
{}
*************** response log end ***************

[2021-11-16T15:16:01.582] [INFO] responseLog - 
*************** response log start ***************
request method: GET
request originalUrl:  /static
request client ip:  null
request query:  {}
response time: 1
response status: 200
response body: 
{}
*************** response log end ***************

[2021-11-16T15:16:01.592] [INFO] responseLog - 
*************** response log start ***************
request method: GET
request originalUrl:  /static/
request client ip:  null
request query:  {}
response time: 1
response status: 200
response body: 
{}
*************** response log end ***************

[2021-11-16T15:16:01.642] [INFO] responseLog - 
*************** response log start ***************
request method: GET
request originalUrl:  /static/img/loading.gif
request client ip:  null
request query:  {}
response time: 1
response status: 200
response body: 
{}
*************** response log end ***************

[2021-11-16T15:16:01.644] [INFO] responseLog - 
*************** response log start ***************
request method: GET
request originalUrl:  /static/zepto.min.js
request client ip:  null
request query:  {}
response time: 0
response status: 200
response body: 
{}
*************** response log end ***************

[2021-11-16T15:16:01.756] [INFO] responseLog - 
*************** response log start ***************
request method: GET
request originalUrl:  /favicon.ico
request client ip:  null
request query:  {}
response time: 0
response status: 404
response body: 
{}
*************** response log end ***************

[2021-11-16T15:20:44.453] [INFO] responseLog - 
*************** response log start ***************
request method: POST
request originalUrl:  /user/login
request client ip:  null
request body: 
{"us":"ceshi@ceshi.com","ps":"ceshi"}
response time: 8
response status: 200
response body: 
{"us":"ceshi@ceshi.com","ps":"ceshi"}
*************** response log end ***************

[2021-11-16T15:20:44.494] [INFO] responseLog - 
*************** response log start ***************
request method: POST
request originalUrl:  /permit/menus
request client ip:  null
request body: 
{}
response time: 5
response status: 200
response body: 
{}
*************** response log end ***************

[2021-11-16T15:20:48.782] [INFO] responseLog - 
*************** response log start ***************
request method: POST
request originalUrl:  /permit/list
request client ip:  null
request body: 
{}
response time: 2
response status: 200
response body: 
{}
*************** response log end ***************

[2021-11-16T15:20:49.506] [INFO] responseLog - 
*************** response log start ***************
request method: POST
request originalUrl:  /role/page
request client ip:  null
request body: 
{"pageNo":1,"pageSize":5}
response time: 1
response status: 200
response body: 
{"pageNo":1,"pageSize":5}
*************** response log end ***************

[2021-11-16T15:20:50.704] [INFO] responseLog - 
*************** response log start ***************
request method: POST
request originalUrl:  /food/page
request client ip:  null
request body: 
{"pageNo":1,"pageSize":5}
response time: 2
response status: 200
response body: 
{"pageNo":1,"pageSize":5}
*************** response log end ***************

[2021-11-16T15:20:51.234] [INFO] responseLog - 
*************** response log start ***************
request method: POST
request originalUrl:  /lang/page
request client ip:  null
request body: 
{"pageNo":1,"pageSize":9999999}
response time: 2
response status: 200
response body: 
{"pageNo":1,"pageSize":9999999}
*************** response log end ***************

[2021-11-16T15:21:36.794] [INFO] responseLog - 
*************** response log start ***************
request method: POST
request originalUrl:  /role/page
request client ip:  null
request body: 
{}
response time: 1
response status: 200
response body: 
{}
*************** response log end ***************

[2021-11-16T15:21:36.809] [INFO] responseLog - 
*************** response log start ***************
request method: POST
request originalUrl:  /user/page
request client ip:  null
request body: 
{"pageNo":1,"pageSize":5}
response time: 2
response status: 200
response body: 
{"pageNo":1,"pageSize":5}
*************** response log end ***************

[2021-11-16T15:24:08.986] [INFO] responseLog - 
*************** response log start ***************
request method: POST
request originalUrl:  /food/page
request client ip:  null
request body: 
{"pageNo":1,"pageSize":5}
response time: 2
response status: 200
response body: 
{"pageNo":1,"pageSize":5}
*************** response log end ***************

[2021-11-16T15:28:18.028] [INFO] responseLog - 
*************** response log start ***************
request method: POST
request originalUrl:  /food/page
request client ip:  null
request body: 
{"pageNo":1,"pageSize":5}
response time: 1
response status: 200
response body: 
{"pageNo":1,"pageSize":5}
*************** response log end ***************

[2021-11-16T15:28:59.568] [INFO] responseLog - 
*************** response log start ***************
request method: POST
request originalUrl:  /food/page
request client ip:  null
request body: 
{"pageNo":1,"pageSize":5}
response time: 1
response status: 200
response body: 
{"pageNo":1,"pageSize":5}
*************** response log end ***************

[2021-11-16T15:31:34.769] [INFO] responseLog - 
*************** response log start ***************
request method: POST
request originalUrl:  /food/page
request client ip:  null
request body: 
{"pageNo":1,"pageSize":5}
response time: 1
response status: 200
response body: 
{"pageNo":1,"pageSize":5}
*************** response log end ***************

[2021-11-16T15:31:38.611] [INFO] responseLog - 
*************** response log start ***************
request method: POST
request originalUrl:  /permit/list
request client ip:  null
request body: 
{}
response time: 1
response status: 200
response body: 
{}
*************** response log end ***************

[2021-11-16T15:31:39.289] [INFO] responseLog - 
*************** response log start ***************
request method: POST
request originalUrl:  /role/page
request client ip:  null
request body: 
{"pageNo":1,"pageSize":5}
response time: 0
response status: 200
response body: 
{"pageNo":1,"pageSize":5}
*************** response log end ***************

[2021-11-16T15:31:43.257] [INFO] responseLog - 
*************** response log start ***************
request method: POST
request originalUrl:  /lang/page
request client ip:  null
request body: 
{"pageNo":1,"pageSize":9999999}
response time: 1
response status: 200
response body: 
{"pageNo":1,"pageSize":9999999}
*************** response log end ***************

[2021-11-16T15:32:02.023] [INFO] responseLog - 
*************** response log start ***************
request method: POST
request originalUrl:  /user/login
request client ip:  null
request body: 
{"us":"ceshi@ceshi.com","ps":"ceshi"}
response time: 1
response status: 200
response body: 
{"us":"ceshi@ceshi.com","ps":"ceshi"}
*************** response log end ***************

[2021-11-16T15:32:02.039] [INFO] responseLog - 
*************** response log start ***************
request method: POST
request originalUrl:  /permit/menus
request client ip:  null
request body: 
{}
response time: 1
response status: 200
response body: 
{}
*************** response log end ***************

[2021-11-16T15:34:03.525] [INFO] responseLog - 
*************** response log start ***************
request method: POST
request originalUrl:  /user/login
request client ip:  null
request body: 
{"us":"ceshi@ceshi.com","ps":"ceshi"}
response time: 0
response status: 200
response body: 
{"us":"ceshi@ceshi.com","ps":"ceshi"}
*************** response log end ***************

[2021-11-16T15:34:03.539] [INFO] responseLog - 
*************** response log start ***************
request method: POST
request originalUrl:  /permit/menus
request client ip:  null
request body: 
{}
response time: 1
response status: 200
response body: 
{}
*************** response log end ***************

[2021-11-16T15:34:34.515] [INFO] responseLog - 
*************** response log start ***************
request method: POST
request originalUrl:  /lang/page
request client ip:  null
request body: 
{"pageNo":1,"pageSize":9999999}
response time: 1
response status: 200
response body: 
{"pageNo":1,"pageSize":9999999}
*************** response log end ***************

[2021-11-16T15:34:37.258] [INFO] responseLog - 
*************** response log start ***************
request method: POST
request originalUrl:  /food/page
request client ip:  null
request body: 
{"pageNo":1,"pageSize":5}
response time: 1
response status: 200
response body: 
{"pageNo":1,"pageSize":5}
*************** response log end ***************

[2021-11-16T15:34:43.156] [INFO] responseLog - 
*************** response log start ***************
request method: POST
request originalUrl:  /role/page
request client ip:  null
request body: 
{}
response time: 1
response status: 200
response body: 
{}
*************** response log end ***************

[2021-11-16T15:34:43.166] [INFO] responseLog - 
*************** response log start ***************
request method: POST
request originalUrl:  /user/page
request client ip:  null
request body: 
{"pageNo":1,"pageSize":5}
response time: 2
response status: 200
response body: 
{"pageNo":1,"pageSize":5}
*************** response log end ***************

[2021-11-16T15:37:51.161] [INFO] responseLog - 
*************** response log start ***************
request method: POST
request originalUrl:  /role/page
request client ip:  null
request body: 
{}
response time: 0
response status: 200
response body: 
{}
*************** response log end ***************

[2021-11-16T15:37:51.169] [INFO] responseLog - 
*************** response log start ***************
request method: POST
request originalUrl:  /user/page
request client ip:  null
request body: 
{"pageNo":1,"pageSize":5}
response time: 1
response status: 200
response body: 
{"pageNo":1,"pageSize":5}
*************** response log end ***************

[2021-11-16T15:39:07.360] [INFO] responseLog - 
*************** response log start ***************
request method: POST
request originalUrl:  /role/page
request client ip:  null
request body: 
{}
response time: 1
response status: 200
response body: 
{}
*************** response log end ***************

[2021-11-16T15:39:07.371] [INFO] responseLog - 
*************** response log start ***************
request method: POST
request originalUrl:  /user/page
request client ip:  null
request body: 
{"pageNo":1,"pageSize":5}
response time: 1
response status: 200
response body: 
{"pageNo":1,"pageSize":5}
*************** response log end ***************

[2021-11-16T15:43:52.435] [INFO] responseLog - 
*************** response log start ***************
request method: POST
request originalUrl:  /role/page
request client ip:  null
request body: 
{}
response time: 0
response status: 200
response body: 
{}
*************** response log end ***************

[2021-11-16T15:43:52.461] [INFO] responseLog - 
*************** response log start ***************
request method: POST
request originalUrl:  /user/page
request client ip:  null
request body: 
{"pageNo":1,"pageSize":5}
response time: 0
response status: 200
response body: 
{"pageNo":1,"pageSize":5}
*************** response log end ***************

[2021-11-16T15:43:56.776] [INFO] responseLog - 
*************** response log start ***************
request method: POST
request originalUrl:  /role/page
request client ip:  null
request body: 
{}
response time: 1
response status: 200
response body: 
{}
*************** response log end ***************

[2021-11-16T15:43:56.782] [INFO] responseLog - 
*************** response log start ***************
request method: POST
request originalUrl:  /user/page
request client ip:  null
request body: 
{"pageNo":1,"pageSize":5}
response time: 1
response status: 200
response body: 
{"pageNo":1,"pageSize":5}
*************** response log end ***************

[2021-11-16T15:44:00.861] [INFO] responseLog - 
*************** response log start ***************
request method: POST
request originalUrl:  /role/page
request client ip:  null
request body: 
{}
response time: 1
response status: 200
response body: 
{}
*************** response log end ***************

[2021-11-16T15:44:00.869] [INFO] responseLog - 
*************** response log start ***************
request method: POST
request originalUrl:  /user/page
request client ip:  null
request body: 
{"pageNo":1,"pageSize":5}
response time: 1
response status: 200
response body: 
{"pageNo":1,"pageSize":5}
*************** response log end ***************

[2021-11-16T15:44:03.347] [INFO] responseLog - 
*************** response log start ***************
request method: POST
request originalUrl:  /role/page
request client ip:  null
request body: 
{}
response time: 1
response status: 200
response body: 
{}
*************** response log end ***************

[2021-11-16T15:44:03.352] [INFO] responseLog - 
*************** response log start ***************
request method: POST
request originalUrl:  /user/page
request client ip:  null
request body: 
{"pageNo":1,"pageSize":5}
response time: 1
response status: 200
response body: 
{"pageNo":1,"pageSize":5}
*************** response log end ***************

[2021-11-16T15:44:11.465] [INFO] responseLog - 
*************** response log start ***************
request method: POST
request originalUrl:  /role/page
request client ip:  null
request body: 
{}
response time: 0
response status: 200
response body: 
{}
*************** response log end ***************

[2021-11-16T15:44:11.470] [INFO] responseLog - 
*************** response log start ***************
request method: POST
request originalUrl:  /user/page
request client ip:  null
request body: 
{"pageNo":1,"pageSize":5}
response time: 1
response status: 200
response body: 
{"pageNo":1,"pageSize":5}
*************** response log end ***************

[2021-11-16T15:44:14.293] [INFO] responseLog - 
*************** response log start ***************
request method: POST
request originalUrl:  /role/page
request client ip:  null
request body: 
{}
response time: 0
response status: 200
response body: 
{}
*************** response log end ***************

[2021-11-16T15:44:14.297] [INFO] responseLog - 
*************** response log start ***************
request method: POST
request originalUrl:  /user/page
request client ip:  null
request body: 
{"pageNo":1,"pageSize":5}
response time: 1
response status: 200
response body: 
{"pageNo":1,"pageSize":5}
*************** response log end ***************

[2021-11-16T15:44:18.190] [INFO] responseLog - 
*************** response log start ***************
request method: POST
request originalUrl:  /role/page
request client ip:  null
request body: 
{}
response time: 1
response status: 200
response body: 
{}
*************** response log end ***************

[2021-11-16T15:44:18.197] [INFO] responseLog - 
*************** response log start ***************
request method: POST
request originalUrl:  /user/page
request client ip:  null
request body: 
{"pageNo":1,"pageSize":5}
response time: 1
response status: 200
response body: 
{"pageNo":1,"pageSize":5}
*************** response log end ***************

[2021-11-16T15:44:21.537] [INFO] responseLog - 
*************** response log start ***************
request method: POST
request originalUrl:  /role/page
request client ip:  null
request body: 
{}
response time: 1
response status: 200
response body: 
{}
*************** response log end ***************

[2021-11-16T15:44:21.542] [INFO] responseLog - 
*************** response log start ***************
request method: POST
request originalUrl:  /user/page
request client ip:  null
request body: 
{"pageNo":1,"pageSize":5}
response time: 1
response status: 200
response body: 
{"pageNo":1,"pageSize":5}
*************** response log end ***************

[2021-11-16T15:44:25.216] [INFO] responseLog - 
*************** response log start ***************
request method: POST
request originalUrl:  /role/page
request client ip:  null
request body: 
{}
response time: 1
response status: 200
response body: 
{}
*************** response log end ***************

[2021-11-16T15:44:25.223] [INFO] responseLog - 
*************** response log start ***************
request method: POST
request originalUrl:  /user/page
request client ip:  null
request body: 
{"pageNo":1,"pageSize":5}
response time: 1
response status: 200
response body: 
{"pageNo":1,"pageSize":5}
*************** response log end ***************

[2021-11-16T15:44:30.259] [INFO] responseLog - 
*************** response log start ***************
request method: POST
request originalUrl:  /role/page
request client ip:  null
request body: 
{}
response time: 1
response status: 200
response body: 
{}
*************** response log end ***************

[2021-11-16T15:44:30.268] [INFO] responseLog - 
*************** response log start ***************
request method: POST
request originalUrl:  /user/page
request client ip:  null
request body: 
{"pageNo":1,"pageSize":5}
response time: 1
response status: 200
response body: 
{"pageNo":1,"pageSize":5}
*************** response log end ***************

[2021-11-16T15:44:34.749] [INFO] responseLog - 
*************** response log start ***************
request method: POST
request originalUrl:  /role/page
request client ip:  null
request body: 
{}
response time: 1
response status: 200
response body: 
{}
*************** response log end ***************

[2021-11-16T15:44:34.753] [INFO] responseLog - 
*************** response log start ***************
request method: POST
request originalUrl:  /user/page
request client ip:  null
request body: 
{"pageNo":1,"pageSize":5}
response time: 1
response status: 200
response body: 
{"pageNo":1,"pageSize":5}
*************** response log end ***************

[2021-11-16T15:45:37.334] [INFO] responseLog - 
*************** response log start ***************
request method: POST
request originalUrl:  /role/page
request client ip:  null
request body: 
{}
response time: 0
response status: 200
response body: 
{}
*************** response log end ***************

[2021-11-16T15:45:37.341] [INFO] responseLog - 
*************** response log start ***************
request method: POST
request originalUrl:  /user/page
request client ip:  null
request body: 
{"pageNo":1,"pageSize":5}
response time: 1
response status: 200
response body: 
{"pageNo":1,"pageSize":5}
*************** response log end ***************

[2021-11-16T15:45:41.169] [INFO] responseLog - 
*************** response log start ***************
request method: POST
request originalUrl:  /role/page
request client ip:  null
request body: 
{}
response time: 1
response status: 200
response body: 
{}
*************** response log end ***************

[2021-11-16T15:45:41.172] [INFO] responseLog - 
*************** response log start ***************
request method: POST
request originalUrl:  /user/page
request client ip:  null
request body: 
{"pageNo":1,"pageSize":5}
response time: 1
response status: 200
response body: 
{"pageNo":1,"pageSize":5}
*************** response log end ***************

[2021-11-16T15:45:45.568] [INFO] responseLog - 
*************** response log start ***************
request method: POST
request originalUrl:  /role/page
request client ip:  null
request body: 
{}
response time: 0
response status: 200
response body: 
{}
*************** response log end ***************

[2021-11-16T15:45:45.576] [INFO] responseLog - 
*************** response log start ***************
request method: POST
request originalUrl:  /user/page
request client ip:  null
request body: 
{"pageNo":1,"pageSize":5}
response time: 1
response status: 200
response body: 
{"pageNo":1,"pageSize":5}
*************** response log end ***************

[2021-11-16T15:45:52.008] [INFO] responseLog - 
*************** response log start ***************
request method: POST
request originalUrl:  /role/page
request client ip:  null
request body: 
{}
response time: 1
response status: 200
response body: 
{}
*************** response log end ***************

[2021-11-16T15:45:52.015] [INFO] responseLog - 
*************** response log start ***************
request method: POST
request originalUrl:  /user/page
request client ip:  null
request body: 
{"pageNo":1,"pageSize":5}
response time: 1
response status: 200
response body: 
{"pageNo":1,"pageSize":5}
*************** response log end ***************

[2021-11-16T15:46:02.139] [INFO] responseLog - 
*************** response log start ***************
request method: POST
request originalUrl:  /role/page
request client ip:  null
request body: 
{}
response time: 0
response status: 200
response body: 
{}
*************** response log end ***************

[2021-11-16T15:46:02.145] [INFO] responseLog - 
*************** response log start ***************
request method: POST
request originalUrl:  /user/page
request client ip:  null
request body: 
{"pageNo":1,"pageSize":5}
response time: 1
response status: 200
response body: 
{"pageNo":1,"pageSize":5}
*************** response log end ***************

[2021-11-16T15:46:08.578] [INFO] responseLog - 
*************** response log start ***************
request method: POST
request originalUrl:  /role/page
request client ip:  null
request body: 
{}
response time: 0
response status: 200
response body: 
{}
*************** response log end ***************

[2021-11-16T15:46:08.587] [INFO] responseLog - 
*************** response log start ***************
request method: POST
request originalUrl:  /user/page
request client ip:  null
request body: 
{"pageNo":1,"pageSize":5}
response time: 1
response status: 200
response body: 
{"pageNo":1,"pageSize":5}
*************** response log end ***************

[2021-11-16T15:46:15.317] [INFO] responseLog - 
*************** response log start ***************
request method: POST
request originalUrl:  /role/page
request client ip:  null
request body: 
{}
response time: 0
response status: 200
response body: 
{}
*************** response log end ***************

[2021-11-16T15:46:15.323] [INFO] responseLog - 
*************** response log start ***************
request method: POST
request originalUrl:  /user/page
request client ip:  null
request body: 
{"pageNo":1,"pageSize":5}
response time: 1
response status: 200
response body: 
{"pageNo":1,"pageSize":5}
*************** response log end ***************

[2021-11-16T15:46:21.424] [INFO] responseLog - 
*************** response log start ***************
request method: POST
request originalUrl:  /role/page
request client ip:  null
request body: 
{}
response time: 1
response status: 200
response body: 
{}
*************** response log end ***************

[2021-11-16T15:46:21.431] [INFO] responseLog - 
*************** response log start ***************
request method: POST
request originalUrl:  /user/page
request client ip:  null
request body: 
{"pageNo":1,"pageSize":5}
response time: 1
response status: 200
response body: 
{"pageNo":1,"pageSize":5}
*************** response log end ***************

[2021-11-16T15:46:25.155] [INFO] responseLog - 
*************** response log start ***************
request method: POST
request originalUrl:  /role/page
request client ip:  null
request body: 
{}
response time: 0
response status: 200
response body: 
{}
*************** response log end ***************

[2021-11-16T15:46:25.159] [INFO] responseLog - 
*************** response log start ***************
request method: POST
request originalUrl:  /user/page
request client ip:  null
request body: 
{"pageNo":1,"pageSize":5}
response time: 0
response status: 200
response body: 
{"pageNo":1,"pageSize":5}
*************** response log end ***************

[2021-11-16T15:46:35.677] [INFO] responseLog - 
*************** response log start ***************
request method: POST
request originalUrl:  /role/page
request client ip:  null
request body: 
{}
response time: 0
response status: 200
response body: 
{}
*************** response log end ***************

[2021-11-16T15:46:35.686] [INFO] responseLog - 
*************** response log start ***************
request method: POST
request originalUrl:  /user/page
request client ip:  null
request body: 
{"pageNo":1,"pageSize":5}
response time: 1
response status: 200
response body: 
{"pageNo":1,"pageSize":5}
*************** response log end ***************

[2021-11-16T16:02:12.067] [INFO] responseLog - 
*************** response log start ***************
request method: POST
request originalUrl:  /role/page
request client ip:  null
request body: 
{}
response time: 1
response status: 200
response body: 
{}
*************** response log end ***************

[2021-11-16T16:02:12.070] [INFO] responseLog - 
*************** response log start ***************
request method: POST
request originalUrl:  /user/page
request client ip:  null
request body: 
{"pageNo":1,"pageSize":5}
response time: 1
response status: 200
response body: 
{"pageNo":1,"pageSize":5}
*************** response log end ***************

[2021-11-16T16:02:13.166] [INFO] responseLog - 
*************** response log start ***************
request method: POST
request originalUrl:  /permit/list
request client ip:  null
request body: 
{}
response time: 0
response status: 200
response body: 
{}
*************** response log end ***************

[2021-11-16T16:02:15.621] [INFO] responseLog - 
*************** response log start ***************
request method: POST
request originalUrl:  /role/page
request client ip:  null
request body: 
{"pageNo":1,"pageSize":5}
response time: 1
response status: 200
response body: 
{"pageNo":1,"pageSize":5}
*************** response log end ***************

[2021-11-16T16:02:16.799] [INFO] responseLog - 
*************** response log start ***************
request method: POST
request originalUrl:  /food/page
request client ip:  null
request body: 
{"pageNo":1,"pageSize":5}
response time: 1
response status: 200
response body: 
{"pageNo":1,"pageSize":5}
*************** response log end ***************

[2021-11-16T16:02:17.924] [INFO] responseLog - 
*************** response log start ***************
request method: POST
request originalUrl:  /lang/page
request client ip:  null
request body: 
{"pageNo":1,"pageSize":9999999}
response time: 1
response status: 200
response body: 
{"pageNo":1,"pageSize":9999999}
*************** response log end ***************

[2021-11-16T17:05:02.496] [INFO] responseLog - 
*************** response log start ***************
request method: POST
request originalUrl:  /lang/page
request client ip:  null
request body: 
{"pageNo":1,"pageSize":9999999}
response time: 1
response status: 200
response body: 
{"pageNo":1,"pageSize":9999999}
*************** response log end ***************

[2021-11-16T17:05:03.763] [INFO] responseLog - 
*************** response log start ***************
request method: POST
request originalUrl:  /permit/list
request client ip:  null
request body: 
{}
response time: 1
response status: 200
response body: 
{}
*************** response log end ***************

[2021-11-16T17:05:06.956] [INFO] responseLog - 
*************** response log start ***************
request method: POST
request originalUrl:  /role/page
request client ip:  null
request body: 
{"pageNo":1,"pageSize":5}
response time: 1
response status: 200
response body: 
{"pageNo":1,"pageSize":5}
*************** response log end ***************

[2021-11-16T17:05:08.398] [INFO] responseLog - 
*************** response log start ***************
request method: POST
request originalUrl:  /food/page
request client ip:  null
request body: 
{"pageNo":1,"pageSize":5}
response time: 1
response status: 200
response body: 
{"pageNo":1,"pageSize":5}
*************** response log end ***************

[2021-11-16T17:05:12.495] [INFO] responseLog - 
*************** response log start ***************
request method: POST
request originalUrl:  /food/page
request client ip:  null
request body: 
{"key":"","typeid":"","pageNo":1,"pageSize":5}
response time: 0
response status: 200
response body: 
{"key":"","typeid":"","pageNo":1,"pageSize":5}
*************** response log end ***************

[2021-11-16T17:05:13.602] [INFO] responseLog - 
*************** response log start ***************
request method: POST
request originalUrl:  /food/page
request client ip:  null
request body: 
{"key":"","typeid":"","pageNo":1,"pageSize":5}
response time: 0
response status: 200
response body: 
{"key":"","typeid":"","pageNo":1,"pageSize":5}
*************** response log end ***************

[2021-11-16T17:05:15.759] [INFO] responseLog - 
*************** response log start ***************
request method: POST
request originalUrl:  /food/page
request client ip:  null
request body: 
{"key":"","typeid":"","pageNo":1,"pageSize":5}
response time: 1
response status: 200
response body: 
{"key":"","typeid":"","pageNo":1,"pageSize":5}
*************** response log end ***************

[2021-11-16T17:06:20.037] [INFO] responseLog - 
*************** response log start ***************
request method: POST
request originalUrl:  /food/page
request client ip:  null
request body: 
{"pageNo":1,"pageSize":5}
response time: 1
response status: 200
response body: 
{"pageNo":1,"pageSize":5}
*************** response log end ***************

[2021-11-16T17:06:22.359] [INFO] responseLog - 
*************** response log start ***************
request method: POST
request originalUrl:  /food/page
request client ip:  null
request body: 
{"pageNo":1,"pageSize":5}
response time: 0
response status: 200
response body: 
{"pageNo":1,"pageSize":5}
*************** response log end ***************

[2021-11-16T17:06:40.714] [INFO] responseLog - 
*************** response log start ***************
request method: POST
request originalUrl:  /food/page
request client ip:  null
request body: 
{"pageNo":1,"pageSize":5}
response time: 1
response status: 200
response body: 
{"pageNo":1,"pageSize":5}
*************** response log end ***************

[2021-11-16T17:06:42.572] [INFO] responseLog - 
*************** response log start ***************
request method: POST
request originalUrl:  /permit/list
request client ip:  null
request body: 
{}
response time: 1
response status: 200
response body: 
{}
*************** response log end ***************

[2021-11-16T17:06:49.069] [INFO] responseLog - 
*************** response log start ***************
request method: POST
request originalUrl:  /role/page
request client ip:  null
request body: 
{"pageNo":1,"pageSize":5}
response time: 0
response status: 200
response body: 
{"pageNo":1,"pageSize":5}
*************** response log end ***************

[2021-11-16T17:09:33.342] [INFO] responseLog - 
*************** response log start ***************
request method: POST
request originalUrl:  /food/page
request client ip:  null
request body: 
{"pageNo":1,"pageSize":5}
response time: 1
response status: 200
response body: 
{"pageNo":1,"pageSize":5}
*************** response log end ***************

[2021-11-16T17:10:01.320] [INFO] responseLog - 
*************** response log start ***************
request method: POST
request originalUrl:  /food/page
request client ip:  null
request body: 
{"pageNo":1,"pageSize":5}
response time: 1
response status: 200
response body: 
{"pageNo":1,"pageSize":5}
*************** response log end ***************

[2021-11-16T17:10:19.936] [INFO] responseLog - 
*************** response log start ***************
request method: POST
request originalUrl:  /food/page
request client ip:  null
request body: 
{"pageNo":1,"pageSize":5}
response time: 1
response status: 200
response body: 
{"pageNo":1,"pageSize":5}
*************** response log end ***************

[2021-11-16T17:10:24.018] [INFO] responseLog - 
*************** response log start ***************
request method: POST
request originalUrl:  /permit/list
request client ip:  null
request body: 
{}
response time: 1
response status: 200
response body: 
{}
*************** response log end ***************

[2021-11-16T17:10:24.824] [INFO] responseLog - 
*************** response log start ***************
request method: POST
request originalUrl:  /role/page
request client ip:  null
request body: 
{"pageNo":1,"pageSize":5}
response time: 0
response status: 200
response body: 
{"pageNo":1,"pageSize":5}
*************** response log end ***************

[2021-11-16T17:10:27.836] [INFO] responseLog - 
*************** response log start ***************
request method: POST
request originalUrl:  /lang/page
request client ip:  null
request body: 
{"pageNo":1,"pageSize":9999999}
response time: 1
response status: 200
response body: 
{"pageNo":1,"pageSize":9999999}
*************** response log end ***************

[2021-11-16T17:10:29.559] [INFO] responseLog - 
*************** response log start ***************
request method: POST
request originalUrl:  /role/page
request client ip:  null
request body: 
{}
response time: 0
response status: 200
response body: 
{}
*************** response log end ***************

[2021-11-16T17:10:29.570] [INFO] responseLog - 
*************** response log start ***************
request method: POST
request originalUrl:  /user/page
request client ip:  null
request body: 
{"pageNo":1,"pageSize":5}
response time: 1
response status: 200
response body: 
{"pageNo":1,"pageSize":5}
*************** response log end ***************

[2021-11-16T17:19:08.702] [INFO] responseLog - 
*************** response log start ***************
request method: POST
request originalUrl:  /role/add
request client ip:  null
request body: 
{"roleName":"病人","roleDesc":"病人"}
response time: 2
response status: 200
response body: 
{"roleName":"病人","roleDesc":"病人"}
*************** response log end ***************

[2021-11-16T17:19:08.755] [INFO] responseLog - 
*************** response log start ***************
request method: POST
request originalUrl:  /role/page
request client ip:  null
request body: 
{"pageNo":1,"pageSize":5}
response time: 0
response status: 200
response body: 
{"pageNo":1,"pageSize":5}
*************** response log end ***************

[2021-11-16T17:19:10.775] [INFO] responseLog - 
*************** response log start ***************
request method: POST
request originalUrl:  /role/page
request client ip:  null
request body: 
{"key":"","pageNo":1,"pageSize":5}
response time: 0
response status: 200
response body: 
{"key":"","pageNo":1,"pageSize":5}
*************** response log end ***************

[2021-11-16T17:19:20.641] [INFO] responseLog - 
*************** response log start ***************
request method: POST
request originalUrl:  /role/add
request client ip:  null
request body: 
{"roleName":"会计","roleDesc":"会计"}
response time: 1
response status: 200
response body: 
{"roleName":"会计","roleDesc":"会计"}
*************** response log end ***************

[2021-11-16T17:19:20.662] [INFO] responseLog - 
*************** response log start ***************
request method: POST
request originalUrl:  /role/page
request client ip:  null
request body: 
{"key":"","pageNo":1,"pageSize":5}
response time: 1
response status: 200
response body: 
{"key":"","pageNo":1,"pageSize":5}
*************** response log end ***************

