[2021-11-24T18:04:57.123] [INFO] responseLog - 
*************** response log start ***************
request method: POST
request originalUrl:  /user/login
request client ip:  null
request body: 
{"us":"ceshi@ceshi.com","ps":"ceshi"}
response time: 10
response status: 200
response body: 
{"us":"ceshi@ceshi.com","ps":"ceshi"}
*************** response log end ***************

[2021-11-24T18:13:22.436] [INFO] responseLog - 
*************** response log start ***************
request method: POST
request originalUrl:  /user/reg
request client ip:  null
request body: 
{"us":"18784771@qq.com","ps":"123456abc","code":"hr_admin"}
response time: 3
response status: 200
response body: 
{"us":"18784771@qq.com","ps":"123456abc","code":"hr_admin"}
*************** response log end ***************

[2021-11-24T18:13:34.429] [INFO] responseLog - 
*************** response log start ***************
request method: POST
request originalUrl:  /user/getMailCode
request client ip:  null
request body: 
{"mail":"18784771@qq.com"}
response time: 9
response status: 200
response body: 
{"mail":"18784771@qq.com"}
*************** response log end ***************

[2021-11-24T18:14:54.567] [INFO] responseLog - 
*************** response log start ***************
request method: POST
request originalUrl:  /user/getMailCode
request client ip:  null
request body: 
{"mail":"18784771@qq.com"}
response time: 8
response status: 200
response body: 
{"mail":"18784771@qq.com"}
*************** response log end ***************

[2021-11-24T18:16:58.428] [INFO] responseLog - 
*************** response log start ***************
request method: POST
request originalUrl:  /user/getMailCode
request client ip:  null
request body: 
{"mail":"18784771@qq.com"}
response time: 2
response status: 200
response body: 
{"mail":"18784771@qq.com"}
*************** response log end ***************

[2021-11-24T18:17:03.300] [INFO] responseLog - 
*************** response log start ***************
request method: POST
request originalUrl:  /user/getMailCode
request client ip:  null
request body: 
{"mail":"code18784771@163.com"}
response time: 1
response status: 200
response body: 
{"mail":"code18784771@163.com"}
*************** response log end ***************

[2021-11-24T18:19:33.547] [INFO] responseLog - 
*************** response log start ***************
request method: POST
request originalUrl:  /user/getMailCode
request client ip:  null
request body: 
{"mail":"18784771@qq.com"}
response time: 8
response status: 200
response body: 
{"mail":"18784771@qq.com"}
*************** response log end ***************

[2021-11-24T18:21:47.789] [INFO] responseLog - 
*************** response log start ***************
request method: POST
request originalUrl:  /user/getMailCode
request client ip:  null
request body: 
{"mail":"18784771@qq.com"}
response time: 7
response status: 200
response body: 
{"mail":"18784771@qq.com"}
*************** response log end ***************

[2021-11-24T18:22:34.100] [INFO] responseLog - 
*************** response log start ***************
request method: POST
request originalUrl:  /user/getMailCode
request client ip:  null
request body: 
{"mail":"18784771@qq.com"}
response time: 7
response status: 200
response body: 
{"mail":"18784771@qq.com"}
*************** response log end ***************

[2021-11-24T18:22:48.918] [INFO] responseLog - 
*************** response log start ***************
request method: POST
request originalUrl:  /user/reg
request client ip:  127.0.0.1
request body: 
{"us":"18784771@qq.com","ps":"test","code":"9971"}
response time: 12
response status: 200
response body: 
{"us":"18784771@qq.com","ps":"test","code":"9971"}
*************** response log end ***************

[2021-11-24T18:22:49.071] [INFO] responseLog - 
*************** response log start ***************
request method: POST
request originalUrl:  /user/login
request client ip:  127.0.0.1
request body: 
{"us":"18784771@qq.com","ps":"test"}
response time: 3
response status: 200
response body: 
{"us":"18784771@qq.com","ps":"test"}
*************** response log end ***************

[2021-11-24T18:23:03.354] [INFO] responseLog - 
*************** response log start ***************
request method: POST
request originalUrl:  /user/login
request client ip:  null
request body: 
{"us":"ceshi@ceshi.com","ps":"ceshi"}
response time: 2
response status: 200
response body: 
{"us":"ceshi@ceshi.com","ps":"ceshi"}
*************** response log end ***************

[2021-11-24T18:23:03.464] [INFO] responseLog - 
*************** response log start ***************
request method: POST
request originalUrl:  /food/page
request client ip:  null
request body: 
{"pageSize":100000}
response time: 3
response status: 200
response body: 
{"pageSize":100000}
*************** response log end ***************

[2021-11-24T18:23:03.702] [INFO] responseLog - 
*************** response log start ***************
request method: POST
request originalUrl:  /foodType/page
request client ip:  null
request body: 
{"pageSize":100000}
response time: 2
response status: 200
response body: 
{"pageSize":100000}
*************** response log end ***************

[2021-11-24T18:23:03.806] [INFO] responseLog - 
*************** response log start ***************
request method: POST
request originalUrl:  /payment/page
request client ip:  null
request body: 
{"pageSize":100000,"isDone":0,"username":"ceshi@ceshi.com"}
response time: 4
response status: 200
response body: 
{"pageSize":100000,"isDone":0,"username":"ceshi@ceshi.com"}
*************** response log end ***************

[2021-11-24T18:35:14.300] [INFO] responseLog - 
*************** response log start ***************
request method: POST
request originalUrl:  /user/login
request client ip:  null
request body: 
{"us":"ceshi@ceshi.com","ps":"ceshi"}
response time: 12
response status: 200
response body: 
{"us":"ceshi@ceshi.com","ps":"ceshi"}
*************** response log end ***************

[2021-11-24T18:35:14.357] [INFO] responseLog - 
*************** response log start ***************
request method: POST
request originalUrl:  /permit/menus
request client ip:  null
request body: 
{}
response time: 5
response status: 200
response body: 
{}
*************** response log end ***************

[2021-11-24T18:35:15.679] [INFO] responseLog - 
*************** response log start ***************
request method: POST
request originalUrl:  /food/page
request client ip:  null
request body: 
{"pageNo":1,"pageSize":5}
response time: 2
response status: 200
response body: 
{"pageNo":1,"pageSize":5}
*************** response log end ***************

[2021-11-24T18:35:15.705] [INFO] responseLog - 
*************** response log start ***************
request method: POST
request originalUrl:  /foodType/page
request client ip:  null
request body: 
{}
response time: 3
response status: 200
response body: 
{}
*************** response log end ***************

[2021-11-24T18:35:15.808] [INFO] responseLog - 
*************** response log start ***************
request method: GET
request originalUrl:  /static/img/16376387521163384.jpg
request client ip:  null
request query:  {}
response time: 2
response status: 200
response body: 
{}
*************** response log end ***************

[2021-11-24T18:35:15.812] [INFO] responseLog - 
*************** response log start ***************
request method: GET
request originalUrl:  /static/img/16376387696309001.jpg
request client ip:  null
request query:  {}
response time: 0
response status: 200
response body: 
{}
*************** response log end ***************

[2021-11-24T18:35:15.818] [INFO] responseLog - 
*************** response log start ***************
request method: GET
request originalUrl:  /static/img/16376387836404155.jpg
request client ip:  null
request query:  {}
response time: 0
response status: 200
response body: 
{}
*************** response log end ***************

[2021-11-24T18:35:15.820] [INFO] responseLog - 
*************** response log start ***************
request method: GET
request originalUrl:  /static/img/16376388089819240.jpg
request client ip:  null
request query:  {}
response time: 0
response status: 200
response body: 
{}
*************** response log end ***************

[2021-11-24T18:35:15.825] [INFO] responseLog - 
*************** response log start ***************
request method: GET
request originalUrl:  /static/img/16376388261657554.jpg
request client ip:  null
request query:  {}
response time: 1
response status: 200
response body: 
{}
*************** response log end ***************

[2021-11-24T18:35:16.283] [INFO] responseLog - 
*************** response log start ***************
request method: POST
request originalUrl:  /lang/page
request client ip:  null
request body: 
{"pageNo":1,"pageSize":9999999}
response time: 2
response status: 200
response body: 
{"pageNo":1,"pageSize":9999999}
*************** response log end ***************

[2021-11-24T18:35:16.793] [INFO] responseLog - 
*************** response log start ***************
request method: POST
request originalUrl:  /payment/page
request client ip:  null
request body: 
{"pageNo":1,"pageSize":5}
response time: 2
response status: 200
response body: 
{"pageNo":1,"pageSize":5}
*************** response log end ***************

[2021-11-24T18:35:17.689] [INFO] responseLog - 
*************** response log start ***************
request method: POST
request originalUrl:  /payment/export
request client ip:  null
request body: 
{}
response time: 2
response status: 200
response body: 
{}
*************** response log end ***************

[2021-11-24T18:38:33.426] [INFO] responseLog - 
*************** response log start ***************
request method: POST
request originalUrl:  /payment/export
request client ip:  null
request body: 
{}
response time: 14
response status: 200
response body: 
{}
*************** response log end ***************

[2021-11-24T18:39:42.392] [INFO] responseLog - 
*************** response log start ***************
request method: POST
request originalUrl:  /payment/page
request client ip:  null
request body: 
{"pageNo":1,"pageSize":5}
response time: 7
response status: 200
response body: 
{"pageNo":1,"pageSize":5}
*************** response log end ***************

[2021-11-24T18:39:52.795] [INFO] responseLog - 
*************** response log start ***************
request method: POST
request originalUrl:  /payment/export
request client ip:  127.0.0.1
request body: 
{}
response time: 2
response status: 200
response body: 
{}
*************** response log end ***************

[2021-11-24T18:43:13.599] [INFO] responseLog - 
*************** response log start ***************
request method: POST
request originalUrl:  /user/login
request client ip:  null
request body: 
{"us":"ceshi@ceshi.com","ps":"ceshi"}
response time: 16
response status: 200
response body: 
{"us":"ceshi@ceshi.com","ps":"ceshi"}
*************** response log end ***************

[2021-11-24T18:43:13.662] [INFO] responseLog - 
*************** response log start ***************
request method: POST
request originalUrl:  /permit/menus
request client ip:  null
request body: 
{}
response time: 3
response status: 200
response body: 
{}
*************** response log end ***************

[2021-11-24T18:43:15.791] [INFO] responseLog - 
*************** response log start ***************
request method: POST
request originalUrl:  /food/page
request client ip:  null
request body: 
{"pageNo":1,"pageSize":5}
response time: 2
response status: 200
response body: 
{"pageNo":1,"pageSize":5}
*************** response log end ***************

[2021-11-24T18:43:15.811] [INFO] responseLog - 
*************** response log start ***************
request method: POST
request originalUrl:  /foodType/page
request client ip:  null
request body: 
{}
response time: 3
response status: 200
response body: 
{}
*************** response log end ***************

[2021-11-24T18:43:15.883] [INFO] responseLog - 
*************** response log start ***************
request method: GET
request originalUrl:  /static/img/16376387521163384.jpg
request client ip:  null
request query:  {}
response time: 1
response status: 200
response body: 
{}
*************** response log end ***************

[2021-11-24T18:43:15.885] [INFO] responseLog - 
*************** response log start ***************
request method: GET
request originalUrl:  /static/img/16376387696309001.jpg
request client ip:  null
request query:  {}
response time: 0
response status: 200
response body: 
{}
*************** response log end ***************

[2021-11-24T18:43:15.891] [INFO] responseLog - 
*************** response log start ***************
request method: GET
request originalUrl:  /static/img/16376387836404155.jpg
request client ip:  null
request query:  {}
response time: 1
response status: 200
response body: 
{}
*************** response log end ***************

[2021-11-24T18:43:15.898] [INFO] responseLog - 
*************** response log start ***************
request method: GET
request originalUrl:  /static/img/16376388089819240.jpg
request client ip:  null
request query:  {}
response time: 1
response status: 200
response body: 
{}
*************** response log end ***************

[2021-11-24T18:43:15.900] [INFO] responseLog - 
*************** response log start ***************
request method: GET
request originalUrl:  /static/img/16376388261657554.jpg
request client ip:  null
request query:  {}
response time: 0
response status: 200
response body: 
{}
*************** response log end ***************

[2021-11-24T18:43:17.413] [INFO] responseLog - 
*************** response log start ***************
request method: POST
request originalUrl:  /role/page
request client ip:  null
request body: 
{}
response time: 2
response status: 200
response body: 
{}
*************** response log end ***************

[2021-11-24T18:43:17.424] [INFO] responseLog - 
*************** response log start ***************
request method: POST
request originalUrl:  /user/page
request client ip:  null
request body: 
{"pageNo":1,"pageSize":5}
response time: 3
response status: 200
response body: 
{"pageNo":1,"pageSize":5}
*************** response log end ***************

[2021-11-24T18:43:54.609] [INFO] responseLog - 
*************** response log start ***************
request method: POST
request originalUrl:  /payment/page
request client ip:  null
request body: 
{"pageNo":1,"pageSize":5}
response time: 2
response status: 200
response body: 
{"pageNo":1,"pageSize":5}
*************** response log end ***************

[2021-11-24T18:43:55.655] [INFO] responseLog - 
*************** response log start ***************
request method: POST
request originalUrl:  /payment/export
request client ip:  null
request body: 
{}
response time: 3
response status: 200
response body: 
{}
*************** response log end ***************

[2021-11-24T18:44:01.612] [INFO] responseLog - 
*************** response log start ***************
request method: POST
request originalUrl:  /payment/export
request client ip:  null
request body: 
{}
response time: 2
response status: 200
response body: 
{}
*************** response log end ***************

[2021-11-24T18:45:02.746] [INFO] responseLog - 
*************** response log start ***************
request method: POST
request originalUrl:  /payment/page
request client ip:  null
request body: 
{"pageNo":1,"pageSize":5}
response time: 1
response status: 200
response body: 
{"pageNo":1,"pageSize":5}
*************** response log end ***************

[2021-11-24T18:45:07.430] [INFO] responseLog - 
*************** response log start ***************
request method: POST
request originalUrl:  /payment/page
request client ip:  null
request body: 
{"pageNo":1,"pageSize":5}
response time: 3
response status: 200
response body: 
{"pageNo":1,"pageSize":5}
*************** response log end ***************

[2021-11-24T18:45:08.812] [INFO] responseLog - 
*************** response log start ***************
request method: POST
request originalUrl:  /payment/page
request client ip:  null
request body: 
{"pageNo":1,"pageSize":5}
response time: 2
response status: 200
response body: 
{"pageNo":1,"pageSize":5}
*************** response log end ***************

[2021-11-24T18:45:10.373] [INFO] responseLog - 
*************** response log start ***************
request method: POST
request originalUrl:  /payment/export
request client ip:  null
request body: 
{}
response time: 2
response status: 200
response body: 
{}
*************** response log end ***************

[2021-11-24T18:45:13.130] [INFO] responseLog - 
*************** response log start ***************
request method: POST
request originalUrl:  /payment/page
request client ip:  null
request body: 
{"pageNo":1,"pageSize":5}
response time: 1
response status: 200
response body: 
{"pageNo":1,"pageSize":5}
*************** response log end ***************

[2021-11-24T18:45:14.298] [INFO] responseLog - 
*************** response log start ***************
request method: POST
request originalUrl:  /payment/export
request client ip:  null
request body: 
{}
response time: 2
response status: 200
response body: 
{}
*************** response log end ***************

[2021-11-24T18:45:17.517] [INFO] responseLog - 
*************** response log start ***************
request method: POST
request originalUrl:  /payment/page
request client ip:  null
request body: 
{"pageNo":1,"pageSize":5}
response time: 2
response status: 200
response body: 
{"pageNo":1,"pageSize":5}
*************** response log end ***************

[2021-11-24T18:45:22.764] [INFO] responseLog - 
*************** response log start ***************
request method: POST
request originalUrl:  /payment/page
request client ip:  null
request body: 
{"pageNo":1,"pageSize":5}
response time: 1
response status: 200
response body: 
{"pageNo":1,"pageSize":5}
*************** response log end ***************

[2021-11-24T18:45:24.936] [INFO] responseLog - 
*************** response log start ***************
request method: POST
request originalUrl:  /payment/export
request client ip:  null
request body: 
{}
response time: 2
response status: 200
response body: 
{}
*************** response log end ***************

[2021-11-24T18:45:27.585] [INFO] responseLog - 
*************** response log start ***************
request method: POST
request originalUrl:  /payment/page
request client ip:  null
request body: 
{"pageNo":1,"pageSize":5}
response time: 1
response status: 200
response body: 
{"pageNo":1,"pageSize":5}
*************** response log end ***************

[2021-11-24T18:45:42.913] [INFO] responseLog - 
*************** response log start ***************
request method: POST
request originalUrl:  /payment/page
request client ip:  null
request body: 
{"pageNo":1,"pageSize":5}
response time: 1
response status: 200
response body: 
{"pageNo":1,"pageSize":5}
*************** response log end ***************

[2021-11-24T18:47:58.906] [INFO] responseLog - 
*************** response log start ***************
request method: POST
request originalUrl:  /payment/page
request client ip:  null
request body: 
{"pageNo":1,"pageSize":5}
response time: 2
response status: 200
response body: 
{"pageNo":1,"pageSize":5}
*************** response log end ***************

[2021-11-24T18:48:03.068] [INFO] responseLog - 
*************** response log start ***************
request method: POST
request originalUrl:  /payment/page
request client ip:  null
request body: 
{"pageNo":1,"pageSize":5}
response time: 2
response status: 200
response body: 
{"pageNo":1,"pageSize":5}
*************** response log end ***************

[2021-11-24T21:20:22.626] [INFO] responseLog - 
*************** response log start ***************
request method: POST
request originalUrl:  /user/login
request client ip:  null
request body: 
{"us":"ceshi@ceshi.com","ps":"ceshi"}
response time: 15
response status: 200
response body: 
{"us":"ceshi@ceshi.com","ps":"ceshi"}
*************** response log end ***************

[2021-11-24T21:22:53.148] [INFO] responseLog - 
*************** response log start ***************
request method: POST
request originalUrl:  /user/login
request client ip:  null
request body: 
{"us":"ceshi@ceshi.com","ps":"ceshi"}
response time: 1
response status: 200
response body: 
{"us":"ceshi@ceshi.com","ps":"ceshi"}
*************** response log end ***************

[2021-11-24T21:22:53.193] [INFO] responseLog - 
*************** response log start ***************
request method: POST
request originalUrl:  /food/page
request client ip:  null
request body: 
{"pageSize":100000}
response time: 4
response status: 200
response body: 
{"pageSize":100000}
*************** response log end ***************

[2021-11-24T21:22:53.232] [INFO] responseLog - 
*************** response log start ***************
request method: POST
request originalUrl:  /foodType/page
request client ip:  null
request body: 
{"pageSize":100000}
response time: 0
response status: 200
response body: 
{"pageSize":100000}
*************** response log end ***************

[2021-11-24T21:22:53.255] [INFO] responseLog - 
*************** response log start ***************
request method: POST
request originalUrl:  /payment/page
request client ip:  null
request body: 
{"pageSize":100000,"isDone":0,"username":"ceshi@ceshi.com"}
response time: 2
response status: 200
response body: 
{"pageSize":100000,"isDone":0,"username":"ceshi@ceshi.com"}
*************** response log end ***************

[2021-11-24T21:33:37.618] [INFO] responseLog - 
*************** response log start ***************
request method: POST
request originalUrl:  /user/login
request client ip:  null
request body: 
{"us":"ceshi@ceshi.com","ps":"ceshi"}
response time: 4
response status: 200
response body: 
{"us":"ceshi@ceshi.com","ps":"ceshi"}
*************** response log end ***************

[2021-11-24T21:33:57.568] [INFO] responseLog - 
*************** response log start ***************
request method: POST
request originalUrl:  /user/getMailCode
request client ip:  null
request body: 
{"mail":"18784771@qq.com"}
response time: 7
response status: 200
response body: 
{"mail":"18784771@qq.com"}
*************** response log end ***************

[2021-11-24T21:34:08.678] [INFO] responseLog - 
*************** response log start ***************
request method: POST
request originalUrl:  /user/reg
request client ip:  null
request body: 
{"us":"18784771@qq.com","ps":"123456","code":"7879"}
response time: 1
response status: 200
response body: 
{"us":"18784771@qq.com","ps":"123456","code":"7879"}
*************** response log end ***************

[2021-11-24T21:34:08.751] [INFO] responseLog - 
*************** response log start ***************
request method: GET
request originalUrl:  /user/update
request client ip:  null
request query:  {}
response time: 2
response status: 404
response body: 
{}
*************** response log end ***************

[2021-11-24T21:34:32.693] [INFO] responseLog - 
*************** response log start ***************
request method: POST
request originalUrl:  /user/login
request client ip:  null
request body: 
{"us":"18784771@qq.com","ps":"123456"}
response time: 1
response status: 200
response body: 
{"us":"18784771@qq.com","ps":"123456"}
*************** response log end ***************

[2021-11-24T21:34:40.801] [INFO] responseLog - 
*************** response log start ***************
request method: POST
request originalUrl:  /user/login
request client ip:  null
request body: 
{"us":"18784771@qq.com","ps":"123456"}
response time: 1
response status: 200
response body: 
{"us":"18784771@qq.com","ps":"123456"}
*************** response log end ***************

[2021-11-24T21:34:48.045] [INFO] responseLog - 
*************** response log start ***************
request method: POST
request originalUrl:  /user/reg
request client ip:  null
request body: 
{"us":"18784771@qq.com","ps":"123456","code":"7879"}
response time: 1
response status: 200
response body: 
{"us":"18784771@qq.com","ps":"123456","code":"7879"}
*************** response log end ***************

[2021-11-24T21:34:48.060] [INFO] responseLog - 
*************** response log start ***************
request method: GET
request originalUrl:  /user/update
request client ip:  null
request query:  {}
response time: 1
response status: 404
response body: 
{}
*************** response log end ***************

[2021-11-24T22:44:38.346] [INFO] responseLog - 
*************** response log start ***************
request method: POST
request originalUrl:  /user/reg
request client ip:  null
request body: 
{"us":"18784771@qq.com","ps":"123456","code":"7879"}
response time: 2
response status: 200
response body: 
{"us":"18784771@qq.com","ps":"123456","code":"7879"}
*************** response log end ***************

[2021-11-24T22:44:44.479] [INFO] responseLog - 
*************** response log start ***************
request method: POST
request originalUrl:  /user/getMailCode
request client ip:  null
request body: 
{"mail":"18784771@qq.com"}
response time: 9
response status: 200
response body: 
{"mail":"18784771@qq.com"}
*************** response log end ***************

[2021-11-24T22:44:53.260] [INFO] responseLog - 
*************** response log start ***************
request method: POST
request originalUrl:  /user/reg
request client ip:  null
request body: 
{"us":"18784771@qq.com","ps":"123456","code":"7271"}
response time: 13
response status: 200
response body: 
{"us":"18784771@qq.com","ps":"123456","code":"7271"}
*************** response log end ***************

[2021-11-24T22:44:53.299] [INFO] responseLog - 
*************** response log start ***************
request method: POST
request originalUrl:  /user/login
request client ip:  null
request body: 
{"us":"18784771@qq.com","ps":"123456"}
response time: 3
response status: 200
response body: 
{"us":"18784771@qq.com","ps":"123456"}
*************** response log end ***************

[2021-11-24T22:45:30.540] [INFO] responseLog - 
*************** response log start ***************
request method: POST
request originalUrl:  /user/login
request client ip:  null
request body: 
{"us":"18784771@qq.com","ps":"123456"}
response time: 0
response status: 200
response body: 
{"us":"18784771@qq.com","ps":"123456"}
*************** response log end ***************

[2021-11-24T22:47:30.946] [INFO] responseLog - 
*************** response log start ***************
request method: POST
request originalUrl:  /user/login
request client ip:  null
request body: 
{"us":"ceshi@ceshi.com","ps":"ceshi"}
response time: 1
response status: 200
response body: 
{"us":"ceshi@ceshi.com","ps":"ceshi"}
*************** response log end ***************

[2021-11-24T22:47:31.075] [INFO] responseLog - 
*************** response log start ***************
request method: POST
request originalUrl:  /permit/menus
request client ip:  null
request body: 
{}
response time: 5
response status: 200
response body: 
{}
*************** response log end ***************

[2021-11-24T22:47:35.080] [INFO] responseLog - 
*************** response log start ***************
request method: POST
request originalUrl:  /permit/list
request client ip:  null
request body: 
{}
response time: 0
response status: 200
response body: 
{}
*************** response log end ***************

[2021-11-24T22:47:35.475] [INFO] responseLog - 
*************** response log start ***************
request method: POST
request originalUrl:  /role/page
request client ip:  null
request body: 
{"pageNo":1,"pageSize":5}
response time: 1
response status: 200
response body: 
{"pageNo":1,"pageSize":5}
*************** response log end ***************

[2021-11-24T22:47:35.726] [INFO] responseLog - 
*************** response log start ***************
request method: POST
request originalUrl:  /food/page
request client ip:  null
request body: 
{"pageNo":1,"pageSize":5}
response time: 1
response status: 200
response body: 
{"pageNo":1,"pageSize":5}
*************** response log end ***************

[2021-11-24T22:47:35.733] [INFO] responseLog - 
*************** response log start ***************
request method: POST
request originalUrl:  /foodType/page
request client ip:  null
request body: 
{}
response time: 1
response status: 200
response body: 
{}
*************** response log end ***************

[2021-11-24T22:47:35.793] [INFO] responseLog - 
*************** response log start ***************
request method: GET
request originalUrl:  /static/img/16376387521163384.jpg
request client ip:  null
request query:  {}
response time: 3
response status: 200
response body: 
{}
*************** response log end ***************

[2021-11-24T22:47:35.798] [INFO] responseLog - 
*************** response log start ***************
request method: GET
request originalUrl:  /static/img/16376387696309001.jpg
request client ip:  null
request query:  {}
response time: 1
response status: 200
response body: 
{}
*************** response log end ***************

[2021-11-24T22:47:35.799] [INFO] responseLog - 
*************** response log start ***************
request method: GET
request originalUrl:  /static/img/16376387836404155.jpg
request client ip:  null
request query:  {}
response time: 0
response status: 200
response body: 
{}
*************** response log end ***************

[2021-11-24T22:47:35.806] [INFO] responseLog - 
*************** response log start ***************
request method: GET
request originalUrl:  /static/img/16376388089819240.jpg
request client ip:  null
request query:  {}
response time: 0
response status: 200
response body: 
{}
*************** response log end ***************

[2021-11-24T22:47:35.815] [INFO] responseLog - 
*************** response log start ***************
request method: GET
request originalUrl:  /static/img/16376388261657554.jpg
request client ip:  null
request query:  {}
response time: 0
response status: 200
response body: 
{}
*************** response log end ***************

[2021-11-24T22:47:36.285] [INFO] responseLog - 
*************** response log start ***************
request method: POST
request originalUrl:  /lang/page
request client ip:  null
request body: 
{"pageNo":1,"pageSize":9999999}
response time: 1
response status: 200
response body: 
{"pageNo":1,"pageSize":9999999}
*************** response log end ***************

[2021-11-24T22:47:37.508] [INFO] responseLog - 
*************** response log start ***************
request method: POST
request originalUrl:  /role/page
request client ip:  null
request body: 
{}
response time: 0
response status: 200
response body: 
{}
*************** response log end ***************

[2021-11-24T22:47:37.519] [INFO] responseLog - 
*************** response log start ***************
request method: POST
request originalUrl:  /user/page
request client ip:  null
request body: 
{"pageNo":1,"pageSize":5}
response time: 2
response status: 200
response body: 
{"pageNo":1,"pageSize":5}
*************** response log end ***************

[2021-11-24T22:47:38.925] [INFO] responseLog - 
*************** response log start ***************
request method: POST
request originalUrl:  /user/updateState
request client ip:  null
request body: 
{"id":1,"state":true}
response time: 32
response status: 200
response body: 
{"id":1,"state":true}
*************** response log end ***************

[2021-11-24T22:47:41.877] [INFO] responseLog - 
*************** response log start ***************
request method: POST
request originalUrl:  /user/login
request client ip:  null
request body: 
{"us":"18784771@qq.com","ps":"123456"}
response time: 1
response status: 200
response body: 
{"us":"18784771@qq.com","ps":"123456"}
*************** response log end ***************

[2021-11-24T22:47:43.829] [INFO] responseLog - 
*************** response log start ***************
request method: POST
request originalUrl:  /user/login
request client ip:  null
request body: 
{"us":"18784771@qq.com","ps":"123456"}
response time: 1
response status: 200
response body: 
{"us":"18784771@qq.com","ps":"123456"}
*************** response log end ***************

[2021-11-24T22:48:08.274] [INFO] responseLog - 
*************** response log start ***************
request method: POST
request originalUrl:  /user/getMailCode
request client ip:  null
request body: 
{"mail":"18784771@qq.com"}
response time: 0
response status: 200
response body: 
{"mail":"18784771@qq.com"}
*************** response log end ***************

[2021-11-24T22:48:34.109] [INFO] responseLog - 
*************** response log start ***************
request method: POST
request originalUrl:  /user/reg
request client ip:  null
request body: 
{"us":"18784771@qq.com","ps":"111111","code":"7271"}
response time: 1
response status: 200
response body: 
{"us":"18784771@qq.com","ps":"111111","code":"7271"}
*************** response log end ***************

[2021-11-24T22:48:34.124] [INFO] responseLog - 
*************** response log start ***************
request method: POST
request originalUrl:  /user/login
request client ip:  null
request body: 
{"us":"18784771@qq.com","ps":"111111"}
response time: 2
response status: 200
response body: 
{"us":"18784771@qq.com","ps":"111111"}
*************** response log end ***************

[2021-11-24T22:48:40.346] [INFO] responseLog - 
*************** response log start ***************
request method: POST
request originalUrl:  /user/login
request client ip:  null
request body: 
{"us":"18784771@qq.com","ps":"111111"}
response time: 1
response status: 200
response body: 
{"us":"18784771@qq.com","ps":"111111"}
*************** response log end ***************

[2021-11-24T22:49:36.589] [INFO] responseLog - 
*************** response log start ***************
request method: POST
request originalUrl:  /user/login
request client ip:  null
request body: 
{"us":"18784771@qq.com","ps":"test"}
response time: 1
response status: 200
response body: 
{"us":"18784771@qq.com","ps":"test"}
*************** response log end ***************

[2021-11-24T22:49:43.892] [INFO] responseLog - 
*************** response log start ***************
request method: POST
request originalUrl:  /role/page
request client ip:  null
request body: 
{}
response time: 0
response status: 200
response body: 
{}
*************** response log end ***************

[2021-11-24T22:49:43.907] [INFO] responseLog - 
*************** response log start ***************
request method: POST
request originalUrl:  /user/page
request client ip:  null
request body: 
{"pageNo":1,"pageSize":5}
response time: 1
response status: 200
response body: 
{"pageNo":1,"pageSize":5}
*************** response log end ***************

[2021-11-24T22:49:45.954] [INFO] responseLog - 
*************** response log start ***************
request method: POST
request originalUrl:  /user/updateState
request client ip:  null
request body: 
{"id":1,"state":true}
response time: 2
response status: 200
response body: 
{"id":1,"state":true}
*************** response log end ***************

[2021-11-24T22:49:49.341] [INFO] responseLog - 
*************** response log start ***************
request method: POST
request originalUrl:  /role/page
request client ip:  null
request body: 
{}
response time: 1
response status: 200
response body: 
{}
*************** response log end ***************

[2021-11-24T22:49:49.354] [INFO] responseLog - 
*************** response log start ***************
request method: POST
request originalUrl:  /user/page
request client ip:  null
request body: 
{"pageNo":1,"pageSize":5}
response time: 1
response status: 200
response body: 
{"pageNo":1,"pageSize":5}
*************** response log end ***************

[2021-11-24T22:49:50.249] [INFO] responseLog - 
*************** response log start ***************
request method: POST
request originalUrl:  /user/updateState
request client ip:  null
request body: 
{"id":1,"state":true}
response time: 1
response status: 200
response body: 
{"id":1,"state":true}
*************** response log end ***************

[2021-11-24T22:49:54.096] [INFO] responseLog - 
*************** response log start ***************
request method: POST
request originalUrl:  /user/updateRole
request client ip:  null
request body: 
{"us":"18784771@qq.com","id":1,"roleId":24}
response time: 2
response status: 200
response body: 
{"us":"18784771@qq.com","id":1,"roleId":24}
*************** response log end ***************

[2021-11-24T22:49:54.125] [INFO] responseLog - 
*************** response log start ***************
request method: POST
request originalUrl:  /user/page
request client ip:  null
request body: 
{"pageNo":1,"pageSize":5}
response time: 2
response status: 200
response body: 
{"pageNo":1,"pageSize":5}
*************** response log end ***************

[2021-11-24T22:49:56.097] [INFO] responseLog - 
*************** response log start ***************
request method: POST
request originalUrl:  /role/page
request client ip:  null
request body: 
{}
response time: 1
response status: 200
response body: 
{}
*************** response log end ***************

[2021-11-24T22:49:56.108] [INFO] responseLog - 
*************** response log start ***************
request method: POST
request originalUrl:  /user/page
request client ip:  null
request body: 
{"pageNo":1,"pageSize":5}
response time: 1
response status: 200
response body: 
{"pageNo":1,"pageSize":5}
*************** response log end ***************

[2021-11-24T22:49:57.045] [INFO] responseLog - 
*************** response log start ***************
request method: POST
request originalUrl:  /user/updateState
request client ip:  null
request body: 
{"id":1,"state":true}
response time: 1
response status: 200
response body: 
{"id":1,"state":true}
*************** response log end ***************

[2021-11-24T22:50:04.955] [INFO] responseLog - 
*************** response log start ***************
request method: POST
request originalUrl:  /role/page
request client ip:  null
request body: 
{}
response time: 1
response status: 200
response body: 
{}
*************** response log end ***************

[2021-11-24T22:50:04.969] [INFO] responseLog - 
*************** response log start ***************
request method: POST
request originalUrl:  /user/page
request client ip:  null
request body: 
{"pageNo":1,"pageSize":5}
response time: 3
response status: 200
response body: 
{"pageNo":1,"pageSize":5}
*************** response log end ***************

[2021-11-24T22:50:05.613] [INFO] responseLog - 
*************** response log start ***************
request method: POST
request originalUrl:  /user/updateState
request client ip:  null
request body: 
{"id":1,"state":true}
response time: 1
response status: 200
response body: 
{"id":1,"state":true}
*************** response log end ***************

[2021-11-24T22:50:09.590] [INFO] responseLog - 
*************** response log start ***************
request method: POST
request originalUrl:  /user/updateState
request client ip:  null
request body: 
{"id":1,"state":false}
response time: 1
response status: 200
response body: 
{"id":1,"state":false}
*************** response log end ***************

[2021-11-24T22:50:10.201] [INFO] responseLog - 
*************** response log start ***************
request method: POST
request originalUrl:  /user/updateState
request client ip:  null
request body: 
{"id":1,"state":true}
response time: 3
response status: 200
response body: 
{"id":1,"state":true}
*************** response log end ***************

[2021-11-24T22:50:16.477] [INFO] responseLog - 
*************** response log start ***************
request method: POST
request originalUrl:  /user/login
request client ip:  null
request body: 
{"us":"18784771@qq.com","ps":"test"}
response time: 0
response status: 200
response body: 
{"us":"18784771@qq.com","ps":"test"}
*************** response log end ***************

[2021-11-24T22:50:34.714] [INFO] responseLog - 
*************** response log start ***************
request method: POST
request originalUrl:  /user/login
request client ip:  null
request body: 
{"us":"ceshi@ceshi.com","ps":"ceshi"}
response time: 2
response status: 200
response body: 
{"us":"ceshi@ceshi.com","ps":"ceshi"}
*************** response log end ***************

[2021-11-24T22:50:36.390] [INFO] responseLog - 
*************** response log start ***************
request method: POST
request originalUrl:  /user/login
request client ip:  null
request body: 
{"us":"ceshi@ceshi.com","ps":"ceshi"}
response time: 1
response status: 200
response body: 
{"us":"ceshi@ceshi.com","ps":"ceshi"}
*************** response log end ***************

[2021-11-24T22:50:36.465] [INFO] responseLog - 
*************** response log start ***************
request method: POST
request originalUrl:  /food/page
request client ip:  null
request body: 
{"pageSize":100000}
response time: 0
response status: 200
response body: 
{"pageSize":100000}
*************** response log end ***************

[2021-11-24T22:50:36.526] [INFO] responseLog - 
*************** response log start ***************
request method: POST
request originalUrl:  /foodType/page
request client ip:  null
request body: 
{"pageSize":100000}
response time: 1
response status: 200
response body: 
{"pageSize":100000}
*************** response log end ***************

[2021-11-24T22:50:36.545] [INFO] responseLog - 
*************** response log start ***************
request method: POST
request originalUrl:  /payment/page
request client ip:  null
request body: 
{"pageSize":100000,"isDone":0,"username":"ceshi@ceshi.com"}
response time: 2
response status: 200
response body: 
{"pageSize":100000,"isDone":0,"username":"ceshi@ceshi.com"}
*************** response log end ***************

[2021-11-24T23:04:30.004] [INFO] responseLog - 
*************** response log start ***************
request method: POST
request originalUrl:  /payment/page
request client ip:  null
request body: 
{"pageNo":1,"pageSize":5}
response time: 9
response status: 200
response body: 
{"pageNo":1,"pageSize":5}
*************** response log end ***************

[2021-11-24T23:04:30.665] [INFO] responseLog - 
*************** response log start ***************
request method: POST
request originalUrl:  /payment/export
request client ip:  null
request body: 
{}
response time: 2
response status: 200
response body: 
{}
*************** response log end ***************

[2021-11-24T23:09:07.095] [INFO] responseLog - 
*************** response log start ***************
request method: POST
request originalUrl:  /user/login
request client ip:  null
request body: 
{"us":"ceshi@ceshi.com","ps":"ceshi"}
response time: 16
response status: 200
response body: 
{"us":"ceshi@ceshi.com","ps":"ceshi"}
*************** response log end ***************

[2021-11-24T23:09:08.740] [INFO] responseLog - 
*************** response log start ***************
request method: POST
request originalUrl:  /user/login
request client ip:  null
request body: 
{"us":"ceshi@ceshi.com","ps":"ceshi"}
response time: 4
response status: 200
response body: 
{"us":"ceshi@ceshi.com","ps":"ceshi"}
*************** response log end ***************

[2021-11-24T23:09:08.936] [INFO] responseLog - 
*************** response log start ***************
request method: POST
request originalUrl:  /food/page
request client ip:  null
request body: 
{"pageSize":100000}
response time: 3
response status: 200
response body: 
{"pageSize":100000}
*************** response log end ***************

[2021-11-24T23:09:09.004] [INFO] responseLog - 
*************** response log start ***************
request method: POST
request originalUrl:  /foodType/page
request client ip:  null
request body: 
{"pageSize":100000}
response time: 2
response status: 200
response body: 
{"pageSize":100000}
*************** response log end ***************

[2021-11-24T23:09:09.065] [INFO] responseLog - 
*************** response log start ***************
request method: POST
request originalUrl:  /payment/page
request client ip:  null
request body: 
{"pageSize":100000,"isDone":0,"username":"ceshi@ceshi.com"}
response time: 2
response status: 200
response body: 
{"pageSize":100000,"isDone":0,"username":"ceshi@ceshi.com"}
*************** response log end ***************

[2021-11-24T23:14:37.409] [INFO] responseLog - 
*************** response log start ***************
request method: POST
request originalUrl:  /payment/page
request client ip:  null
request body: 
{"pageNo":1,"pageSize":5}
response time: 2
response status: 200
response body: 
{"pageNo":1,"pageSize":5}
*************** response log end ***************

[2021-11-24T23:15:22.777] [INFO] responseLog - 
*************** response log start ***************
request method: POST
request originalUrl:  /payment/page
request client ip:  null
request body: 
{"pageNo":1,"pageSize":5}
response time: 2
response status: 200
response body: 
{"pageNo":1,"pageSize":5}
*************** response log end ***************

[2021-11-24T23:16:03.830] [INFO] responseLog - 
*************** response log start ***************
request method: POST
request originalUrl:  /payment/update
request client ip:  null
request body: 
{"id":1,"prince":0,"count":0,"price":0,"typeid":0,"isDone":1,"selectFoods":[{"name":"土豆丝","price":"15","desc":"家常菜","typename":"热菜","typeid":2,"img":"http://localhost:6166/static/img/tudousi.jpg","__v":0,"created":"-","updated":"-","count":3},{"name":"土豆丝1","price":"15","desc":"家常菜","typename":"热菜","typeid":2,"img":"http://localhost:6166/static/img/tudousi.jpg","__v":0,"created":"-","updated":"-","count":3}],"_id":"6198e6fe59658d3280a66356","username":"ceshi@ceshi.com","__v":0,"desc":null,"img":null,"name":null,"typename":null,"_index":0,"_rowKey":1}
response time: 21
response status: 200
response body: 
{"id":1,"prince":0,"count":0,"price":0,"typeid":0,"isDone":1,"selectFoods":[{"name":"土豆丝","price":"15","desc":"家常菜","typename":"热菜","typeid":2,"img":"http://localhost:6166/static/img/tudousi.jpg","__v":0,"created":"-","updated":"-","count":3},{"name":"土豆丝1","price":"15","desc":"家常菜","typename":"热菜","typeid":2,"img":"http://localhost:6166/static/img/tudousi.jpg","__v":0,"created":"-","updated":"-","count":3}],"_id":"6198e6fe59658d3280a66356","username":"ceshi@ceshi.com","__v":0,"desc":null,"img":null,"name":null,"typename":null,"_index":0,"_rowKey":1}
*************** response log end ***************

[2021-11-24T23:17:43.803] [INFO] responseLog - 
*************** response log start ***************
request method: POST
request originalUrl:  /payment/page
request client ip:  null
request body: 
{"pageNo":1,"pageSize":5}
response time: 8
response status: 200
response body: 
{"pageNo":1,"pageSize":5}
*************** response log end ***************

[2021-11-24T23:17:52.786] [INFO] responseLog - 
*************** response log start ***************
request method: POST
request originalUrl:  /payment/update
request client ip:  null
request body: 
{"id":1,"prince":0,"count":0,"price":0,"typeid":0,"isDone":1,"selectFoods":[{"name":"土豆丝2","price":"15","desc":"家常菜","typename":"热菜","typeid":2,"img":"http://localhost:6166/static/img/tudousi.jpg","__v":0,"created":"-","updated":"-","count":2},{"name":"土豆丝6666","price":"15","desc":"家常菜","typename":"热菜","typeid":2,"img":"http://localhost:6166/static/img/tudousi.jpg","__v":0,"created":"-","updated":"-","count":2}],"_id":"619b940586456a658c4876a6","username":"ceshi@ceshi.com","__v":0,"_index":1,"_rowKey":2}
response time: 21
response status: 200
response body: 
{"id":1,"prince":0,"count":0,"price":0,"typeid":0,"isDone":1,"selectFoods":[{"name":"土豆丝2","price":"15","desc":"家常菜","typename":"热菜","typeid":2,"img":"http://localhost:6166/static/img/tudousi.jpg","__v":0,"created":"-","updated":"-","count":2},{"name":"土豆丝6666","price":"15","desc":"家常菜","typename":"热菜","typeid":2,"img":"http://localhost:6166/static/img/tudousi.jpg","__v":0,"created":"-","updated":"-","count":2}],"_id":"619b940586456a658c4876a6","username":"ceshi@ceshi.com","__v":0,"_index":1,"_rowKey":2}
*************** response log end ***************

[2021-11-24T23:18:58.616] [INFO] responseLog - 
*************** response log start ***************
request method: POST
request originalUrl:  /payment/page
request client ip:  null
request body: 
{"pageNo":1,"pageSize":5}
response time: 4
response status: 200
response body: 
{"pageNo":1,"pageSize":5}
*************** response log end ***************

[2021-11-24T23:19:03.053] [INFO] responseLog - 
*************** response log start ***************
request method: POST
request originalUrl:  /payment/update
request client ip:  null
request body: 
{"id":1,"prince":0,"count":0,"price":0,"typeid":0,"isDone":1,"selectFoods":[{"name":"土豆丝","price":"15","desc":"家常菜","typename":"热菜","typeid":2,"img":"http://localhost:6166/static/img/tudousi.jpg","__v":0,"created":"-","updated":"-","count":3},{"name":"土豆丝1","price":"15","desc":"家常菜","typename":"热菜","typeid":2,"img":"http://localhost:6166/static/img/tudousi.jpg","__v":0,"created":"-","updated":"-","count":3}],"_id":"6198e6fe59658d3280a66356","username":"ceshi@ceshi.com","__v":0,"desc":null,"img":null,"name":null,"typename":null,"_index":0,"_rowKey":1}
response time: 2
response status: 200
response body: 
{"id":1,"prince":0,"count":0,"price":0,"typeid":0,"isDone":1,"selectFoods":[{"name":"土豆丝","price":"15","desc":"家常菜","typename":"热菜","typeid":2,"img":"http://localhost:6166/static/img/tudousi.jpg","__v":0,"created":"-","updated":"-","count":3},{"name":"土豆丝1","price":"15","desc":"家常菜","typename":"热菜","typeid":2,"img":"http://localhost:6166/static/img/tudousi.jpg","__v":0,"created":"-","updated":"-","count":3}],"_id":"6198e6fe59658d3280a66356","username":"ceshi@ceshi.com","__v":0,"desc":null,"img":null,"name":null,"typename":null,"_index":0,"_rowKey":1}
*************** response log end ***************

[2021-11-24T23:19:45.706] [INFO] responseLog - 
*************** response log start ***************
request method: POST
request originalUrl:  /payment/update
request client ip:  null
request body: 
{"name":"","price":"","desc":"","typeid":""}
response time: 2
response status: 200
response body: 
{"name":"","price":"","desc":"","typeid":""}
*************** response log end ***************

[2021-11-24T23:19:49.704] [INFO] responseLog - 
*************** response log start ***************
request method: POST
request originalUrl:  /payment/page
request client ip:  null
request body: 
{"pageNo":1,"pageSize":5}
response time: 1
response status: 200
response body: 
{"pageNo":1,"pageSize":5}
*************** response log end ***************

[2021-11-24T23:19:57.573] [INFO] responseLog - 
*************** response log start ***************
request method: POST
request originalUrl:  /payment/update
request client ip:  null
request body: 
{"id":1,"prince":0,"count":0,"price":0,"typeid":0,"isDone":1,"selectFoods":[{"name":"土豆丝","price":"15","desc":"家常菜","typename":"热菜","typeid":2,"img":"http://localhost:6166/static/img/tudousi.jpg","__v":0,"created":"-","updated":"-","count":3},{"name":"土豆丝1","price":"15","desc":"家常菜","typename":"热菜","typeid":2,"img":"http://localhost:6166/static/img/tudousi.jpg","__v":0,"created":"-","updated":"-","count":3}],"_id":"6198e6fe59658d3280a66356","username":"ceshi@ceshi.com","__v":0,"desc":null,"img":null,"name":null,"typename":null,"takeMealTime":null,"_index":0,"_rowKey":1}
response time: 2
response status: 200
response body: 
{"id":1,"prince":0,"count":0,"price":0,"typeid":0,"isDone":1,"selectFoods":[{"name":"土豆丝","price":"15","desc":"家常菜","typename":"热菜","typeid":2,"img":"http://localhost:6166/static/img/tudousi.jpg","__v":0,"created":"-","updated":"-","count":3},{"name":"土豆丝1","price":"15","desc":"家常菜","typename":"热菜","typeid":2,"img":"http://localhost:6166/static/img/tudousi.jpg","__v":0,"created":"-","updated":"-","count":3}],"_id":"6198e6fe59658d3280a66356","username":"ceshi@ceshi.com","__v":0,"desc":null,"img":null,"name":null,"typename":null,"takeMealTime":null,"_index":0,"_rowKey":1}
*************** response log end ***************

[2021-11-24T23:20:14.949] [INFO] responseLog - 
*************** response log start ***************
request method: POST
request originalUrl:  /payment/page
request client ip:  null
request body: 
{"pageNo":1,"pageSize":5}
response time: 2
response status: 200
response body: 
{"pageNo":1,"pageSize":5}
*************** response log end ***************

[2021-11-24T23:20:19.466] [INFO] responseLog - 
*************** response log start ***************
request method: POST
request originalUrl:  /payment/update
request client ip:  null
request body: 
{"id":1,"prince":0,"count":0,"price":0,"typeid":0,"isDone":1,"selectFoods":[{"name":"土豆丝","price":"15","desc":"家常菜","typename":"热菜","typeid":2,"img":"http://localhost:6166/static/img/tudousi.jpg","__v":0,"created":"-","updated":"-","count":3},{"name":"土豆丝1","price":"15","desc":"家常菜","typename":"热菜","typeid":2,"img":"http://localhost:6166/static/img/tudousi.jpg","__v":0,"created":"-","updated":"-","count":3}],"_id":"6198e6fe59658d3280a66356","username":"ceshi@ceshi.com","__v":0,"desc":null,"img":null,"name":null,"typename":null,"takeMealTime":null,"_index":0,"_rowKey":1}
response time: 3
response status: 200
response body: 
{"id":1,"prince":0,"count":0,"price":0,"typeid":0,"isDone":1,"selectFoods":[{"name":"土豆丝","price":"15","desc":"家常菜","typename":"热菜","typeid":2,"img":"http://localhost:6166/static/img/tudousi.jpg","__v":0,"created":"-","updated":"-","count":3},{"name":"土豆丝1","price":"15","desc":"家常菜","typename":"热菜","typeid":2,"img":"http://localhost:6166/static/img/tudousi.jpg","__v":0,"created":"-","updated":"-","count":3}],"_id":"6198e6fe59658d3280a66356","username":"ceshi@ceshi.com","__v":0,"desc":null,"img":null,"name":null,"typename":null,"takeMealTime":null,"_index":0,"_rowKey":1}
*************** response log end ***************

[2021-11-24T23:20:57.274] [INFO] responseLog - 
*************** response log start ***************
request method: POST
request originalUrl:  /payment/page
request client ip:  null
request body: 
{"pageNo":1,"pageSize":5}
response time: 2
response status: 200
response body: 
{"pageNo":1,"pageSize":5}
*************** response log end ***************

[2021-11-24T23:21:06.001] [INFO] responseLog - 
*************** response log start ***************
request method: POST
request originalUrl:  /payment/page
request client ip:  null
request body: 
{"pageNo":1,"pageSize":5}
response time: 3
response status: 200
response body: 
{"pageNo":1,"pageSize":5}
*************** response log end ***************

[2021-11-24T23:21:11.642] [INFO] responseLog - 
*************** response log start ***************
request method: POST
request originalUrl:  /payment/update
request client ip:  null
request body: 
{"id":1,"prince":0,"count":0,"price":0,"typeid":0,"isDone":1,"selectFoods":[{"name":"土豆丝","price":"15","desc":"家常菜","typename":"热菜","typeid":2,"img":"http://localhost:6166/static/img/tudousi.jpg","__v":0,"created":"-","updated":"-","count":3},{"name":"土豆丝1","price":"15","desc":"家常菜","typename":"热菜","typeid":2,"img":"http://localhost:6166/static/img/tudousi.jpg","__v":0,"created":"-","updated":"-","count":3}],"_id":"6198e6fe59658d3280a66356","username":"ceshi@ceshi.com","__v":0,"desc":null,"img":null,"name":null,"typename":null,"takeMealTime":"00:01:01","_index":0,"_rowKey":1}
response time: 3
response status: 200
response body: 
{"id":1,"prince":0,"count":0,"price":0,"typeid":0,"isDone":1,"selectFoods":[{"name":"土豆丝","price":"15","desc":"家常菜","typename":"热菜","typeid":2,"img":"http://localhost:6166/static/img/tudousi.jpg","__v":0,"created":"-","updated":"-","count":3},{"name":"土豆丝1","price":"15","desc":"家常菜","typename":"热菜","typeid":2,"img":"http://localhost:6166/static/img/tudousi.jpg","__v":0,"created":"-","updated":"-","count":3}],"_id":"6198e6fe59658d3280a66356","username":"ceshi@ceshi.com","__v":0,"desc":null,"img":null,"name":null,"typename":null,"takeMealTime":"00:01:01","_index":0,"_rowKey":1}
*************** response log end ***************

[2021-11-24T23:23:21.320] [INFO] responseLog - 
*************** response log start ***************
request method: POST
request originalUrl:  /payment/page
request client ip:  null
request body: 
{"pageNo":1,"pageSize":5}
response time: 13
response status: 200
response body: 
{"pageNo":1,"pageSize":5}
*************** response log end ***************

[2021-11-24T23:23:27.179] [INFO] responseLog - 
*************** response log start ***************
request method: POST
request originalUrl:  /payment/page
request client ip:  null
request body: 
{"pageNo":1,"pageSize":5}
response time: 4
response status: 200
response body: 
{"pageNo":1,"pageSize":5}
*************** response log end ***************

[2021-11-24T23:23:46.685] [INFO] responseLog - 
*************** response log start ***************
request method: POST
request originalUrl:  /payment/page
request client ip:  null
request body: 
{"pageNo":1,"pageSize":5}
response time: 4
response status: 200
response body: 
{"pageNo":1,"pageSize":5}
*************** response log end ***************

[2021-11-24T23:24:04.683] [INFO] responseLog - 
*************** response log start ***************
request method: POST
request originalUrl:  /payment/page
request client ip:  null
request body: 
{"pageNo":1,"pageSize":5}
response time: 2
response status: 200
response body: 
{"pageNo":1,"pageSize":5}
*************** response log end ***************

[2021-11-24T23:24:26.714] [INFO] responseLog - 
*************** response log start ***************
request method: POST
request originalUrl:  /payment/page
request client ip:  null
request body: 
{"pageNo":1,"pageSize":5}
response time: 2
response status: 200
response body: 
{"pageNo":1,"pageSize":5}
*************** response log end ***************

[2021-11-24T23:24:59.991] [INFO] responseLog - 
*************** response log start ***************
request method: POST
request originalUrl:  /payment/page
request client ip:  null
request body: 
{"pageNo":1,"pageSize":5}
response time: 2
response status: 200
response body: 
{"pageNo":1,"pageSize":5}
*************** response log end ***************

[2021-11-24T23:25:01.274] [INFO] responseLog - 
*************** response log start ***************
request method: POST
request originalUrl:  /payment/page
request client ip:  null
request body: 
{"pageNo":1,"pageSize":5}
response time: 1
response status: 200
response body: 
{"pageNo":1,"pageSize":5}
*************** response log end ***************

[2021-11-24T23:25:45.232] [INFO] responseLog - 
*************** response log start ***************
request method: POST
request originalUrl:  /payment/page
request client ip:  null
request body: 
{"pageNo":1,"pageSize":5}
response time: 3
response status: 200
response body: 
{"pageNo":1,"pageSize":5}
*************** response log end ***************

[2021-11-24T23:26:32.717] [INFO] responseLog - 
*************** response log start ***************
request method: POST
request originalUrl:  /payment/page
request client ip:  null
request body: 
{"pageNo":1,"pageSize":5}
response time: 2
response status: 200
response body: 
{"pageNo":1,"pageSize":5}
*************** response log end ***************

[2021-11-24T23:28:18.503] [INFO] responseLog - 
*************** response log start ***************
request method: POST
request originalUrl:  /payment/page
request client ip:  null
request body: 
{"pageNo":1,"pageSize":5}
response time: 1
response status: 200
response body: 
{"pageNo":1,"pageSize":5}
*************** response log end ***************

[2021-11-24T23:28:36.164] [INFO] responseLog - 
*************** response log start ***************
request method: POST
request originalUrl:  /payment/page
request client ip:  null
request body: 
{"pageNo":1,"pageSize":5}
response time: 2
response status: 200
response body: 
{"pageNo":1,"pageSize":5}
*************** response log end ***************

[2021-11-24T23:30:03.707] [INFO] responseLog - 
*************** response log start ***************
request method: POST
request originalUrl:  /payment/page
request client ip:  null
request body: 
{"pageNo":1,"pageSize":5}
response time: 2
response status: 200
response body: 
{"pageNo":1,"pageSize":5}
*************** response log end ***************

[2021-11-24T23:30:12.037] [INFO] responseLog - 
*************** response log start ***************
request method: POST
request originalUrl:  /payment/update
request client ip:  null
request body: 
{"id":1,"prince":0,"count":0,"price":0,"typeid":0,"isDone":0,"selectFoods":[{"name":"土豆丝","price":"15","desc":"家常菜","typename":"热菜","typeid":2,"img":"http://localhost:6166/static/img/tudousi.jpg","__v":0,"created":"-","updated":"-","count":3},{"name":"土豆丝1","price":"15","desc":"家常菜","typename":"热菜","typeid":2,"img":"http://localhost:6166/static/img/tudousi.jpg","__v":0,"created":"-","updated":"-","count":3}],"_id":"6198e6fe59658d3280a66356","username":"ceshi@ceshi.com","__v":0,"desc":null,"img":null,"name":null,"typename":null,"takeMealTime":"00:01:01","_index":0,"_rowKey":1}
response time: 16
response status: 200
response body: 
{"id":1,"prince":0,"count":0,"price":0,"typeid":0,"isDone":0,"selectFoods":[{"name":"土豆丝","price":"15","desc":"家常菜","typename":"热菜","typeid":2,"img":"http://localhost:6166/static/img/tudousi.jpg","__v":0,"created":"-","updated":"-","count":3},{"name":"土豆丝1","price":"15","desc":"家常菜","typename":"热菜","typeid":2,"img":"http://localhost:6166/static/img/tudousi.jpg","__v":0,"created":"-","updated":"-","count":3}],"_id":"6198e6fe59658d3280a66356","username":"ceshi@ceshi.com","__v":0,"desc":null,"img":null,"name":null,"typename":null,"takeMealTime":"00:01:01","_index":0,"_rowKey":1}
*************** response log end ***************

[2021-11-24T23:30:17.130] [INFO] responseLog - 
*************** response log start ***************
request method: POST
request originalUrl:  /payment/page
request client ip:  null
request body: 
{"pageNo":1,"pageSize":5}
response time: 2
response status: 200
response body: 
{"pageNo":1,"pageSize":5}
*************** response log end ***************

[2021-11-24T23:32:11.612] [INFO] responseLog - 
*************** response log start ***************
request method: POST
request originalUrl:  /user/login
request client ip:  null
request body: 
{"us":"ceshi@ceshi.com","ps":"ceshi"}
response time: 11
response status: 200
response body: 
{"us":"ceshi@ceshi.com","ps":"ceshi"}
*************** response log end ***************

[2021-11-24T23:32:12.069] [INFO] responseLog - 
*************** response log start ***************
request method: POST
request originalUrl:  /food/page
request client ip:  null
request body: 
{"pageSize":100000}
response time: 13
response status: 200
response body: 
{"pageSize":100000}
*************** response log end ***************

[2021-11-24T23:32:12.219] [INFO] responseLog - 
*************** response log start ***************
request method: POST
request originalUrl:  /foodType/page
request client ip:  null
request body: 
{"pageSize":100000}
response time: 3
response status: 200
response body: 
{"pageSize":100000}
*************** response log end ***************

[2021-11-24T23:32:12.270] [INFO] responseLog - 
*************** response log start ***************
request method: POST
request originalUrl:  /payment/page
request client ip:  null
request body: 
{"pageSize":100000,"isDone":0,"username":"ceshi@ceshi.com"}
response time: 3
response status: 200
response body: 
{"pageSize":100000,"isDone":0,"username":"ceshi@ceshi.com"}
*************** response log end ***************

[2021-11-24T23:32:23.089] [INFO] responseLog - 
*************** response log start ***************
request method: POST
request originalUrl:  /food/page
request client ip:  null
request body: 
{"pageSize":100000}
response time: 1
response status: 200
response body: 
{"pageSize":100000}
*************** response log end ***************

[2021-11-24T23:32:23.146] [INFO] responseLog - 
*************** response log start ***************
request method: POST
request originalUrl:  /foodType/page
request client ip:  null
request body: 
{"pageSize":100000}
response time: 3
response status: 200
response body: 
{"pageSize":100000}
*************** response log end ***************

[2021-11-24T23:32:23.180] [INFO] responseLog - 
*************** response log start ***************
request method: POST
request originalUrl:  /payment/page
request client ip:  null
request body: 
{"pageSize":100000,"isDone":0,"username":"ceshi@ceshi.com"}
response time: 3
response status: 200
response body: 
{"pageSize":100000,"isDone":0,"username":"ceshi@ceshi.com"}
*************** response log end ***************

[2021-11-24T23:32:25.584] [INFO] responseLog - 
*************** response log start ***************
request method: POST
request originalUrl:  /user/login
request client ip:  null
request body: 
{"us":"ceshi@ceshi.com","ps":"ceshi"}
response time: 3
response status: 200
response body: 
{"us":"ceshi@ceshi.com","ps":"ceshi"}
*************** response log end ***************

[2021-11-24T23:32:25.673] [INFO] responseLog - 
*************** response log start ***************
request method: POST
request originalUrl:  /food/page
request client ip:  null
request body: 
{"pageSize":100000}
response time: 2
response status: 200
response body: 
{"pageSize":100000}
*************** response log end ***************

[2021-11-24T23:32:25.719] [INFO] responseLog - 
*************** response log start ***************
request method: POST
request originalUrl:  /foodType/page
request client ip:  null
request body: 
{"pageSize":100000}
response time: 1
response status: 200
response body: 
{"pageSize":100000}
*************** response log end ***************

[2021-11-24T23:32:25.744] [INFO] responseLog - 
*************** response log start ***************
request method: POST
request originalUrl:  /payment/page
request client ip:  null
request body: 
{"pageSize":100000,"isDone":0,"username":"ceshi@ceshi.com"}
response time: 2
response status: 200
response body: 
{"pageSize":100000,"isDone":0,"username":"ceshi@ceshi.com"}
*************** response log end ***************

[2021-11-24T23:32:32.010] [INFO] responseLog - 
*************** response log start ***************
request method: POST
request originalUrl:  /payment/add
request client ip:  null
request body: 
{"selectFoods":[{"name":"Side only","price":"2","desc":"Side only","typeid":5,"img":"/static/img/16376387836404155.jpg","__v":0,"created":"2021-11-23 11:39:44","updated":"2021-11-23 11:39:44","count":3},{"name":"Candy ","price":"0.75","desc":"Candy ","typeid":6,"img":"/static/img/16376388089819240.jpg","__v":0,"created":"2021-11-23 11:40:09","updated":"2021-11-23 11:40:09","count":3}],"username":"ceshi@ceshi.com"}
response time: 31
response status: 200
response body: 
{"selectFoods":[{"name":"Side only","price":"2","desc":"Side only","typeid":5,"img":"/static/img/16376387836404155.jpg","__v":0,"created":"2021-11-23 11:39:44","updated":"2021-11-23 11:39:44","count":3},{"name":"Candy ","price":"0.75","desc":"Candy ","typeid":6,"img":"/static/img/16376388089819240.jpg","__v":0,"created":"2021-11-23 11:40:09","updated":"2021-11-23 11:40:09","count":3}],"username":"ceshi@ceshi.com"}
*************** response log end ***************

[2021-11-24T23:32:34.384] [INFO] responseLog - 
*************** response log start ***************
request method: POST
request originalUrl:  /user/login
request client ip:  null
request body: 
{"us":"ceshi@ceshi.com","ps":"ceshi"}
response time: 3
response status: 200
response body: 
{"us":"ceshi@ceshi.com","ps":"ceshi"}
*************** response log end ***************

[2021-11-24T23:32:34.564] [INFO] responseLog - 
*************** response log start ***************
request method: POST
request originalUrl:  /food/page
request client ip:  null
request body: 
{"pageSize":100000}
response time: 1
response status: 200
response body: 
{"pageSize":100000}
*************** response log end ***************

[2021-11-24T23:32:34.614] [INFO] responseLog - 
*************** response log start ***************
request method: POST
request originalUrl:  /foodType/page
request client ip:  null
request body: 
{"pageSize":100000}
response time: 1
response status: 200
response body: 
{"pageSize":100000}
*************** response log end ***************

[2021-11-24T23:32:34.646] [INFO] responseLog - 
*************** response log start ***************
request method: POST
request originalUrl:  /payment/page
request client ip:  null
request body: 
{"pageSize":100000,"isDone":0,"username":"ceshi@ceshi.com"}
response time: 4
response status: 200
response body: 
{"pageSize":100000,"isDone":0,"username":"ceshi@ceshi.com"}
*************** response log end ***************

[2021-11-24T23:32:37.581] [INFO] responseLog - 
*************** response log start ***************
request method: POST
request originalUrl:  /user/login
request client ip:  null
request body: 
{"us":"ceshi@ceshi.com","ps":"ceshi"}
response time: 2
response status: 200
response body: 
{"us":"ceshi@ceshi.com","ps":"ceshi"}
*************** response log end ***************

[2021-11-24T23:32:37.634] [INFO] responseLog - 
*************** response log start ***************
request method: POST
request originalUrl:  /food/page
request client ip:  null
request body: 
{"pageSize":100000}
response time: 1
response status: 200
response body: 
{"pageSize":100000}
*************** response log end ***************

[2021-11-24T23:32:37.680] [INFO] responseLog - 
*************** response log start ***************
request method: POST
request originalUrl:  /foodType/page
request client ip:  null
request body: 
{"pageSize":100000}
response time: 1
response status: 200
response body: 
{"pageSize":100000}
*************** response log end ***************

[2021-11-24T23:32:37.703] [INFO] responseLog - 
*************** response log start ***************
request method: POST
request originalUrl:  /payment/page
request client ip:  null
request body: 
{"pageSize":100000,"isDone":0,"username":"ceshi@ceshi.com"}
response time: 1
response status: 200
response body: 
{"pageSize":100000,"isDone":0,"username":"ceshi@ceshi.com"}
*************** response log end ***************

[2021-11-24T23:32:43.287] [INFO] responseLog - 
*************** response log start ***************
request method: POST
request originalUrl:  /payment/add
request client ip:  null
request body: 
{"selectFoods":[{"name":"Main only","price":"3","desc":"Main only","typeid":5,"img":"/static/img/16376387696309001.jpg","__v":0,"created":"2021-11-23 11:39:30","updated":"2021-11-23 11:39:30","count":3},{"name":"Side only","price":"2","desc":"Side only","typeid":5,"img":"/static/img/16376387836404155.jpg","__v":0,"created":"2021-11-23 11:39:44","updated":"2021-11-23 11:39:44","count":2}],"username":"ceshi@ceshi.com"}
response time: 4
response status: 200
response body: 
{"selectFoods":[{"name":"Main only","price":"3","desc":"Main only","typeid":5,"img":"/static/img/16376387696309001.jpg","__v":0,"created":"2021-11-23 11:39:30","updated":"2021-11-23 11:39:30","count":3},{"name":"Side only","price":"2","desc":"Side only","typeid":5,"img":"/static/img/16376387836404155.jpg","__v":0,"created":"2021-11-23 11:39:44","updated":"2021-11-23 11:39:44","count":2}],"username":"ceshi@ceshi.com"}
*************** response log end ***************

[2021-11-24T23:33:01.721] [INFO] responseLog - 
*************** response log start ***************
request method: POST
request originalUrl:  /user/login
request client ip:  null
request body: 
{"us":"ceshi@ceshi.com","ps":"ceshi"}
response time: 3
response status: 200
response body: 
{"us":"ceshi@ceshi.com","ps":"ceshi"}
*************** response log end ***************

[2021-11-24T23:33:01.980] [INFO] responseLog - 
*************** response log start ***************
request method: POST
request originalUrl:  /food/page
request client ip:  null
request body: 
{"pageSize":100000}
response time: 1
response status: 200
response body: 
{"pageSize":100000}
*************** response log end ***************

[2021-11-24T23:33:02.024] [INFO] responseLog - 
*************** response log start ***************
request method: POST
request originalUrl:  /foodType/page
request client ip:  null
request body: 
{"pageSize":100000}
response time: 1
response status: 200
response body: 
{"pageSize":100000}
*************** response log end ***************

[2021-11-24T23:33:02.051] [INFO] responseLog - 
*************** response log start ***************
request method: POST
request originalUrl:  /payment/page
request client ip:  null
request body: 
{"pageSize":100000,"isDone":0,"username":"ceshi@ceshi.com"}
response time: 3
response status: 200
response body: 
{"pageSize":100000,"isDone":0,"username":"ceshi@ceshi.com"}
*************** response log end ***************

[2021-11-24T23:33:06.888] [INFO] responseLog - 
*************** response log start ***************
request method: POST
request originalUrl:  /user/login
request client ip:  null
request body: 
{"us":"ceshi@ceshi.com","ps":"ceshi"}
response time: 2
response status: 200
response body: 
{"us":"ceshi@ceshi.com","ps":"ceshi"}
*************** response log end ***************

[2021-11-24T23:33:07.065] [INFO] responseLog - 
*************** response log start ***************
request method: POST
request originalUrl:  /food/page
request client ip:  null
request body: 
{"pageSize":100000}
response time: 1
response status: 200
response body: 
{"pageSize":100000}
*************** response log end ***************

[2021-11-24T23:33:07.107] [INFO] responseLog - 
*************** response log start ***************
request method: POST
request originalUrl:  /foodType/page
request client ip:  null
request body: 
{"pageSize":100000}
response time: 1
response status: 200
response body: 
{"pageSize":100000}
*************** response log end ***************

[2021-11-24T23:33:07.132] [INFO] responseLog - 
*************** response log start ***************
request method: POST
request originalUrl:  /payment/page
request client ip:  null
request body: 
{"pageSize":100000,"isDone":0,"username":"ceshi@ceshi.com"}
response time: 2
response status: 200
response body: 
{"pageSize":100000,"isDone":0,"username":"ceshi@ceshi.com"}
*************** response log end ***************

