[2021-11-26T14:16:37.573] [INFO] responseLog - 
*************** response log start ***************
request method: POST
request originalUrl:  /user/login
request client ip:  null
request body: 
{"us":"ceshi@ceshi.com","ps":"ceshi"}
response time: 8
response status: 200
response body: 
{"us":"ceshi@ceshi.com","ps":"ceshi"}
*************** response log end ***************

[2021-11-26T14:16:37.640] [INFO] responseLog - 
*************** response log start ***************
request method: POST
request originalUrl:  /permit/menus
request client ip:  null
request body: 
{}
response time: 2
response status: 200
response body: 
{}
*************** response log end ***************

[2021-11-26T14:16:49.027] [INFO] responseLog - 
*************** response log start ***************
request method: POST
request originalUrl:  /foodType/page
request client ip:  null
request body: 
{}
response time: 4
response status: 200
response body: 
{}
*************** response log end ***************

[2021-11-26T14:16:49.035] [INFO] responseLog - 
*************** response log start ***************
request method: POST
request originalUrl:  /food/page
request client ip:  null
request body: 
{"pageNo":1,"pageSize":5}
response time: 1
response status: 200
response body: 
{"pageNo":1,"pageSize":5}
*************** response log end ***************

[2021-11-26T14:16:49.167] [INFO] responseLog - 
*************** response log start ***************
request method: GET
request originalUrl:  /static/img/16376387521163384.jpg
request client ip:  null
request query:  {}
response time: 1
response status: 200
response body: 
{}
*************** response log end ***************

[2021-11-26T14:16:49.175] [INFO] responseLog - 
*************** response log start ***************
request method: GET
request originalUrl:  /static/img/16376387696309001.jpg
request client ip:  null
request query:  {}
response time: 0
response status: 200
response body: 
{}
*************** response log end ***************

[2021-11-26T14:16:49.176] [INFO] responseLog - 
*************** response log start ***************
request method: GET
request originalUrl:  /static/img/16376387836404155.jpg
request client ip:  null
request query:  {}
response time: 1
response status: 200
response body: 
{}
*************** response log end ***************

[2021-11-26T14:16:49.178] [INFO] responseLog - 
*************** response log start ***************
request method: GET
request originalUrl:  /static/img/16376388089819240.jpg
request client ip:  null
request query:  {}
response time: 0
response status: 200
response body: 
{}
*************** response log end ***************

[2021-11-26T14:16:49.182] [INFO] responseLog - 
*************** response log start ***************
request method: GET
request originalUrl:  /static/img/16376388261657554.jpg
request client ip:  null
request query:  {}
response time: 0
response status: 200
response body: 
{}
*************** response log end ***************

[2021-11-26T14:16:51.533] [INFO] responseLog - 
*************** response log start ***************
request method: POST
request originalUrl:  /food/page
request client ip:  null
request body: 
{"pageNo":2,"pageSize":5}
response time: 2
response status: 200
response body: 
{"pageNo":2,"pageSize":5}
*************** response log end ***************

[2021-11-26T14:16:51.583] [INFO] responseLog - 
*************** response log start ***************
request method: GET
request originalUrl:  /static/img/16376388433561354.jpg
request client ip:  null
request query:  {}
response time: 0
response status: 200
response body: 
{}
*************** response log end ***************

[2021-11-26T14:16:51.585] [INFO] responseLog - 
*************** response log start ***************
request method: GET
request originalUrl:  /static/img/16376388617941498.jpg
request client ip:  null
request query:  {}
response time: 0
response status: 200
response body: 
{}
*************** response log end ***************

[2021-11-26T14:16:51.586] [INFO] responseLog - 
*************** response log start ***************
request method: GET
request originalUrl:  /static/img/16376388788602827.jpg
request client ip:  null
request query:  {}
response time: 0
response status: 200
response body: 
{}
*************** response log end ***************

[2021-11-26T14:16:51.588] [INFO] responseLog - 
*************** response log start ***************
request method: GET
request originalUrl:  /static/img/16376389032452403.jpg
request client ip:  null
request query:  {}
response time: 0
response status: 200
response body: 
{}
*************** response log end ***************

[2021-11-26T14:16:51.589] [INFO] responseLog - 
*************** response log start ***************
request method: GET
request originalUrl:  /static/img/16376389195515920.jpg
request client ip:  null
request query:  {}
response time: 0
response status: 200
response body: 
{}
*************** response log end ***************

[2021-11-26T14:16:52.069] [INFO] responseLog - 
*************** response log start ***************
request method: POST
request originalUrl:  /food/page
request client ip:  null
request body: 
{"pageNo":10,"pageSize":5}
response time: 0
response status: 200
response body: 
{"pageNo":10,"pageSize":5}
*************** response log end ***************

[2021-11-26T14:16:52.098] [INFO] responseLog - 
*************** response log start ***************
request method: GET
request originalUrl:  /static/img/16376394364158247.jpg
request client ip:  null
request query:  {}
response time: 0
response status: 200
response body: 
{}
*************** response log end ***************

[2021-11-26T14:16:52.100] [INFO] responseLog - 
*************** response log start ***************
request method: GET
request originalUrl:  /static/img/16376394486188877.jpg
request client ip:  null
request query:  {}
response time: 0
response status: 200
response body: 
{}
*************** response log end ***************

[2021-11-26T14:16:54.206] [INFO] responseLog - 
*************** response log start ***************
request method: POST
request originalUrl:  /food/page
request client ip:  null
request body: 
{"pageNo":9,"pageSize":5}
response time: 1
response status: 200
response body: 
{"pageNo":9,"pageSize":5}
*************** response log end ***************

[2021-11-26T14:16:54.246] [INFO] responseLog - 
*************** response log start ***************
request method: GET
request originalUrl:  /static/img/16376393992778507.jpg
request client ip:  null
request query:  {}
response time: 0
response status: 200
response body: 
{}
*************** response log end ***************

[2021-11-26T14:16:54.249] [INFO] responseLog - 
*************** response log start ***************
request method: GET
request originalUrl:  /static/img/16376394123331680.jpg
request client ip:  null
request query:  {}
response time: 1
response status: 200
response body: 
{}
*************** response log end ***************

[2021-11-26T14:16:54.250] [INFO] responseLog - 
*************** response log start ***************
request method: GET
request originalUrl:  /static/img/16376394242292198.jpg
request client ip:  null
request query:  {}
response time: 0
response status: 200
response body: 
{}
*************** response log end ***************

[2021-11-26T14:16:54.252] [INFO] responseLog - 
*************** response log start ***************
request method: GET
request originalUrl:  /static/img/16376393712638400.jpg
request client ip:  null
request query:  {}
response time: 0
response status: 200
response body: 
{}
*************** response log end ***************

[2021-11-26T14:16:54.255] [INFO] responseLog - 
*************** response log start ***************
request method: GET
request originalUrl:  /static/img/16376393855333765.jpg
request client ip:  null
request query:  {}
response time: 1
response status: 200
response body: 
{}
*************** response log end ***************

[2021-11-26T14:17:00.673] [INFO] responseLog - 
*************** response log start ***************
request method: POST
request originalUrl:  /foodType/page
request client ip:  null
request body: 
{"pageNo":1,"pageSize":5}
response time: 0
response status: 200
response body: 
{"pageNo":1,"pageSize":5}
*************** response log end ***************

[2021-11-26T14:17:02.131] [INFO] responseLog - 
*************** response log start ***************
request method: POST
request originalUrl:  /payment/page
request client ip:  null
request body: 
{"pageNo":1,"pageSize":5}
response time: 1
response status: 200
response body: 
{"pageNo":1,"pageSize":5}
*************** response log end ***************

[2021-11-26T14:54:13.303] [INFO] responseLog - 
*************** response log start ***************
request method: POST
request originalUrl:  /user/login
request client ip:  null
request body: 
{"us":"ceshi@ceshi.com","ps":"ceshi"}
response time: 4
response status: 200
response body: 
{"us":"ceshi@ceshi.com","ps":"ceshi"}
*************** response log end ***************

[2021-11-26T14:54:14.447] [INFO] responseLog - 
*************** response log start ***************
request method: POST
request originalUrl:  /user/login
request client ip:  null
request body: 
{"us":"ceshi@ceshi.com","ps":"ceshi"}
response time: 1
response status: 200
response body: 
{"us":"ceshi@ceshi.com","ps":"ceshi"}
*************** response log end ***************

[2021-11-26T14:54:14.498] [INFO] responseLog - 
*************** response log start ***************
request method: POST
request originalUrl:  /food/page
request client ip:  null
request body: 
{"pageSize":100000}
response time: 1
response status: 200
response body: 
{"pageSize":100000}
*************** response log end ***************

[2021-11-26T14:54:14.528] [INFO] responseLog - 
*************** response log start ***************
request method: POST
request originalUrl:  /foodType/page
request client ip:  null
request body: 
{"pageSize":100000}
response time: 0
response status: 200
response body: 
{"pageSize":100000}
*************** response log end ***************

[2021-11-26T14:54:14.554] [INFO] responseLog - 
*************** response log start ***************
request method: POST
request originalUrl:  /payment/page
request client ip:  null
request body: 
{"pageSize":100000,"isDone":0,"username":"ceshi@ceshi.com"}
response time: 1
response status: 200
response body: 
{"pageSize":100000,"isDone":0,"username":"ceshi@ceshi.com"}
*************** response log end ***************

[2021-11-26T14:54:26.577] [INFO] responseLog - 
*************** response log start ***************
request method: POST
request originalUrl:  /payment/add
request client ip:  null
request body: 
{"selectFoods":[{"name":"Main only","price":"3","desc":"Main only","typeid":5,"img":"/static/img/16376387696309001.jpg","__v":0,"created":"2021-11-23 11:39:30","updated":"2021-11-23 11:39:30","count":3},{"name":"Side only","price":"2","desc":"Side only","typeid":5,"img":"/static/img/16376387836404155.jpg","__v":0,"created":"2021-11-23 11:39:44","updated":"2021-11-23 11:39:44","count":2}],"username":"ceshi@ceshi.com"}
response time: 25
response status: 200
response body: 
{"selectFoods":[{"name":"Main only","price":"3","desc":"Main only","typeid":5,"img":"/static/img/16376387696309001.jpg","__v":0,"created":"2021-11-23 11:39:30","updated":"2021-11-23 11:39:30","count":3},{"name":"Side only","price":"2","desc":"Side only","typeid":5,"img":"/static/img/16376387836404155.jpg","__v":0,"created":"2021-11-23 11:39:44","updated":"2021-11-23 11:39:44","count":2}],"username":"ceshi@ceshi.com"}
*************** response log end ***************

[2021-11-26T14:54:28.256] [INFO] responseLog - 
*************** response log start ***************
request method: POST
request originalUrl:  /user/login
request client ip:  null
request body: 
{"us":"ceshi@ceshi.com","ps":"ceshi"}
response time: 1
response status: 200
response body: 
{"us":"ceshi@ceshi.com","ps":"ceshi"}
*************** response log end ***************

[2021-11-26T14:54:28.388] [INFO] responseLog - 
*************** response log start ***************
request method: POST
request originalUrl:  /food/page
request client ip:  null
request body: 
{"pageSize":100000}
response time: 0
response status: 200
response body: 
{"pageSize":100000}
*************** response log end ***************

[2021-11-26T14:54:28.419] [INFO] responseLog - 
*************** response log start ***************
request method: POST
request originalUrl:  /foodType/page
request client ip:  null
request body: 
{"pageSize":100000}
response time: 1
response status: 200
response body: 
{"pageSize":100000}
*************** response log end ***************

[2021-11-26T14:54:28.436] [INFO] responseLog - 
*************** response log start ***************
request method: POST
request originalUrl:  /payment/page
request client ip:  null
request body: 
{"pageSize":100000,"isDone":0,"username":"ceshi@ceshi.com"}
response time: 1
response status: 200
response body: 
{"pageSize":100000,"isDone":0,"username":"ceshi@ceshi.com"}
*************** response log end ***************

[2021-11-26T14:54:32.048] [INFO] responseLog - 
*************** response log start ***************
request method: POST
request originalUrl:  /user/login
request client ip:  null
request body: 
{"us":"ceshi@ceshi.com","ps":"ceshi"}
response time: 1
response status: 200
response body: 
{"us":"ceshi@ceshi.com","ps":"ceshi"}
*************** response log end ***************

[2021-11-26T14:54:32.094] [INFO] responseLog - 
*************** response log start ***************
request method: POST
request originalUrl:  /food/page
request client ip:  null
request body: 
{"pageSize":100000}
response time: 0
response status: 200
response body: 
{"pageSize":100000}
*************** response log end ***************

[2021-11-26T14:54:32.132] [INFO] responseLog - 
*************** response log start ***************
request method: POST
request originalUrl:  /foodType/page
request client ip:  null
request body: 
{"pageSize":100000}
response time: 0
response status: 200
response body: 
{"pageSize":100000}
*************** response log end ***************

[2021-11-26T14:54:32.147] [INFO] responseLog - 
*************** response log start ***************
request method: POST
request originalUrl:  /payment/page
request client ip:  null
request body: 
{"pageSize":100000,"isDone":0,"username":"ceshi@ceshi.com"}
response time: 0
response status: 200
response body: 
{"pageSize":100000,"isDone":0,"username":"ceshi@ceshi.com"}
*************** response log end ***************

[2021-11-26T14:55:02.895] [INFO] responseLog - 
*************** response log start ***************
request method: POST
request originalUrl:  /food/page
request client ip:  null
request body: 
{"pageSize":100000}
response time: 1
response status: 200
response body: 
{"pageSize":100000}
*************** response log end ***************

[2021-11-26T14:55:02.925] [INFO] responseLog - 
*************** response log start ***************
request method: POST
request originalUrl:  /foodType/page
request client ip:  null
request body: 
{"pageSize":100000}
response time: 0
response status: 200
response body: 
{"pageSize":100000}
*************** response log end ***************

[2021-11-26T14:55:02.939] [INFO] responseLog - 
*************** response log start ***************
request method: POST
request originalUrl:  /payment/page
request client ip:  null
request body: 
{"pageSize":100000,"isDone":0,"username":"ceshi@ceshi.com"}
response time: 1
response status: 200
response body: 
{"pageSize":100000,"isDone":0,"username":"ceshi@ceshi.com"}
*************** response log end ***************

[2021-11-26T14:55:04.475] [INFO] responseLog - 
*************** response log start ***************
request method: POST
request originalUrl:  /user/login
request client ip:  null
request body: 
{"us":"ceshi@ceshi.com","ps":"ceshi"}
response time: 2
response status: 200
response body: 
{"us":"ceshi@ceshi.com","ps":"ceshi"}
*************** response log end ***************

[2021-11-26T14:55:04.544] [INFO] responseLog - 
*************** response log start ***************
request method: POST
request originalUrl:  /food/page
request client ip:  null
request body: 
{"pageSize":100000}
response time: 1
response status: 200
response body: 
{"pageSize":100000}
*************** response log end ***************

[2021-11-26T14:55:04.574] [INFO] responseLog - 
*************** response log start ***************
request method: POST
request originalUrl:  /foodType/page
request client ip:  null
request body: 
{"pageSize":100000}
response time: 0
response status: 200
response body: 
{"pageSize":100000}
*************** response log end ***************

[2021-11-26T14:55:04.587] [INFO] responseLog - 
*************** response log start ***************
request method: POST
request originalUrl:  /payment/page
request client ip:  null
request body: 
{"pageSize":100000,"isDone":0,"username":"ceshi@ceshi.com"}
response time: 1
response status: 200
response body: 
{"pageSize":100000,"isDone":0,"username":"ceshi@ceshi.com"}
*************** response log end ***************

[2021-11-26T14:55:11.416] [INFO] responseLog - 
*************** response log start ***************
request method: POST
request originalUrl:  /user/login
request client ip:  null
request body: 
{"us":"ceshi@ceshi.com","ps":"ceshi"}
response time: 1
response status: 200
response body: 
{"us":"ceshi@ceshi.com","ps":"ceshi"}
*************** response log end ***************

[2021-11-26T14:55:11.471] [INFO] responseLog - 
*************** response log start ***************
request method: POST
request originalUrl:  /food/page
request client ip:  null
request body: 
{"pageSize":100000}
response time: 1
response status: 200
response body: 
{"pageSize":100000}
*************** response log end ***************

[2021-11-26T14:55:11.497] [INFO] responseLog - 
*************** response log start ***************
request method: POST
request originalUrl:  /foodType/page
request client ip:  null
request body: 
{"pageSize":100000}
response time: 0
response status: 200
response body: 
{"pageSize":100000}
*************** response log end ***************

[2021-11-26T14:55:11.514] [INFO] responseLog - 
*************** response log start ***************
request method: POST
request originalUrl:  /payment/page
request client ip:  null
request body: 
{"pageSize":100000,"isDone":0,"username":"ceshi@ceshi.com"}
response time: 0
response status: 200
response body: 
{"pageSize":100000,"isDone":0,"username":"ceshi@ceshi.com"}
*************** response log end ***************

[2021-11-26T14:55:15.293] [INFO] responseLog - 
*************** response log start ***************
request method: POST
request originalUrl:  /user/login
request client ip:  null
request body: 
{"us":"ceshi@ceshi.com","ps":"ceshi"}
response time: 1
response status: 200
response body: 
{"us":"ceshi@ceshi.com","ps":"ceshi"}
*************** response log end ***************

[2021-11-26T14:55:15.469] [INFO] responseLog - 
*************** response log start ***************
request method: POST
request originalUrl:  /food/page
request client ip:  null
request body: 
{"pageSize":100000}
response time: 0
response status: 200
response body: 
{"pageSize":100000}
*************** response log end ***************

[2021-11-26T14:55:15.504] [INFO] responseLog - 
*************** response log start ***************
request method: POST
request originalUrl:  /foodType/page
request client ip:  null
request body: 
{"pageSize":100000}
response time: 0
response status: 200
response body: 
{"pageSize":100000}
*************** response log end ***************

[2021-11-26T14:55:15.529] [INFO] responseLog - 
*************** response log start ***************
request method: POST
request originalUrl:  /payment/page
request client ip:  null
request body: 
{"pageSize":100000,"isDone":0,"username":"ceshi@ceshi.com"}
response time: 1
response status: 200
response body: 
{"pageSize":100000,"isDone":0,"username":"ceshi@ceshi.com"}
*************** response log end ***************

[2021-11-26T14:57:28.035] [INFO] responseLog - 
*************** response log start ***************
request method: POST
request originalUrl:  /user/login
request client ip:  null
request body: 
{"us":"ceshi@ceshi.com","ps":"ceshi"}
response time: 1
response status: 200
response body: 
{"us":"ceshi@ceshi.com","ps":"ceshi"}
*************** response log end ***************

[2021-11-26T14:57:28.168] [INFO] responseLog - 
*************** response log start ***************
request method: POST
request originalUrl:  /food/page
request client ip:  null
request body: 
{"pageSize":100000}
response time: 1
response status: 200
response body: 
{"pageSize":100000}
*************** response log end ***************

[2021-11-26T14:57:28.206] [INFO] responseLog - 
*************** response log start ***************
request method: POST
request originalUrl:  /foodType/page
request client ip:  null
request body: 
{"pageSize":100000}
response time: 0
response status: 200
response body: 
{"pageSize":100000}
*************** response log end ***************

[2021-11-26T14:57:28.225] [INFO] responseLog - 
*************** response log start ***************
request method: POST
request originalUrl:  /payment/page
request client ip:  null
request body: 
{"pageSize":100000,"isDone":0,"username":"ceshi@ceshi.com"}
response time: 1
response status: 200
response body: 
{"pageSize":100000,"isDone":0,"username":"ceshi@ceshi.com"}
*************** response log end ***************

[2021-11-26T14:57:35.493] [INFO] responseLog - 
*************** response log start ***************
request method: POST
request originalUrl:  /food/page
request client ip:  null
request body: 
{"pageSize":100000}
response time: 1
response status: 200
response body: 
{"pageSize":100000}
*************** response log end ***************

[2021-11-26T14:57:35.525] [INFO] responseLog - 
*************** response log start ***************
request method: POST
request originalUrl:  /foodType/page
request client ip:  null
request body: 
{"pageSize":100000}
response time: 1
response status: 200
response body: 
{"pageSize":100000}
*************** response log end ***************

[2021-11-26T14:57:35.546] [INFO] responseLog - 
*************** response log start ***************
request method: POST
request originalUrl:  /payment/page
request client ip:  null
request body: 
{"pageSize":100000,"isDone":0,"username":"ceshi@ceshi.com"}
response time: 2
response status: 200
response body: 
{"pageSize":100000,"isDone":0,"username":"ceshi@ceshi.com"}
*************** response log end ***************

[2021-11-26T14:59:29.767] [INFO] responseLog - 
*************** response log start ***************
request method: POST
request originalUrl:  /payment/page
request client ip:  null
request body: 
{"pageNo":1,"pageSize":5}
response time: 2
response status: 200
response body: 
{"pageNo":1,"pageSize":5}
*************** response log end ***************

[2021-11-26T14:59:31.211] [INFO] responseLog - 
*************** response log start ***************
request method: GET
request originalUrl:  /static/img/16376387696309001.jpg
request client ip:  null
request query:  {}
response time: 0
response status: 200
response body: 
{}
*************** response log end ***************

[2021-11-26T14:59:31.213] [INFO] responseLog - 
*************** response log start ***************
request method: GET
request originalUrl:  /static/img/16376387836404155.jpg
request client ip:  null
request query:  {}
response time: 0
response status: 200
response body: 
{}
*************** response log end ***************

[2021-11-26T14:59:33.632] [INFO] responseLog - 
*************** response log start ***************
request method: POST
request originalUrl:  /payment/update
request client ip:  null
request body: 
{"id":1,"prince":0,"count":0,"price":0,"typeid":0,"isDone":1,"selectFoods":[{"name":"Main only","price":"3","desc":"Main only","typeid":5,"img":"/static/img/16376387696309001.jpg","__v":0,"created":"2021-11-23 11:39:30","updated":"2021-11-23 11:39:30","count":3},{"name":"Side only","price":"2","desc":"Side only","typeid":5,"img":"/static/img/16376387836404155.jpg","__v":0,"created":"2021-11-23 11:39:44","updated":"2021-11-23 11:39:44","count":2}],"_id":"619e5b1be5d6a5aa2c35fc03","username":"ceshi@ceshi.com","__v":0,"_index":4,"_rowKey":5}
response time: 8
response status: 200
response body: 
{"id":1,"prince":0,"count":0,"price":0,"typeid":0,"isDone":1,"selectFoods":[{"name":"Main only","price":"3","desc":"Main only","typeid":5,"img":"/static/img/16376387696309001.jpg","__v":0,"created":"2021-11-23 11:39:30","updated":"2021-11-23 11:39:30","count":3},{"name":"Side only","price":"2","desc":"Side only","typeid":5,"img":"/static/img/16376387836404155.jpg","__v":0,"created":"2021-11-23 11:39:44","updated":"2021-11-23 11:39:44","count":2}],"_id":"619e5b1be5d6a5aa2c35fc03","username":"ceshi@ceshi.com","__v":0,"_index":4,"_rowKey":5}
*************** response log end ***************

[2021-11-26T14:59:37.428] [INFO] responseLog - 
*************** response log start ***************
request method: POST
request originalUrl:  /user/login
request client ip:  null
request body: 
{"us":"ceshi@ceshi.com","ps":"ceshi"}
response time: 1
response status: 200
response body: 
{"us":"ceshi@ceshi.com","ps":"ceshi"}
*************** response log end ***************

[2021-11-26T14:59:37.564] [INFO] responseLog - 
*************** response log start ***************
request method: POST
request originalUrl:  /food/page
request client ip:  null
request body: 
{"pageSize":100000}
response time: 1
response status: 200
response body: 
{"pageSize":100000}
*************** response log end ***************

[2021-11-26T14:59:37.599] [INFO] responseLog - 
*************** response log start ***************
request method: POST
request originalUrl:  /foodType/page
request client ip:  null
request body: 
{"pageSize":100000}
response time: 1
response status: 200
response body: 
{"pageSize":100000}
*************** response log end ***************

[2021-11-26T14:59:37.622] [INFO] responseLog - 
*************** response log start ***************
request method: POST
request originalUrl:  /payment/page
request client ip:  null
request body: 
{"pageSize":100000,"isDone":0,"username":"ceshi@ceshi.com"}
response time: 2
response status: 200
response body: 
{"pageSize":100000,"isDone":0,"username":"ceshi@ceshi.com"}
*************** response log end ***************

[2021-11-26T15:00:07.244] [INFO] responseLog - 
*************** response log start ***************
request method: POST
request originalUrl:  /payment/page
request client ip:  null
request body: 
{"pageNo":1,"pageSize":5}
response time: 1
response status: 200
response body: 
{"pageNo":1,"pageSize":5}
*************** response log end ***************

[2021-11-26T15:00:12.256] [INFO] responseLog - 
*************** response log start ***************
request method: POST
request originalUrl:  /payment/update
request client ip:  null
request body: 
{"id":1,"prince":0,"count":0,"price":0,"typeid":0,"isDone":1,"selectFoods":[{"name":"土豆丝","price":"15","desc":"家常菜","typename":"热菜","typeid":2,"img":"http://localhost:6166/static/img/tudousi.jpg","__v":0,"created":"-","updated":"-","count":2}],"_id":"619ba14ad3d9f532201e061f","username":"ceshi@ceshi.com","__v":0,"_index":2,"_rowKey":3}
response time: 2
response status: 200
response body: 
{"id":1,"prince":0,"count":0,"price":0,"typeid":0,"isDone":1,"selectFoods":[{"name":"土豆丝","price":"15","desc":"家常菜","typename":"热菜","typeid":2,"img":"http://localhost:6166/static/img/tudousi.jpg","__v":0,"created":"-","updated":"-","count":2}],"_id":"619ba14ad3d9f532201e061f","username":"ceshi@ceshi.com","__v":0,"_index":2,"_rowKey":3}
*************** response log end ***************

[2021-11-26T15:00:15.124] [INFO] responseLog - 
*************** response log start ***************
request method: GET
request originalUrl:  /static/img/16376388089819240.jpg
request client ip:  null
request query:  {}
response time: 0
response status: 200
response body: 
{}
*************** response log end ***************

[2021-11-26T15:00:15.126] [INFO] responseLog - 
*************** response log start ***************
request method: GET
request originalUrl:  /static/img/16376387836404155.jpg
request client ip:  null
request query:  {}
response time: 0
response status: 200
response body: 
{}
*************** response log end ***************

[2021-11-26T15:00:17.680] [INFO] responseLog - 
*************** response log start ***************
request method: POST
request originalUrl:  /payment/page
request client ip:  null
request body: 
{"pageNo":1,"pageSize":5}
response time: 0
response status: 200
response body: 
{"pageNo":1,"pageSize":5}
*************** response log end ***************

[2021-11-26T15:00:18.867] [INFO] responseLog - 
*************** response log start ***************
request method: GET
request originalUrl:  /static/img/16376387836404155.jpg
request client ip:  null
request query:  {}
response time: 0
response status: 200
response body: 
{}
*************** response log end ***************

[2021-11-26T15:00:18.868] [INFO] responseLog - 
*************** response log start ***************
request method: GET
request originalUrl:  /static/img/16376388089819240.jpg
request client ip:  null
request query:  {}
response time: 0
response status: 200
response body: 
{}
*************** response log end ***************

[2021-11-26T15:00:21.096] [INFO] responseLog - 
*************** response log start ***************
request method: POST
request originalUrl:  /payment/update
request client ip:  null
request body: 
{"id":1,"prince":0,"count":0,"price":0,"typeid":0,"isDone":1,"selectFoods":[{"name":"Side only","price":"2","desc":"Side only","typeid":5,"img":"/static/img/16376387836404155.jpg","__v":0,"created":"2021-11-23 11:39:44","updated":"2021-11-23 11:39:44","count":3},{"name":"Candy ","price":"0.75","desc":"Candy ","typeid":6,"img":"/static/img/16376388089819240.jpg","__v":0,"created":"2021-11-23 11:40:09","updated":"2021-11-23 11:40:09","count":3}],"_id":"619e5b0fe5d6a5aa2c35fc02","username":"ceshi@ceshi.com","__v":0,"_index":3,"_rowKey":4}
response time: 2
response status: 200
response body: 
{"id":1,"prince":0,"count":0,"price":0,"typeid":0,"isDone":1,"selectFoods":[{"name":"Side only","price":"2","desc":"Side only","typeid":5,"img":"/static/img/16376387836404155.jpg","__v":0,"created":"2021-11-23 11:39:44","updated":"2021-11-23 11:39:44","count":3},{"name":"Candy ","price":"0.75","desc":"Candy ","typeid":6,"img":"/static/img/16376388089819240.jpg","__v":0,"created":"2021-11-23 11:40:09","updated":"2021-11-23 11:40:09","count":3}],"_id":"619e5b0fe5d6a5aa2c35fc02","username":"ceshi@ceshi.com","__v":0,"_index":3,"_rowKey":4}
*************** response log end ***************

[2021-11-26T15:00:26.530] [INFO] responseLog - 
*************** response log start ***************
request method: POST
request originalUrl:  /payment/update
request client ip:  null
request body: 
{"id":1,"prince":0,"count":0,"price":0,"typeid":0,"isDone":1,"selectFoods":[{"name":"土豆丝","price":"15","desc":"家常菜","typename":"热菜","typeid":2,"img":"http://localhost:6166/static/img/tudousi.jpg","__v":0,"created":"-","updated":"-","count":3},{"name":"土豆丝1","price":"15","desc":"家常菜","typename":"热菜","typeid":2,"img":"http://localhost:6166/static/img/tudousi.jpg","__v":0,"created":"-","updated":"-","count":3}],"_id":"6198e6fe59658d3280a66356","username":"ceshi@ceshi.com","__v":0,"desc":null,"img":null,"name":null,"typename":null,"takeMealTime":"00:01:01","_index":0,"_rowKey":1}
response time: 1
response status: 200
response body: 
{"id":1,"prince":0,"count":0,"price":0,"typeid":0,"isDone":1,"selectFoods":[{"name":"土豆丝","price":"15","desc":"家常菜","typename":"热菜","typeid":2,"img":"http://localhost:6166/static/img/tudousi.jpg","__v":0,"created":"-","updated":"-","count":3},{"name":"土豆丝1","price":"15","desc":"家常菜","typename":"热菜","typeid":2,"img":"http://localhost:6166/static/img/tudousi.jpg","__v":0,"created":"-","updated":"-","count":3}],"_id":"6198e6fe59658d3280a66356","username":"ceshi@ceshi.com","__v":0,"desc":null,"img":null,"name":null,"typename":null,"takeMealTime":"00:01:01","_index":0,"_rowKey":1}
*************** response log end ***************

[2021-11-26T15:00:28.512] [INFO] responseLog - 
*************** response log start ***************
request method: POST
request originalUrl:  /payment/page
request client ip:  null
request body: 
{"pageNo":1,"pageSize":5}
response time: 1
response status: 200
response body: 
{"pageNo":1,"pageSize":5}
*************** response log end ***************

[2021-11-26T15:00:31.006] [INFO] responseLog - 
*************** response log start ***************
request method: POST
request originalUrl:  /user/login
request client ip:  null
request body: 
{"us":"ceshi@ceshi.com","ps":"ceshi"}
response time: 0
response status: 200
response body: 
{"us":"ceshi@ceshi.com","ps":"ceshi"}
*************** response log end ***************

[2021-11-26T15:00:31.224] [INFO] responseLog - 
*************** response log start ***************
request method: POST
request originalUrl:  /food/page
request client ip:  null
request body: 
{"pageSize":100000}
response time: 0
response status: 200
response body: 
{"pageSize":100000}
*************** response log end ***************

[2021-11-26T15:00:31.288] [INFO] responseLog - 
*************** response log start ***************
request method: POST
request originalUrl:  /foodType/page
request client ip:  null
request body: 
{"pageSize":100000}
response time: 1
response status: 200
response body: 
{"pageSize":100000}
*************** response log end ***************

[2021-11-26T15:00:31.311] [INFO] responseLog - 
*************** response log start ***************
request method: POST
request originalUrl:  /payment/page
request client ip:  null
request body: 
{"pageSize":100000,"isDone":0,"username":"ceshi@ceshi.com"}
response time: 1
response status: 200
response body: 
{"pageSize":100000,"isDone":0,"username":"ceshi@ceshi.com"}
*************** response log end ***************

[2021-11-26T15:00:47.023] [INFO] responseLog - 
*************** response log start ***************
request method: POST
request originalUrl:  /food/page
request client ip:  null
request body: 
{"pageSize":100000}
response time: 0
response status: 200
response body: 
{"pageSize":100000}
*************** response log end ***************

[2021-11-26T15:00:47.046] [INFO] responseLog - 
*************** response log start ***************
request method: POST
request originalUrl:  /foodType/page
request client ip:  null
request body: 
{"pageSize":100000}
response time: 0
response status: 200
response body: 
{"pageSize":100000}
*************** response log end ***************

[2021-11-26T15:00:47.065] [INFO] responseLog - 
*************** response log start ***************
request method: POST
request originalUrl:  /payment/page
request client ip:  null
request body: 
{"pageSize":100000,"isDone":0,"username":"ceshi@ceshi.com"}
response time: 1
response status: 200
response body: 
{"pageSize":100000,"isDone":0,"username":"ceshi@ceshi.com"}
*************** response log end ***************

[2021-11-26T15:00:48.610] [INFO] responseLog - 
*************** response log start ***************
request method: POST
request originalUrl:  /food/page
request client ip:  null
request body: 
{"pageSize":100000}
response time: 0
response status: 200
response body: 
{"pageSize":100000}
*************** response log end ***************

[2021-11-26T15:00:49.247] [INFO] responseLog - 
*************** response log start ***************
request method: POST
request originalUrl:  /foodType/page
request client ip:  null
request body: 
{"pageSize":100000}
response time: 0
response status: 200
response body: 
{"pageSize":100000}
*************** response log end ***************

[2021-11-26T15:00:49.264] [INFO] responseLog - 
*************** response log start ***************
request method: POST
request originalUrl:  /payment/page
request client ip:  null
request body: 
{"pageSize":100000,"isDone":0,"username":"ceshi@ceshi.com"}
response time: 1
response status: 200
response body: 
{"pageSize":100000,"isDone":0,"username":"ceshi@ceshi.com"}
*************** response log end ***************

[2021-11-26T15:01:18.707] [INFO] responseLog - 
*************** response log start ***************
request method: POST
request originalUrl:  /food/page
request client ip:  null
request body: 
{"pageSize":100000}
response time: 0
response status: 200
response body: 
{"pageSize":100000}
*************** response log end ***************

[2021-11-26T15:01:18.731] [INFO] responseLog - 
*************** response log start ***************
request method: POST
request originalUrl:  /foodType/page
request client ip:  null
request body: 
{"pageSize":100000}
response time: 0
response status: 200
response body: 
{"pageSize":100000}
*************** response log end ***************

[2021-11-26T15:01:18.748] [INFO] responseLog - 
*************** response log start ***************
request method: POST
request originalUrl:  /payment/page
request client ip:  null
request body: 
{"pageSize":100000,"isDone":0,"username":"ceshi@ceshi.com"}
response time: 1
response status: 200
response body: 
{"pageSize":100000,"isDone":0,"username":"ceshi@ceshi.com"}
*************** response log end ***************

[2021-11-26T15:01:29.339] [INFO] responseLog - 
*************** response log start ***************
request method: POST
request originalUrl:  /food/page
request client ip:  null
request body: 
{"pageSize":100000}
response time: 1
response status: 200
response body: 
{"pageSize":100000}
*************** response log end ***************

[2021-11-26T15:01:29.371] [INFO] responseLog - 
*************** response log start ***************
request method: POST
request originalUrl:  /foodType/page
request client ip:  null
request body: 
{"pageSize":100000}
response time: 1
response status: 200
response body: 
{"pageSize":100000}
*************** response log end ***************

[2021-11-26T15:01:29.393] [INFO] responseLog - 
*************** response log start ***************
request method: POST
request originalUrl:  /payment/page
request client ip:  null
request body: 
{"pageSize":100000,"isDone":0,"username":"ceshi@ceshi.com"}
response time: 1
response status: 200
response body: 
{"pageSize":100000,"isDone":0,"username":"ceshi@ceshi.com"}
*************** response log end ***************

[2021-11-26T15:01:31.354] [INFO] responseLog - 
*************** response log start ***************
request method: POST
request originalUrl:  /food/page
request client ip:  null
request body: 
{"pageSize":100000}
response time: 0
response status: 200
response body: 
{"pageSize":100000}
*************** response log end ***************

[2021-11-26T15:01:31.373] [INFO] responseLog - 
*************** response log start ***************
request method: POST
request originalUrl:  /foodType/page
request client ip:  null
request body: 
{"pageSize":100000}
response time: 0
response status: 200
response body: 
{"pageSize":100000}
*************** response log end ***************

[2021-11-26T15:01:31.388] [INFO] responseLog - 
*************** response log start ***************
request method: POST
request originalUrl:  /payment/page
request client ip:  null
request body: 
{"pageSize":100000,"isDone":0,"username":"ceshi@ceshi.com"}
response time: 2
response status: 200
response body: 
{"pageSize":100000,"isDone":0,"username":"ceshi@ceshi.com"}
*************** response log end ***************

[2021-11-26T15:01:32.495] [INFO] responseLog - 
*************** response log start ***************
request method: POST
request originalUrl:  /food/page
request client ip:  null
request body: 
{"pageSize":100000}
response time: 0
response status: 200
response body: 
{"pageSize":100000}
*************** response log end ***************

[2021-11-26T15:01:32.521] [INFO] responseLog - 
*************** response log start ***************
request method: POST
request originalUrl:  /foodType/page
request client ip:  null
request body: 
{"pageSize":100000}
response time: 0
response status: 200
response body: 
{"pageSize":100000}
*************** response log end ***************

[2021-11-26T15:01:32.534] [INFO] responseLog - 
*************** response log start ***************
request method: POST
request originalUrl:  /payment/page
request client ip:  null
request body: 
{"pageSize":100000,"isDone":0,"username":"ceshi@ceshi.com"}
response time: 1
response status: 200
response body: 
{"pageSize":100000,"isDone":0,"username":"ceshi@ceshi.com"}
*************** response log end ***************

[2021-11-26T15:02:59.014] [INFO] responseLog - 
*************** response log start ***************
request method: POST
request originalUrl:  /food/page
request client ip:  null
request body: 
{"pageSize":100000}
response time: 0
response status: 200
response body: 
{"pageSize":100000}
*************** response log end ***************

[2021-11-26T15:02:59.034] [INFO] responseLog - 
*************** response log start ***************
request method: POST
request originalUrl:  /foodType/page
request client ip:  null
request body: 
{"pageSize":100000}
response time: 1
response status: 200
response body: 
{"pageSize":100000}
*************** response log end ***************

[2021-11-26T15:02:59.047] [INFO] responseLog - 
*************** response log start ***************
request method: POST
request originalUrl:  /payment/page
request client ip:  null
request body: 
{"pageSize":100000,"isDone":0,"username":"ceshi@ceshi.com"}
response time: 2
response status: 200
response body: 
{"pageSize":100000,"isDone":0,"username":"ceshi@ceshi.com"}
*************** response log end ***************

[2021-11-26T15:03:02.879] [INFO] responseLog - 
*************** response log start ***************
request method: POST
request originalUrl:  /food/page
request client ip:  null
request body: 
{"pageSize":100000}
response time: 1
response status: 200
response body: 
{"pageSize":100000}
*************** response log end ***************

[2021-11-26T15:03:02.903] [INFO] responseLog - 
*************** response log start ***************
request method: POST
request originalUrl:  /foodType/page
request client ip:  null
request body: 
{"pageSize":100000}
response time: 1
response status: 200
response body: 
{"pageSize":100000}
*************** response log end ***************

[2021-11-26T15:03:02.918] [INFO] responseLog - 
*************** response log start ***************
request method: POST
request originalUrl:  /payment/page
request client ip:  null
request body: 
{"pageSize":100000,"isDone":0,"username":"ceshi@ceshi.com"}
response time: 1
response status: 200
response body: 
{"pageSize":100000,"isDone":0,"username":"ceshi@ceshi.com"}
*************** response log end ***************

[2021-11-26T15:03:06.783] [INFO] responseLog - 
*************** response log start ***************
request method: POST
request originalUrl:  /food/page
request client ip:  null
request body: 
{"pageSize":100000}
response time: 0
response status: 200
response body: 
{"pageSize":100000}
*************** response log end ***************

[2021-11-26T15:03:06.801] [INFO] responseLog - 
*************** response log start ***************
request method: POST
request originalUrl:  /foodType/page
request client ip:  null
request body: 
{"pageSize":100000}
response time: 0
response status: 200
response body: 
{"pageSize":100000}
*************** response log end ***************

[2021-11-26T15:03:06.813] [INFO] responseLog - 
*************** response log start ***************
request method: POST
request originalUrl:  /payment/page
request client ip:  null
request body: 
{"pageSize":100000,"isDone":0,"username":"ceshi@ceshi.com"}
response time: 1
response status: 200
response body: 
{"pageSize":100000,"isDone":0,"username":"ceshi@ceshi.com"}
*************** response log end ***************

[2021-11-26T15:03:18.088] [INFO] responseLog - 
*************** response log start ***************
request method: POST
request originalUrl:  /food/page
request client ip:  null
request body: 
{"pageSize":100000}
response time: 3
response status: 200
response body: 
{"pageSize":100000}
*************** response log end ***************

[2021-11-26T15:03:18.110] [INFO] responseLog - 
*************** response log start ***************
request method: POST
request originalUrl:  /foodType/page
request client ip:  null
request body: 
{"pageSize":100000}
response time: 0
response status: 200
response body: 
{"pageSize":100000}
*************** response log end ***************

[2021-11-26T15:03:18.125] [INFO] responseLog - 
*************** response log start ***************
request method: POST
request originalUrl:  /payment/page
request client ip:  null
request body: 
{"pageSize":100000,"isDone":0,"username":"ceshi@ceshi.com"}
response time: 2
response status: 200
response body: 
{"pageSize":100000,"isDone":0,"username":"ceshi@ceshi.com"}
*************** response log end ***************

[2021-11-26T15:03:25.046] [INFO] responseLog - 
*************** response log start ***************
request method: POST
request originalUrl:  /food/page
request client ip:  null
request body: 
{"pageSize":100000}
response time: 0
response status: 200
response body: 
{"pageSize":100000}
*************** response log end ***************

[2021-11-26T15:03:25.082] [INFO] responseLog - 
*************** response log start ***************
request method: POST
request originalUrl:  /foodType/page
request client ip:  null
request body: 
{"pageSize":100000}
response time: 0
response status: 200
response body: 
{"pageSize":100000}
*************** response log end ***************

[2021-11-26T15:03:25.096] [INFO] responseLog - 
*************** response log start ***************
request method: POST
request originalUrl:  /payment/page
request client ip:  null
request body: 
{"pageSize":100000,"isDone":0,"username":"ceshi@ceshi.com"}
response time: 1
response status: 200
response body: 
{"pageSize":100000,"isDone":0,"username":"ceshi@ceshi.com"}
*************** response log end ***************

[2021-11-26T15:03:30.421] [INFO] responseLog - 
*************** response log start ***************
request method: POST
request originalUrl:  /user/login
request client ip:  null
request body: 
{"us":"ceshi@ceshi.com","ps":"ceshi"}
response time: 1
response status: 200
response body: 
{"us":"ceshi@ceshi.com","ps":"ceshi"}
*************** response log end ***************

[2021-11-26T15:03:30.559] [INFO] responseLog - 
*************** response log start ***************
request method: POST
request originalUrl:  /food/page
request client ip:  null
request body: 
{"pageSize":100000}
response time: 1
response status: 200
response body: 
{"pageSize":100000}
*************** response log end ***************

[2021-11-26T15:03:30.589] [INFO] responseLog - 
*************** response log start ***************
request method: POST
request originalUrl:  /foodType/page
request client ip:  null
request body: 
{"pageSize":100000}
response time: 1
response status: 200
response body: 
{"pageSize":100000}
*************** response log end ***************

[2021-11-26T15:03:30.606] [INFO] responseLog - 
*************** response log start ***************
request method: POST
request originalUrl:  /payment/page
request client ip:  null
request body: 
{"pageSize":100000,"isDone":0,"username":"ceshi@ceshi.com"}
response time: 1
response status: 200
response body: 
{"pageSize":100000,"isDone":0,"username":"ceshi@ceshi.com"}
*************** response log end ***************

[2021-11-26T15:03:37.643] [INFO] responseLog - 
*************** response log start ***************
request method: POST
request originalUrl:  /food/page
request client ip:  null
request body: 
{"pageSize":100000}
response time: 0
response status: 200
response body: 
{"pageSize":100000}
*************** response log end ***************

[2021-11-26T15:03:37.694] [INFO] responseLog - 
*************** response log start ***************
request method: POST
request originalUrl:  /foodType/page
request client ip:  null
request body: 
{"pageSize":100000}
response time: 1
response status: 200
response body: 
{"pageSize":100000}
*************** response log end ***************

[2021-11-26T15:03:37.713] [INFO] responseLog - 
*************** response log start ***************
request method: POST
request originalUrl:  /payment/page
request client ip:  null
request body: 
{"pageSize":100000,"isDone":0,"username":"ceshi@ceshi.com"}
response time: 0
response status: 200
response body: 
{"pageSize":100000,"isDone":0,"username":"ceshi@ceshi.com"}
*************** response log end ***************

[2021-11-26T15:03:40.258] [INFO] responseLog - 
*************** response log start ***************
request method: POST
request originalUrl:  /user/login
request client ip:  null
request body: 
{"us":"ceshi@ceshi.com","ps":"ceshi"}
response time: 1
response status: 200
response body: 
{"us":"ceshi@ceshi.com","ps":"ceshi"}
*************** response log end ***************

[2021-11-26T15:03:40.382] [INFO] responseLog - 
*************** response log start ***************
request method: POST
request originalUrl:  /food/page
request client ip:  null
request body: 
{"pageSize":100000}
response time: 0
response status: 200
response body: 
{"pageSize":100000}
*************** response log end ***************

[2021-11-26T15:03:40.414] [INFO] responseLog - 
*************** response log start ***************
request method: POST
request originalUrl:  /foodType/page
request client ip:  null
request body: 
{"pageSize":100000}
response time: 1
response status: 200
response body: 
{"pageSize":100000}
*************** response log end ***************

[2021-11-26T15:03:40.433] [INFO] responseLog - 
*************** response log start ***************
request method: POST
request originalUrl:  /payment/page
request client ip:  null
request body: 
{"pageSize":100000,"isDone":0,"username":"ceshi@ceshi.com"}
response time: 1
response status: 200
response body: 
{"pageSize":100000,"isDone":0,"username":"ceshi@ceshi.com"}
*************** response log end ***************

[2021-11-26T15:03:53.746] [INFO] responseLog - 
*************** response log start ***************
request method: POST
request originalUrl:  /payment/page
request client ip:  null
request body: 
{"pageNo":1,"pageSize":5}
response time: 1
response status: 200
response body: 
{"pageNo":1,"pageSize":5}
*************** response log end ***************

[2021-11-26T15:03:54.882] [INFO] responseLog - 
*************** response log start ***************
request method: POST
request originalUrl:  /payment/page
request client ip:  null
request body: 
{"pageNo":2,"pageSize":5}
response time: 1
response status: 200
response body: 
{"pageNo":2,"pageSize":5}
*************** response log end ***************

[2021-11-26T15:17:03.374] [INFO] responseLog - 
*************** response log start ***************
request method: POST
request originalUrl:  /payment/page
request client ip:  null
request body: 
{"pageNo":1,"pageSize":5}
response time: 0
response status: 200
response body: 
{"pageNo":1,"pageSize":5}
*************** response log end ***************

[2021-11-26T15:17:04.714] [INFO] responseLog - 
*************** response log start ***************
request method: POST
request originalUrl:  /payment/page
request client ip:  null
request body: 
{"pageNo":2,"pageSize":5}
response time: 1
response status: 200
response body: 
{"pageNo":2,"pageSize":5}
*************** response log end ***************

[2021-11-26T15:17:28.516] [INFO] responseLog - 
*************** response log start ***************
request method: POST
request originalUrl:  /foodType/page
request client ip:  null
request body: 
{"pageNo":1,"pageSize":5}
response time: 0
response status: 200
response body: 
{"pageNo":1,"pageSize":5}
*************** response log end ***************

[2021-11-26T15:17:29.927] [INFO] responseLog - 
*************** response log start ***************
request method: POST
request originalUrl:  /payment/export
request client ip:  null
request body: 
{}
response time: 1
response status: 200
response body: 
{}
*************** response log end ***************

