[2021-11-21T11:09:41.126] [INFO] responseLog - 
*************** response log start ***************
request method: POST
request originalUrl:  /user/login
request client ip:  null
request body: 
{"us":"ceshi@ceshi.com","ps":"ceshi"}
response time: 9
response status: 200
response body: 
{"us":"ceshi@ceshi.com","ps":"ceshi"}
*************** response log end ***************

[2021-11-21T11:09:41.225] [INFO] responseLog - 
*************** response log start ***************
request method: POST
request originalUrl:  /permit/menus
request client ip:  null
request body: 
{}
response time: 4
response status: 200
response body: 
{}
*************** response log end ***************

[2021-11-21T11:19:48.170] [INFO] responseLog - 
*************** response log start ***************
request method: POST
request originalUrl:  /user/login
request client ip:  null
request body: 
{"us":"ceshi@ceshi.com","ps":"ceshi"}
response time: 2
response status: 200
response body: 
{"us":"ceshi@ceshi.com","ps":"ceshi"}
*************** response log end ***************

[2021-11-21T11:19:49.439] [INFO] responseLog - 
*************** response log start ***************
request method: POST
request originalUrl:  /user/login
request client ip:  null
request body: 
{"us":"ceshi@ceshi.com","ps":"ceshi"}
response time: 1
response status: 200
response body: 
{"us":"ceshi@ceshi.com","ps":"ceshi"}
*************** response log end ***************

[2021-11-21T11:19:49.491] [INFO] responseLog - 
*************** response log start ***************
request method: POST
request originalUrl:  /food/page
request client ip:  null
request body: 
{"pageSize":100000}
response time: 2
response status: 200
response body: 
{"pageSize":100000}
*************** response log end ***************

[2021-11-21T11:19:49.609] [INFO] responseLog - 
*************** response log start ***************
request method: POST
request originalUrl:  /payment/page
request client ip:  null
request body: 
{"pageSize":100000,"username":"ceshi@ceshi.com"}
response time: 1
response status: 200
response body: 
{"pageSize":100000,"username":"ceshi@ceshi.com"}
*************** response log end ***************

[2021-11-21T11:23:48.144] [INFO] responseLog - 
*************** response log start ***************
request method: POST
request originalUrl:  /user/login
request client ip:  null
request body: 
{"us":"ceshi@ceshi.com","ps":"ceshi"}
response time: 1
response status: 200
response body: 
{"us":"ceshi@ceshi.com","ps":"ceshi"}
*************** response log end ***************

[2021-11-21T11:23:48.266] [INFO] responseLog - 
*************** response log start ***************
request method: POST
request originalUrl:  /food/page
request client ip:  null
request body: 
{"pageSize":100000}
response time: 1
response status: 200
response body: 
{"pageSize":100000}
*************** response log end ***************

[2021-11-21T11:23:48.292] [INFO] responseLog - 
*************** response log start ***************
request method: POST
request originalUrl:  /payment/page
request client ip:  null
request body: 
{"pageSize":100000,"username":"ceshi@ceshi.com"}
response time: 2
response status: 200
response body: 
{"pageSize":100000,"username":"ceshi@ceshi.com"}
*************** response log end ***************

[2021-11-21T11:41:40.094] [INFO] responseLog - 
*************** response log start ***************
request method: POST
request originalUrl:  /permit/list
request client ip:  null
request body: 
{}
response time: 1
response status: 200
response body: 
{}
*************** response log end ***************

[2021-11-21T11:41:40.319] [INFO] responseLog - 
*************** response log start ***************
request method: POST
request originalUrl:  /role/page
request client ip:  null
request body: 
{"pageNo":1,"pageSize":5}
response time: 1
response status: 200
response body: 
{"pageNo":1,"pageSize":5}
*************** response log end ***************

[2021-11-21T17:34:09.800] [INFO] responseLog - 
*************** response log start ***************
request method: POST
request originalUrl:  /user/login
request client ip:  null
request body: 
{"us":"ceshi@ceshi.com","ps":"ceshi"}
response time: 13
response status: 200
response body: 
{"us":"ceshi@ceshi.com","ps":"ceshi"}
*************** response log end ***************

[2021-11-21T17:34:09.857] [INFO] responseLog - 
*************** response log start ***************
request method: POST
request originalUrl:  /permit/menus
request client ip:  null
request body: 
{}
response time: 3
response status: 200
response body: 
{}
*************** response log end ***************

[2021-11-21T17:34:12.045] [INFO] responseLog - 
*************** response log start ***************
request method: POST
request originalUrl:  /food/page
request client ip:  null
request body: 
{"pageNo":1,"pageSize":5}
response time: 1
response status: 200
response body: 
{"pageNo":1,"pageSize":5}
*************** response log end ***************

[2021-11-21T21:32:56.850] [INFO] responseLog - 
*************** response log start ***************
request method: POST
request originalUrl:  /user/login
request client ip:  null
request body: 
{"us":"ceshi@ceshi.com","ps":"ceshi"}
response time: 12
response status: 200
response body: 
{"us":"ceshi@ceshi.com","ps":"ceshi"}
*************** response log end ***************

[2021-11-21T21:32:56.926] [INFO] responseLog - 
*************** response log start ***************
request method: POST
request originalUrl:  /permit/menus
request client ip:  null
request body: 
{}
response time: 3
response status: 200
response body: 
{}
*************** response log end ***************

[2021-11-21T21:32:59.018] [INFO] responseLog - 
*************** response log start ***************
request method: POST
request originalUrl:  /role/page
request client ip:  null
request body: 
{"pageNo":1,"pageSize":5}
response time: 1
response status: 200
response body: 
{"pageNo":1,"pageSize":5}
*************** response log end ***************

[2021-11-21T21:32:59.437] [INFO] responseLog - 
*************** response log start ***************
request method: POST
request originalUrl:  /permit/list
request client ip:  null
request body: 
{}
response time: 1
response status: 200
response body: 
{}
*************** response log end ***************

[2021-11-21T21:33:42.019] [INFO] responseLog - 
*************** response log start ***************
request method: POST
request originalUrl:  /permit/add
request client ip:  null
request body: 
{"name":"order","path":"order","fid":9,"level":0,"mark":""}
response time: 2
response status: 200
response body: 
{"name":"order","path":"order","fid":9,"level":0,"mark":""}
*************** response log end ***************

[2021-11-21T21:33:42.660] [INFO] responseLog - 
*************** response log start ***************
request method: POST
request originalUrl:  /permit/list
request client ip:  null
request body: 
{}
response time: 1
response status: 200
response body: 
{}
*************** response log end ***************

[2021-11-21T21:33:45.127] [INFO] responseLog - 
*************** response log start ***************
request method: POST
request originalUrl:  /permit/list
request client ip:  null
request body: 
{}
response time: 0
response status: 200
response body: 
{}
*************** response log end ***************

[2021-11-21T21:33:51.252] [INFO] responseLog - 
*************** response log start ***************
request method: POST
request originalUrl:  /user/login
request client ip:  null
request body: 
{"us":"ceshi@ceshi.com","ps":"ceshi"}
response time: 1
response status: 200
response body: 
{"us":"ceshi@ceshi.com","ps":"ceshi"}
*************** response log end ***************

[2021-11-21T21:33:51.307] [INFO] responseLog - 
*************** response log start ***************
request method: POST
request originalUrl:  /permit/menus
request client ip:  null
request body: 
{}
response time: 1
response status: 200
response body: 
{}
*************** response log end ***************

[2021-11-21T21:33:53.701] [INFO] responseLog - 
*************** response log start ***************
request method: POST
request originalUrl:  /food/page
request client ip:  null
request body: 
{"pageNo":1,"pageSize":5}
response time: 1
response status: 200
response body: 
{"pageNo":1,"pageSize":5}
*************** response log end ***************

[2021-11-21T21:33:55.698] [INFO] responseLog - 
*************** response log start ***************
request method: POST
request originalUrl:  /role/page
request client ip:  null
request body: 
{"pageNo":1,"pageSize":5}
response time: 0
response status: 200
response body: 
{"pageNo":1,"pageSize":5}
*************** response log end ***************

[2021-11-21T21:33:56.165] [INFO] responseLog - 
*************** response log start ***************
request method: POST
request originalUrl:  /permit/list
request client ip:  null
request body: 
{}
response time: 0
response status: 200
response body: 
{}
*************** response log end ***************

[2021-11-21T21:34:07.561] [INFO] responseLog - 
*************** response log start ***************
request method: POST
request originalUrl:  /permit/list
request client ip:  null
request body: 
{}
response time: 0
response status: 200
response body: 
{}
*************** response log end ***************

[2021-11-21T21:34:28.801] [INFO] responseLog - 
*************** response log start ***************
request method: POST
request originalUrl:  /permit/update
request client ip:  null
request body: 
{"id":17,"name":"order","fid":9,"path":"order","level":0,"mark":"order","sort":0,"_showChildren":true,"children":[],"_index":5,"_rowKey":17}
response time: 0
response status: 200
response body: 
{"id":17,"name":"order","fid":9,"path":"order","level":0,"mark":"order","sort":0,"_showChildren":true,"children":[],"_index":5,"_rowKey":17}
*************** response log end ***************

[2021-11-21T21:34:28.828] [INFO] responseLog - 
*************** response log start ***************
request method: POST
request originalUrl:  /permit/list
request client ip:  null
request body: 
{}
response time: 0
response status: 200
response body: 
{}
*************** response log end ***************

[2021-11-21T21:34:53.770] [INFO] responseLog - 
*************** response log start ***************
request method: POST
request originalUrl:  /permit/update
request client ip:  null
request body: 
{"id":17,"name":"order","fid":9,"path":"order","level":0,"mark":"order","sort":0,"_showChildren":true,"children":[],"_index":5,"_rowKey":17}
response time: 1
response status: 200
response body: 
{"id":17,"name":"order","fid":9,"path":"order","level":0,"mark":"order","sort":0,"_showChildren":true,"children":[],"_index":5,"_rowKey":17}
*************** response log end ***************

[2021-11-21T21:34:53.792] [INFO] responseLog - 
*************** response log start ***************
request method: POST
request originalUrl:  /permit/list
request client ip:  null
request body: 
{}
response time: 1
response status: 200
response body: 
{}
*************** response log end ***************

[2021-11-21T21:35:05.090] [INFO] responseLog - 
*************** response log start ***************
request method: POST
request originalUrl:  /user/login
request client ip:  null
request body: 
{"us":"ceshi@ceshi.com","ps":"ceshi"}
response time: 2
response status: 200
response body: 
{"us":"ceshi@ceshi.com","ps":"ceshi"}
*************** response log end ***************

[2021-11-21T21:35:05.107] [INFO] responseLog - 
*************** response log start ***************
request method: POST
request originalUrl:  /permit/menus
request client ip:  null
request body: 
{}
response time: 1
response status: 200
response body: 
{}
*************** response log end ***************

[2021-11-21T21:35:07.659] [INFO] responseLog - 
*************** response log start ***************
request method: POST
request originalUrl:  /role/page
request client ip:  null
request body: 
{}
response time: 0
response status: 200
response body: 
{}
*************** response log end ***************

[2021-11-21T21:35:07.671] [INFO] responseLog - 
*************** response log start ***************
request method: POST
request originalUrl:  /user/page
request client ip:  null
request body: 
{"pageNo":1,"pageSize":5}
response time: 1
response status: 200
response body: 
{"pageNo":1,"pageSize":5}
*************** response log end ***************

[2021-11-21T21:36:11.595] [INFO] responseLog - 
*************** response log start ***************
request method: POST
request originalUrl:  /user/login
request client ip:  null
request body: 
{"us":"ceshi@ceshi.com","ps":"ceshi"}
response time: 1
response status: 200
response body: 
{"us":"ceshi@ceshi.com","ps":"ceshi"}
*************** response log end ***************

[2021-11-21T21:36:11.613] [INFO] responseLog - 
*************** response log start ***************
request method: POST
request originalUrl:  /permit/menus
request client ip:  null
request body: 
{}
response time: 1
response status: 200
response body: 
{}
*************** response log end ***************

[2021-11-21T21:36:15.762] [INFO] responseLog - 
*************** response log start ***************
request method: POST
request originalUrl:  /role/page
request client ip:  null
request body: 
{}
response time: 0
response status: 200
response body: 
{}
*************** response log end ***************

[2021-11-21T21:36:15.779] [INFO] responseLog - 
*************** response log start ***************
request method: POST
request originalUrl:  /user/page
request client ip:  null
request body: 
{"pageNo":1,"pageSize":5}
response time: 3
response status: 200
response body: 
{"pageNo":1,"pageSize":5}
*************** response log end ***************

[2021-11-21T21:39:07.416] [INFO] responseLog - 
*************** response log start ***************
request method: GET
request originalUrl:  /
request client ip:  null
request query:  {}
response time: 4
response status: 404
response body: 
{}
*************** response log end ***************

[2021-11-21T21:39:08.716] [INFO] responseLog - 
*************** response log start ***************
request method: GET
request originalUrl:  /
request client ip:  null
request query:  {}
response time: 1
response status: 404
response body: 
{}
*************** response log end ***************

[2021-11-21T21:40:46.691] [INFO] responseLog - 
*************** response log start ***************
request method: POST
request originalUrl:  /permit/list
request client ip:  null
request body: 
{}
response time: 7
response status: 200
response body: 
{}
*************** response log end ***************

[2021-11-21T21:40:46.824] [INFO] responseLog - 
*************** response log start ***************
request method: POST
request originalUrl:  /role/page
request client ip:  null
request body: 
{"pageNo":1,"pageSize":5}
response time: 2
response status: 200
response body: 
{"pageNo":1,"pageSize":5}
*************** response log end ***************

[2021-11-21T21:40:51.868] [INFO] responseLog - 
*************** response log start ***************
request method: POST
request originalUrl:  /permit/list
request client ip:  null
request body: 
{}
response time: 1
response status: 200
response body: 
{}
*************** response log end ***************

[2021-11-21T21:40:55.048] [INFO] responseLog - 
*************** response log start ***************
request method: POST
request originalUrl:  /role/setPermits
request client ip:  null
request body: 
{"authIds":"1,14,15,2,3,4,16,13,17","roleId":24}
response time: 2
response status: 200
response body: 
{"authIds":"1,14,15,2,3,4,16,13,17","roleId":24}
*************** response log end ***************

[2021-11-21T21:41:18.714] [INFO] responseLog - 
*************** response log start ***************
request method: POST
request originalUrl:  /food/page
request client ip:  null
request body: 
{"pageNo":1,"pageSize":5}
response time: 2
response status: 200
response body: 
{"pageNo":1,"pageSize":5}
*************** response log end ***************

[2021-11-21T21:42:12.495] [INFO] responseLog - 
*************** response log start ***************
request method: POST
request originalUrl:  /permit/list
request client ip:  null
request body: 
{}
response time: 7
response status: 200
response body: 
{}
*************** response log end ***************

[2021-11-21T21:42:14.480] [INFO] responseLog - 
*************** response log start ***************
request method: POST
request originalUrl:  /role/setPermits
request client ip:  null
request body: 
{"authIds":"1,14,15,2,3,4,16,13,17","roleId":24}
response time: 3
response status: 200
response body: 
{"authIds":"1,14,15,2,3,4,16,13,17","roleId":24}
*************** response log end ***************

[2021-11-21T21:42:17.063] [INFO] responseLog - 
*************** response log start ***************
request method: POST
request originalUrl:  /role/setPermits
request client ip:  null
request body: 
{"authIds":"1,14,15,2,3,4,16,13,17","roleId":24}
response time: 0
response status: 200
response body: 
{"authIds":"1,14,15,2,3,4,16,13,17","roleId":24}
*************** response log end ***************

[2021-11-21T21:42:30.557] [INFO] responseLog - 
*************** response log start ***************
request method: POST
request originalUrl:  /role/page
request client ip:  null
request body: 
{"pageNo":1,"pageSize":5}
response time: 3
response status: 200
response body: 
{"pageNo":1,"pageSize":5}
*************** response log end ***************

[2021-11-21T21:42:31.759] [INFO] responseLog - 
*************** response log start ***************
request method: POST
request originalUrl:  /permit/list
request client ip:  null
request body: 
{}
response time: 1
response status: 200
response body: 
{}
*************** response log end ***************

[2021-11-21T21:42:34.507] [INFO] responseLog - 
*************** response log start ***************
request method: POST
request originalUrl:  /permit/list
request client ip:  null
request body: 
{}
response time: 1
response status: 200
response body: 
{}
*************** response log end ***************

[2021-11-21T21:42:36.111] [INFO] responseLog - 
*************** response log start ***************
request method: POST
request originalUrl:  /role/setPermits
request client ip:  null
request body: 
{"authIds":"1,14,15,2,3,4,16,13,17","roleId":24}
response time: 1
response status: 200
response body: 
{"authIds":"1,14,15,2,3,4,16,13,17","roleId":24}
*************** response log end ***************

[2021-11-21T21:42:37.190] [INFO] responseLog - 
*************** response log start ***************
request method: POST
request originalUrl:  /role/setPermits
request client ip:  null
request body: 
{"authIds":"1,14,15,2,3,4,16,13,17","roleId":24}
response time: 1
response status: 200
response body: 
{"authIds":"1,14,15,2,3,4,16,13,17","roleId":24}
*************** response log end ***************

[2021-11-21T21:43:23.361] [INFO] responseLog - 
*************** response log start ***************
request method: POST
request originalUrl:  /role/setPermits
request client ip:  null
request body: 
{"authIds":"1,14,15,2,3,4,16,13,17","roleId":24}
response time: 8
response status: 200
response body: 
{"authIds":"1,14,15,2,3,4,16,13,17","roleId":24}
*************** response log end ***************

[2021-11-21T21:43:23.417] [INFO] responseLog - 
*************** response log start ***************
request method: POST
request originalUrl:  /role/page
request client ip:  null
request body: 
{"pageNo":1,"pageSize":5}
response time: 2
response status: 200
response body: 
{"pageNo":1,"pageSize":5}
*************** response log end ***************

[2021-11-21T21:43:27.838] [INFO] responseLog - 
*************** response log start ***************
request method: POST
request originalUrl:  /role/page
request client ip:  null
request body: 
{"pageNo":1,"pageSize":5}
response time: 1
response status: 200
response body: 
{"pageNo":1,"pageSize":5}
*************** response log end ***************

[2021-11-21T21:43:31.387] [INFO] responseLog - 
*************** response log start ***************
request method: POST
request originalUrl:  /role/page
request client ip:  null
request body: 
{"pageNo":1,"pageSize":5}
response time: 1
response status: 200
response body: 
{"pageNo":1,"pageSize":5}
*************** response log end ***************

[2021-11-21T21:43:39.046] [INFO] responseLog - 
*************** response log start ***************
request method: POST
request originalUrl:  /user/login
request client ip:  null
request body: 
{"us":"ceshi@ceshi.com","ps":"ceshi"}
response time: 4
response status: 200
response body: 
{"us":"ceshi@ceshi.com","ps":"ceshi"}
*************** response log end ***************

[2021-11-21T21:43:39.067] [INFO] responseLog - 
*************** response log start ***************
request method: POST
request originalUrl:  /permit/menus
request client ip:  null
request body: 
{}
response time: 2
response status: 200
response body: 
{}
*************** response log end ***************

[2021-11-21T21:43:40.184] [INFO] responseLog - 
*************** response log start ***************
request method: POST
request originalUrl:  /food/page
request client ip:  null
request body: 
{"pageNo":1,"pageSize":5}
response time: 2
response status: 200
response body: 
{"pageNo":1,"pageSize":5}
*************** response log end ***************

[2021-11-21T21:45:58.225] [INFO] responseLog - 
*************** response log start ***************
request method: POST
request originalUrl:  /payment/page
request client ip:  null
request body: 
{"pageNo":1,"pageSize":5}
response time: 4
response status: 200
response body: 
{"pageNo":1,"pageSize":5}
*************** response log end ***************

[2021-11-21T21:46:04.200] [INFO] responseLog - 
*************** response log start ***************
request method: POST
request originalUrl:  /payment/page
request client ip:  null
request body: 
{"pageNo":1,"pageSize":5}
response time: 2
response status: 200
response body: 
{"pageNo":1,"pageSize":5}
*************** response log end ***************

[2021-11-21T21:46:05.223] [INFO] responseLog - 
*************** response log start ***************
request method: POST
request originalUrl:  /payment/page
request client ip:  null
request body: 
{"pageNo":1,"pageSize":5}
response time: 1
response status: 200
response body: 
{"pageNo":1,"pageSize":5}
*************** response log end ***************

[2021-11-21T21:46:08.403] [INFO] responseLog - 
*************** response log start ***************
request method: POST
request originalUrl:  /payment/page
request client ip:  null
request body: 
{"pageNo":1,"pageSize":5}
response time: 1
response status: 200
response body: 
{"pageNo":1,"pageSize":5}
*************** response log end ***************

[2021-11-21T21:49:05.024] [INFO] responseLog - 
*************** response log start ***************
request method: POST
request originalUrl:  /payment/page
request client ip:  null
request body: 
{"pageNo":1,"pageSize":5}
response time: 1
response status: 200
response body: 
{"pageNo":1,"pageSize":5}
*************** response log end ***************

[2021-11-21T21:49:13.289] [INFO] responseLog - 
*************** response log start ***************
request method: POST
request originalUrl:  /payment/page
request client ip:  null
request body: 
{"pageNo":1,"pageSize":5}
response time: 1
response status: 200
response body: 
{"pageNo":1,"pageSize":5}
*************** response log end ***************

[2021-11-21T21:49:16.417] [INFO] responseLog - 
*************** response log start ***************
request method: POST
request originalUrl:  /payment/page
request client ip:  null
request body: 
{"pageNo":1,"pageSize":5}
response time: 1
response status: 200
response body: 
{"pageNo":1,"pageSize":5}
*************** response log end ***************

[2021-11-21T21:49:25.011] [INFO] responseLog - 
*************** response log start ***************
request method: POST
request originalUrl:  /payment/page
request client ip:  null
request body: 
{"pageNo":1,"pageSize":5}
response time: 1
response status: 200
response body: 
{"pageNo":1,"pageSize":5}
*************** response log end ***************

[2021-11-21T21:49:28.755] [INFO] responseLog - 
*************** response log start ***************
request method: POST
request originalUrl:  /payment/page
request client ip:  null
request body: 
{"pageNo":1,"pageSize":5}
response time: 0
response status: 200
response body: 
{"pageNo":1,"pageSize":5}
*************** response log end ***************

[2021-11-21T21:49:54.636] [INFO] responseLog - 
*************** response log start ***************
request method: POST
request originalUrl:  /payment/page
request client ip:  null
request body: 
{"pageNo":1,"pageSize":5}
response time: 1
response status: 200
response body: 
{"pageNo":1,"pageSize":5}
*************** response log end ***************

[2021-11-21T21:52:34.138] [INFO] responseLog - 
*************** response log start ***************
request method: POST
request originalUrl:  /payment/page
request client ip:  null
request body: 
{"pageNo":1,"pageSize":5}
response time: 1
response status: 200
response body: 
{"pageNo":1,"pageSize":5}
*************** response log end ***************

[2021-11-21T21:52:52.001] [INFO] responseLog - 
*************** response log start ***************
request method: POST
request originalUrl:  /payment/page
request client ip:  null
request body: 
{"pageNo":1,"pageSize":5}
response time: 0
response status: 200
response body: 
{"pageNo":1,"pageSize":5}
*************** response log end ***************

[2021-11-21T21:54:33.252] [INFO] responseLog - 
*************** response log start ***************
request method: POST
request originalUrl:  /payment/page
request client ip:  null
request body: 
{"pageNo":1,"pageSize":5}
response time: 1
response status: 200
response body: 
{"pageNo":1,"pageSize":5}
*************** response log end ***************

[2021-11-21T21:54:59.764] [INFO] responseLog - 
*************** response log start ***************
request method: POST
request originalUrl:  /payment/page
request client ip:  null
request body: 
{"pageNo":1,"pageSize":5}
response time: 1
response status: 200
response body: 
{"pageNo":1,"pageSize":5}
*************** response log end ***************

[2021-11-21T21:55:33.197] [INFO] responseLog - 
*************** response log start ***************
request method: POST
request originalUrl:  /payment/page
request client ip:  null
request body: 
{"pageNo":1,"pageSize":5}
response time: 2
response status: 200
response body: 
{"pageNo":1,"pageSize":5}
*************** response log end ***************

[2021-11-21T21:55:52.676] [INFO] responseLog - 
*************** response log start ***************
request method: POST
request originalUrl:  /payment/page
request client ip:  null
request body: 
{"pageNo":1,"pageSize":5}
response time: 1
response status: 200
response body: 
{"pageNo":1,"pageSize":5}
*************** response log end ***************

[2021-11-21T21:57:09.877] [INFO] responseLog - 
*************** response log start ***************
request method: POST
request originalUrl:  /payment/page
request client ip:  null
request body: 
{"pageNo":1,"pageSize":5}
response time: 1
response status: 200
response body: 
{"pageNo":1,"pageSize":5}
*************** response log end ***************

[2021-11-21T21:57:10.970] [INFO] responseLog - 
*************** response log start ***************
request method: POST
request originalUrl:  /payment/page
request client ip:  null
request body: 
{"pageNo":1,"pageSize":5}
response time: 1
response status: 200
response body: 
{"pageNo":1,"pageSize":5}
*************** response log end ***************

[2021-11-21T21:58:37.272] [INFO] responseLog - 
*************** response log start ***************
request method: POST
request originalUrl:  /payment/page
request client ip:  null
request body: 
{"pageNo":1,"pageSize":5}
response time: 1
response status: 200
response body: 
{"pageNo":1,"pageSize":5}
*************** response log end ***************

[2021-11-21T21:58:42.262] [INFO] responseLog - 
*************** response log start ***************
request method: POST
request originalUrl:  /payment/page
request client ip:  null
request body: 
{"pageNo":1,"pageSize":5}
response time: 1
response status: 200
response body: 
{"pageNo":1,"pageSize":5}
*************** response log end ***************

[2021-11-21T22:00:51.637] [INFO] responseLog - 
*************** response log start ***************
request method: POST
request originalUrl:  /payment/page
request client ip:  null
request body: 
{"pageNo":1,"pageSize":5}
response time: 1
response status: 200
response body: 
{"pageNo":1,"pageSize":5}
*************** response log end ***************

[2021-11-21T22:01:26.510] [INFO] responseLog - 
*************** response log start ***************
request method: POST
request originalUrl:  /payment/page
request client ip:  null
request body: 
{"pageNo":1,"pageSize":5}
response time: 2
response status: 200
response body: 
{"pageNo":1,"pageSize":5}
*************** response log end ***************

[2021-11-21T22:02:34.461] [INFO] responseLog - 
*************** response log start ***************
request method: POST
request originalUrl:  /payment/page
request client ip:  null
request body: 
{"pageNo":1,"pageSize":5}
response time: 1
response status: 200
response body: 
{"pageNo":1,"pageSize":5}
*************** response log end ***************

[2021-11-21T22:03:20.324] [INFO] responseLog - 
*************** response log start ***************
request method: POST
request originalUrl:  /payment/page
request client ip:  null
request body: 
{"pageNo":1,"pageSize":5}
response time: 1
response status: 200
response body: 
{"pageNo":1,"pageSize":5}
*************** response log end ***************

[2021-11-21T22:10:01.156] [INFO] responseLog - 
*************** response log start ***************
request method: POST
request originalUrl:  /payment/page
request client ip:  null
request body: 
{"pageNo":1,"pageSize":5}
response time: 3
response status: 200
response body: 
{"pageNo":1,"pageSize":5}
*************** response log end ***************

[2021-11-21T22:11:42.583] [INFO] responseLog - 
*************** response log start ***************
request method: POST
request originalUrl:  /payment/page
request client ip:  null
request body: 
{"pageNo":1,"pageSize":5}
response time: 2
response status: 200
response body: 
{"pageNo":1,"pageSize":5}
*************** response log end ***************

[2021-11-21T22:12:14.173] [INFO] responseLog - 
*************** response log start ***************
request method: POST
request originalUrl:  /payment/page
request client ip:  null
request body: 
{"pageNo":1,"pageSize":5}
response time: 1
response status: 200
response body: 
{"pageNo":1,"pageSize":5}
*************** response log end ***************

